Using pre-set license
Built from '2022.2/staging' branch; Version is '2022.2.12f1 (022dac4955a3) revision 142764'; Using compiler version '192829333'; Build Type 'Release'
OS: 'Windows 11  (10.0.22621) 64bit Core' Language: 'ja' Physical Memory: 7831 MB
BatchMode: 1, IsHumanControllingUs: 0, StartBugReporterOnCrash: 0, Is64bit: 1, IsPro: 1

COMMAND LINE ARGUMENTS:
C:\Program Files\Unity\Hub\Editor\2022.2.12f1\Editor\Unity.exe
-adb2
-batchMode
-noUpm
-name
AssetImportWorker3
-projectPath
C:/3Dgame/NIR-A-game-/NIR-A-game-
-logFile
Logs/AssetImportWorker3.log
-srvPort
57290
Successfully changed project path to: C:/3Dgame/NIR-A-game-/NIR-A-game-
C:/3Dgame/NIR-A-game-/NIR-A-game-
[UnityMemory] Configuration Parameters - Can be set up in boot.config
    "memorysetup-bucket-allocator-granularity=16"
    "memorysetup-bucket-allocator-bucket-count=8"
    "memorysetup-bucket-allocator-block-size=33554432"
    "memorysetup-bucket-allocator-block-count=8"
    "memorysetup-main-allocator-block-size=16777216"
    "memorysetup-thread-allocator-block-size=16777216"
    "memorysetup-gfx-main-allocator-block-size=16777216"
    "memorysetup-gfx-thread-allocator-block-size=16777216"
    "memorysetup-cache-allocator-block-size=4194304"
    "memorysetup-typetree-allocator-block-size=2097152"
    "memorysetup-profiler-bucket-allocator-granularity=16"
    "memorysetup-profiler-bucket-allocator-bucket-count=8"
    "memorysetup-profiler-bucket-allocator-block-size=33554432"
    "memorysetup-profiler-bucket-allocator-block-count=8"
    "memorysetup-profiler-allocator-block-size=16777216"
    "memorysetup-profiler-editor-allocator-block-size=1048576"
    "memorysetup-temp-allocator-size-main=16777216"
    "memorysetup-job-temp-allocator-block-size=2097152"
    "memorysetup-job-temp-allocator-block-size-background=1048576"
    "memorysetup-job-temp-allocator-reduction-small-platforms=262144"
    "memorysetup-temp-allocator-size-background-worker=32768"
    "memorysetup-temp-allocator-size-job-worker=262144"
    "memorysetup-temp-allocator-size-preload-manager=33554432"
    "memorysetup-temp-allocator-size-nav-mesh-worker=65536"
    "memorysetup-temp-allocator-size-audio-worker=65536"
    "memorysetup-temp-allocator-size-cloud-worker=32768"
    "memorysetup-temp-allocator-size-gi-baking-worker=262144"
    "memorysetup-temp-allocator-size-gfx=262144"
Player connection [13476] Host "[IP] 192.168.11.2 [Port] 0 [Flags] 2 [Guid] 770708637 [EditorId] 770708637 [Version] 1048832 [Id] WindowsEditor(7,meganenomegane) [Debug] 1 [PackageName] WindowsEditor [ProjectName] Editor" joined multi-casting on [225.0.0.222:54997]...

Player connection [13476] Host "[IP] 192.168.11.2 [Port] 0 [Flags] 2 [Guid] 770708637 [EditorId] 770708637 [Version] 1048832 [Id] WindowsEditor(7,meganenomegane) [Debug] 1 [PackageName] WindowsEditor [ProjectName] Editor" joined alternative multi-casting on [225.0.0.222:34997]...

Refreshing native plugins compatible for Editor in 53.61 ms, found 7 plugins.
Preloading 0 native plugins for Editor in 0.00 ms.
Initialize engine version: 2022.2.12f1 (022dac4955a3)
[Subsystems] Discovering subsystems at path C:/Program Files/Unity/Hub/Editor/2022.2.12f1/Editor/Data/Resources/UnitySubsystems
[Subsystems] Discovering subsystems at path C:/3Dgame/NIR-A-game-/NIR-A-game-/Assets
GfxDevice: creating device client; threaded=0; jobified=0
Direct3D:
    Version:  Direct3D 11.0 [level 11.1]
    Renderer: Intel(R) Iris(R) Xe Graphics (ID=0x9a49)
    Vendor:   Intel
    VRAM:     3915 MB
    Driver:   31.0.101.4314
Shader 'IL3DN/Branch': fallback shader 'False' not found
Shader 'IL3DN/Leaf': fallback shader 'False' not found
Initialize mono
Mono path[0] = 'C:/Program Files/Unity/Hub/Editor/2022.2.12f1/Editor/Data/Managed'
Mono path[1] = 'C:/Program Files/Unity/Hub/Editor/2022.2.12f1/Editor/Data/MonoBleedingEdge/lib/mono/unityjit-win32'
Mono config path = 'C:/Program Files/Unity/Hub/Editor/2022.2.12f1/Editor/Data/MonoBleedingEdge/etc'
Using monoOptions --debugger-agent=transport=dt_socket,embedding=1,server=y,suspend=n,address=127.0.0.1:56468
Begin MonoManager ReloadAssembly
Registering precompiled unity dll's ...
Register platform support module: C:/Program Files/Unity/Hub/Editor/2022.2.12f1/Editor/Data/PlaybackEngines/WebGLSupport/UnityEditor.WebGL.Extensions.dll
Register platform support module: C:/Program Files/Unity/Hub/Editor/2022.2.12f1/Editor/Data/PlaybackEngines/AndroidPlayer/UnityEditor.Android.Extensions.dll
Register platform support module: C:/Program Files/Unity/Hub/Editor/2022.2.12f1/Editor/Data/PlaybackEngines/WindowsStandaloneSupport/UnityEditor.WindowsStandalone.Extensions.dll
Registered in 0.039763 seconds.
- Loaded All Assemblies, in  3.247 seconds
Native extension for WindowsStandalone target not found
Native extension for Android target not found
Android Extension - Scanning For ADB Devices 1070 ms
Native extension for WebGL target not found
Mono: successfully reloaded assembly
- Finished resetting the current domain, in  2.074 seconds
Domain Reload Profiling:
	ReloadAssembly (2542ms)
		BeginReloadAssembly (2054ms)
			ExecutionOrderSort (3ms)
			DisableScriptedObjects (0ms)
			BackupInstance (0ms)
			ReleaseScriptingObjects (0ms)
			CreateAndSetChildDomain (7ms)
		LoadAllAssembliesAndSetupDomain (0ms)
			LoadAssemblies (1982ms)
			RebuildTransferFunctionScriptingTraits (0ms)
			SetupTypeCache (673ms)
				TypeCache.Initialize (668ms)
					TypeCache.ScanAssembly (662ms)
				ResolveRequiredComponents (3ms)
		FinalizeReload (0ms)
			ReleaseScriptCaches (0ms)
			RebuildScriptCaches (0ms)
			SetupLoadedEditorAssemblies (1857ms)
				LogAssemblyErrors (0ms)
				InitializePlatformSupportModulesInManaged (1450ms)
				SetLoadedEditorAssemblies (9ms)
				RefreshPlugins (0ms)
				BeforeProcessingInitializeOnLoad (3ms)
				ProcessInitializeOnLoadAttributes (297ms)
				ProcessInitializeOnLoadMethodAttributes (97ms)
				AfterProcessingInitializeOnLoad (0ms)
				EditorAssembliesLoaded (1ms)
			ExecutionOrderSort2 (0ms)
			AwakeInstancesAfterBackupRestoration (0ms)
========================================================================
Worker process is ready to serve import requests
Begin MonoManager ReloadAssembly
Symbol file LoadedFromMemory doesn't match image C:\3Dgame\NIR-A-game-\NIR-A-game-\Library\PackageCache\com.unity.visualscripting@1.8.0\Editor\VisualScripting.Core\Dependencies\YamlDotNet\Unity.VisualScripting.YamlDotNet.dll
Symbol file LoadedFromMemory doesn't match image C:\3Dgame\NIR-A-game-\NIR-A-game-\Library\PackageCache\com.unity.visualscripting@1.8.0\Editor\VisualScripting.Core\Dependencies\DotNetZip\Unity.VisualScripting.IonicZip.dll
- Loaded All Assemblies, in  4.001 seconds
Refreshing native plugins compatible for Editor in 85.45 ms, found 7 plugins.
Native extension for WindowsStandalone target not found
Native extension for Android target not found
Native extension for WebGL target not found
[MODES] ModeService[none].Initialize
[MODES] ModeService[none].LoadModes
[MODES] Loading mode Default (0) for mode-current-id-New main project
Mono: successfully reloaded assembly
- Finished resetting the current domain, in  6.132 seconds
Domain Reload Profiling:
	ReloadAssembly (1018ms)
		BeginReloadAssembly (752ms)
			ExecutionOrderSort (0ms)
			DisableScriptedObjects (60ms)
			BackupInstance (0ms)
			ReleaseScriptingObjects (6ms)
			CreateAndSetChildDomain (133ms)
		LoadAllAssembliesAndSetupDomain (2993ms)
			LoadAssemblies (2013ms)
			RebuildTransferFunctionScriptingTraits (0ms)
			SetupTypeCache (1269ms)
				TypeCache.Initialize (993ms)
					TypeCache.ScanAssembly (966ms)
				ResolveRequiredComponents (84ms)
		FinalizeReload (0ms)
			ReleaseScriptCaches (0ms)
			RebuildScriptCaches (0ms)
			SetupLoadedEditorAssemblies (4318ms)
				LogAssemblyErrors (0ms)
				InitializePlatformSupportModulesInManaged (93ms)
				SetLoadedEditorAssemblies (13ms)
				RefreshPlugins (0ms)
				BeforeProcessingInitializeOnLoad (260ms)
				ProcessInitializeOnLoadAttributes (3251ms)
				ProcessInitializeOnLoadMethodAttributes (642ms)
				AfterProcessingInitializeOnLoad (58ms)
				EditorAssembliesLoaded (2ms)
			ExecutionOrderSort2 (0ms)
			AwakeInstancesAfterBackupRestoration (31ms)
Shader 'IL3DN/Leaf': fallback shader 'False' not found
Shader 'IL3DN/Branch': fallback shader 'False' not found
Launched and connected shader compiler UnityShaderCompiler.exe after 0.21 seconds
Refreshing native plugins compatible for Editor in 17.21 ms, found 7 plugins.
Preloading 0 native plugins for Editor in 0.00 ms.
Unloading 7056 Unused Serialized files (Serialized files now loaded: 0)
Unloading 128 unused Assets / (2.4 MB). Loaded Objects now: 7514.
Memory consumption went from 299.5 MB to 297.1 MB.
Total: 20.281100 ms (FindLiveObjects: 3.502400 ms CreateObjectMapping: 0.584800 ms MarkObjects: 14.407800 ms  DeleteObjects: 1.781900 ms)

AssetImportParameters requested are different than current active one (requested -> active):
  custom:container-demuxer-ogg: 62fdf1f143b41e24485cea50d1cbac27 -> 
  custom:framework-win-MediaFoundation: 216162199b28c13a410421893ffa2e32 -> 
  custom:container-muxer-webm: aa71ff27fc2769a1b78a27578f13a17b -> 
  custom:video-decoder-webm-vp8: 9c59270c3fd7afecdb556c50c9e8de78 -> 
  custom:AudioImporter_EditorPlatform: d09bf68614088b80899f8185d706f6e7 -> 
  custom:audio-decoder-ogg-vorbis: bf7c407c2cedff20999df2af8eb42d56 -> 
  custom:audio-encoder-webm-vorbis: bf7c407c2cedff20999df2af8eb42d56 -> 
  custom:video-codec-MediaFoundation-h265: 746d11721c4dcdbdad8f713fa42b33f4 -> 
  custom:video-decoder-ogg-theora: a1e56fd34408186e4bbccfd4996cb3dc -> 
  custom:container-demuxer-webm: 4f35f7cbe854078d1ac9338744f61a02 -> 
  custom:video-encoder-webm-vp8: eb34c28f22e8b96e1ab97ce403110664 -> 
========================================================================
Received Import Request.
  Time since last request: 86452.624749 seconds.
  path: Assets/Effekseer/Example/Effects/Simple_Ribbon_Parent.asset
  artifactKey: Guid(628133e03b53f0342ab038ed98cab945) Importer(815301076,1909f56bfc062723c751e8b465ee728b)
Start importing Assets/Effekseer/Example/Effects/Simple_Ribbon_Parent.asset using Guid(628133e03b53f0342ab038ed98cab945) Importer(815301076,1909f56bfc062723c751e8b465ee728b)  -> (artifact id: '9a88fa28a46fada96c8c4665df51bb3d') in 0.152758 seconds 
Number of updated asset objects reloaded before import = 0
Number of asset objects unloaded after import = 2
========================================================================
Received Import Request.
  Time since last request: 0.000508 seconds.
  path: Assets/EffekseerSettings.asset
  artifactKey: Guid(6256342802bbc624bb7af9d391674f92) Importer(815301076,1909f56bfc062723c751e8b465ee728b)
Start importing Assets/EffekseerSettings.asset using Guid(6256342802bbc624bb7af9d391674f92) Importer(815301076,1909f56bfc062723c751e8b465ee728b)  -> (artifact id: '155cf122bc946f271927f5868294c5da') in 0.003302 seconds 
Number of updated asset objects reloaded before import = 0
Number of asset objects unloaded after import = 1
========================================================================
Received Import Request.
  Time since last request: 0.000294 seconds.
  path: Assets/Effekseer/Example/Effects/雷3.asset
  artifactKey: Guid(be7f2f94c16b27c46abf8b5713773afd) Importer(815301076,1909f56bfc062723c751e8b465ee728b)
Start importing Assets/Effekseer/Example/Effects/雷3.asset using Guid(be7f2f94c16b27c46abf8b5713773afd) Importer(815301076,1909f56bfc062723c751e8b465ee728b)  -> (artifact id: 'ec9f305309dd8b7560a0bb92e1f26d6a') in 0.003882 seconds 
Number of updated asset objects reloaded before import = 0
Number of asset objects unloaded after import = 1
========================================================================
Received Import Request.
  Time since last request: 0.000521 seconds.
  path: Assets/Scenes/NewLayer 3.terrainlayer
  artifactKey: Guid(30fbe819100630d419e2be42f9e61d37) Importer(815301076,1909f56bfc062723c751e8b465ee728b)
Start importing Assets/Scenes/NewLayer 3.terrainlayer using Guid(30fbe819100630d419e2be42f9e61d37) Importer(815301076,1909f56bfc062723c751e8b465ee728b)  -> (artifact id: '7b982b57a5add544e6c112b40406b997') in 0.148560 seconds 
Number of updated asset objects reloaded before import = 0
Number of asset objects unloaded after import = 2
========================================================================
Received Import Request.
  Time since last request: 0.000049 seconds.
  path: Assets/Effekseer/Example/Effects/ヒットエフェクト候補.asset
  artifactKey: Guid(5810a588862d6e841bf8c0b07f17d593) Importer(815301076,1909f56bfc062723c751e8b465ee728b)
Start importing Assets/Effekseer/Example/Effects/ヒットエフェクト候補.asset using Guid(5810a588862d6e841bf8c0b07f17d593) Importer(815301076,1909f56bfc062723c751e8b465ee728b)  -> (artifact id: '2cf1952b695c4a76dcc6afa648d8f565') in 0.048844 seconds 
Number of updated asset objects reloaded before import = 0
Number of asset objects unloaded after import = 6
========================================================================
Received Import Request.
  Time since last request: 0.000042 seconds.
  path: Assets/Scenes/NewBrush.brush
  artifactKey: Guid(6220f2896fba4534f94b0e58150063e3) Importer(815301076,1909f56bfc062723c751e8b465ee728b)
Start importing Assets/Scenes/NewBrush.brush using Guid(6220f2896fba4534f94b0e58150063e3) Importer(815301076,1909f56bfc062723c751e8b465ee728b)  -> (artifact id: 'cf6072091807b8f6f493dda58ec45889') in 0.048614 seconds 
Number of updated asset objects reloaded before import = 0
Number of asset objects unloaded after import = 1
========================================================================
Received Import Request.
  Time since last request: 0.000026 seconds.
  path: Assets/NewShaderVariants.shadervariants
  artifactKey: Guid(78701776a9bf0ed4d8e0db24d3de9bf2) Importer(815301076,1909f56bfc062723c751e8b465ee728b)
Start importing Assets/NewShaderVariants.shadervariants using Guid(78701776a9bf0ed4d8e0db24d3de9bf2) Importer(815301076,1909f56bfc062723c751e8b465ee728b)  -> (artifact id: '98564086b4e5f6f930ca79b0f9b31b26') in 0.013352 seconds 
Number of updated asset objects reloaded before import = 0
Number of asset objects unloaded after import = 1
========================================================================
Received Import Request.
  Time since last request: 0.000213 seconds.
  path: Assets/Effekseer/Example/Effects/ジャスト回避エフェクト.asset
  artifactKey: Guid(b3947e9591f34c544a85a51fd8eb4064) Importer(815301076,1909f56bfc062723c751e8b465ee728b)
Start importing Assets/Effekseer/Example/Effects/ジャスト回避エフェクト.asset using Guid(b3947e9591f34c544a85a51fd8eb4064) Importer(815301076,1909f56bfc062723c751e8b465ee728b)  -> (artifact id: 'bbd2040fae99c79fb048d849db79ff7a') in 0.036727 seconds 
Number of updated asset objects reloaded before import = 0
Number of asset objects unloaded after import = 5
========================================================================
Received Import Request.
  Time since last request: 0.000036 seconds.
  path: Assets/Effekseer/Example/Effects/目的地エフェクト.asset
  artifactKey: Guid(099713d85766c2e46b43e52473f8395a) Importer(815301076,1909f56bfc062723c751e8b465ee728b)
Start importing Assets/Effekseer/Example/Effects/目的地エフェクト.asset using Guid(099713d85766c2e46b43e52473f8395a) Importer(815301076,1909f56bfc062723c751e8b465ee728b)  -> (artifact id: 'e29e867d837df0ada337d984aa96cefa') in 0.033784 seconds 
Number of updated asset objects reloaded before import = 0
Number of asset objects unloaded after import = 5
========================================================================
Received Import Request.
  Time since last request: 0.000033 seconds.
  path: Assets/Effekseer/Example/Effects/鎌　通常攻撃.asset
  artifactKey: Guid(3cd458614549b30418be37756c9e7d4c) Importer(815301076,1909f56bfc062723c751e8b465ee728b)
Start importing Assets/Effekseer/Example/Effects/鎌　通常攻撃.asset using Guid(3cd458614549b30418be37756c9e7d4c) Importer(815301076,1909f56bfc062723c751e8b465ee728b)  -> (artifact id: 'cd087e7f657d9e502680e10ba53dc7b5') in 0.030138 seconds 
Number of updated asset objects reloaded before import = 0
Number of asset objects unloaded after import = 4
========================================================================
Received Import Request.
  Time since last request: 0.000060 seconds.
  path: Assets/Effekseer/Example/Effects/攻撃のため.asset
  artifactKey: Guid(526f10f0f3e61854ab57f9acfc45f3cb) Importer(815301076,1909f56bfc062723c751e8b465ee728b)
Start importing Assets/Effekseer/Example/Effects/攻撃のため.asset using Guid(526f10f0f3e61854ab57f9acfc45f3cb) Importer(815301076,1909f56bfc062723c751e8b465ee728b)  -> (artifact id: '12353c98304d68c5260373d9a726ba3c') in 0.004691 seconds 
Number of updated asset objects reloaded before import = 0
Number of asset objects unloaded after import = 1
========================================================================
Received Import Request.
  Time since last request: 0.000294 seconds.
  path: Assets/MainAudioMixer.mixer
  artifactKey: Guid(5c78cf1641130bb468627c963457ebb8) Importer(815301076,1909f56bfc062723c751e8b465ee728b)
Start importing Assets/MainAudioMixer.mixer using Guid(5c78cf1641130bb468627c963457ebb8) Importer(815301076,1909f56bfc062723c751e8b465ee728b)  -> (artifact id: 'd21e34c383de8fc6beaaad18460819e9') in 0.009508 seconds 
Number of updated asset objects reloaded before import = 0
Number of asset objects unloaded after import = 8
========================================================================
Received Import Request.
  Time since last request: 0.000064 seconds.
  path: Assets/Effekseer/Example/Effects/特殊攻撃.asset
  artifactKey: Guid(0931fc6ba524a5042921b0274de52c35) Importer(815301076,1909f56bfc062723c751e8b465ee728b)
Start importing Assets/Effekseer/Example/Effects/特殊攻撃.asset using Guid(0931fc6ba524a5042921b0274de52c35) Importer(815301076,1909f56bfc062723c751e8b465ee728b)  -> (artifact id: 'db9c80fd8ef6965fa1dc012bd75d7f57') in 0.005453 seconds 
Number of updated asset objects reloaded before import = 0
Number of asset objects unloaded after import = 1
========================================================================
Received Import Request.
  Time since last request: 0.000027 seconds.
  path: Assets/New Terrain 2.asset
  artifactKey: Guid(c38649c5031da194bae41850c165750c) Importer(815301076,1909f56bfc062723c751e8b465ee728b)
Start importing Assets/New Terrain 2.asset using Guid(c38649c5031da194bae41850c165750c) Importer(815301076,1909f56bfc062723c751e8b465ee728b)  -> (artifact id: '1b3f055736144172e39fc83af114f4f8') in 0.119673 seconds 
Number of updated asset objects reloaded before import = 0
Number of asset objects unloaded after import = 3
========================================================================
Received Import Request.
  Time since last request: 0.000035 seconds.
  path: Assets/Effekseer/Example/Effects/連続爆発.asset
  artifactKey: Guid(5751f2c5cdd6e2a4c9ade72b24a8ceed) Importer(815301076,1909f56bfc062723c751e8b465ee728b)
Start importing Assets/Effekseer/Example/Effects/連続爆発.asset using Guid(5751f2c5cdd6e2a4c9ade72b24a8ceed) Importer(815301076,1909f56bfc062723c751e8b465ee728b)  -> (artifact id: '6ec4cb2597836b3f1c5febea781144e6') in 0.060143 seconds 
Number of updated asset objects reloaded before import = 0
Number of asset objects unloaded after import = 6
========================================================================
Received Import Request.
  Time since last request: 0.000072 seconds.
  path: Assets/Effekseer/Example/Effects/片手剣通常攻撃改良版.asset
  artifactKey: Guid(85b696eaa66b07a48a4c1ffffed62742) Importer(815301076,1909f56bfc062723c751e8b465ee728b)
Start importing Assets/Effekseer/Example/Effects/片手剣通常攻撃改良版.asset using Guid(85b696eaa66b07a48a4c1ffffed62742) Importer(815301076,1909f56bfc062723c751e8b465ee728b)  -> (artifact id: '3d63176585640e5d0fbac38e0714c84d') in 0.042725 seconds 
Number of updated asset objects reloaded before import = 0
Number of asset objects unloaded after import = 3
========================================================================
Received Import Request.
  Time since last request: 0.000062 seconds.
  path: Assets/Effekseer/Example/Effects/レーザー　青.asset
  artifactKey: Guid(fa1ae124237cd194fb3126ca83401351) Importer(815301076,1909f56bfc062723c751e8b465ee728b)
Start importing Assets/Effekseer/Example/Effects/レーザー　青.asset using Guid(fa1ae124237cd194fb3126ca83401351) Importer(815301076,1909f56bfc062723c751e8b465ee728b)  -> (artifact id: 'f47aa846be08cc067e8f91f094da99f7') in 0.020144 seconds 
Number of updated asset objects reloaded before import = 0
Number of asset objects unloaded after import = 6
========================================================================
Received Import Request.
  Time since last request: 0.000046 seconds.
  path: Assets/New Terrain.asset
  artifactKey: Guid(8b59fd4386582a646bd443dbdcf49a63) Importer(815301076,1909f56bfc062723c751e8b465ee728b)
Start importing Assets/New Terrain.asset using Guid(8b59fd4386582a646bd443dbdcf49a63) Importer(815301076,1909f56bfc062723c751e8b465ee728b)  -> (artifact id: 'fce7e45e728bbefcd5bd55ac76138ae4') in 0.010437 seconds 
Number of updated asset objects reloaded before import = 0
Number of asset objects unloaded after import = 1
========================================================================
Received Import Request.
  Time since last request: 0.000083 seconds.
  path: Assets/Scenes/untitled.fbx
  artifactKey: Guid(7c0ff3b94a2f09d4c96337b3b4eb4951) Importer(815301076,1909f56bfc062723c751e8b465ee728b)
Start importing Assets/Scenes/untitled.fbx using Guid(7c0ff3b94a2f09d4c96337b3b4eb4951) Importer(815301076,1909f56bfc062723c751e8b465ee728b)  -> (artifact id: '64a10374c1a77e41411e0f08a0554b9f') in 2.389954 seconds 
Number of updated asset objects reloaded before import = 0
Number of asset objects unloaded after import = 9
========================================================================
Received Import Request.
  Time since last request: 0.000080 seconds.
  path: Assets/Dragon_Nor.jpg
  artifactKey: Guid(41de6fd8d1af0a041a58abea6207203c) Importer(815301076,1909f56bfc062723c751e8b465ee728b)
Start importing Assets/Dragon_Nor.jpg using Guid(41de6fd8d1af0a041a58abea6207203c) Importer(815301076,1909f56bfc062723c751e8b465ee728b)  -> (artifact id: 'ba68f5e9573ced9012b094e03b50b357') in 0.115479 seconds 
Number of updated asset objects reloaded before import = 0
Number of asset objects unloaded after import = 2
========================================================================
Received Import Request.
  Time since last request: 0.005924 seconds.
  path: Assets/Effekseer/Example/Effects/2.asset
  artifactKey: Guid(8ce84c35fd5334642942c34fa1afef6b) Importer(815301076,1909f56bfc062723c751e8b465ee728b)
Start importing Assets/Effekseer/Example/Effects/2.asset using Guid(8ce84c35fd5334642942c34fa1afef6b) Importer(815301076,1909f56bfc062723c751e8b465ee728b)  -> (artifact id: 'a10b377da22b16ba84e8fb8790e0d0d5') in 0.003274 seconds 
Number of updated asset objects reloaded before import = 0
Number of asset objects unloaded after import = 1
========================================================================
Received Import Request.
  Time since last request: 0.000206 seconds.
  path: Assets/NewLayer 2.terrainlayer
  artifactKey: Guid(dd38cc2381a5f374e9a08843315ae3c4) Importer(815301076,1909f56bfc062723c751e8b465ee728b)
Start importing Assets/NewLayer 2.terrainlayer using Guid(dd38cc2381a5f374e9a08843315ae3c4) Importer(815301076,1909f56bfc062723c751e8b465ee728b)  -> (artifact id: '295ec3e5724f1a275e28c0e25d2aa4f1') in 0.054303 seconds 
Number of updated asset objects reloaded before import = 0
Number of asset objects unloaded after import = 2
========================================================================
Received Import Request.
  Time since last request: 0.000240 seconds.
  path: Assets/NewLayer 7.terrainlayer
  artifactKey: Guid(460ac28d1de79094da41b81b45c2484a) Importer(815301076,1909f56bfc062723c751e8b465ee728b)
Start importing Assets/NewLayer 7.terrainlayer using Guid(460ac28d1de79094da41b81b45c2484a) Importer(815301076,1909f56bfc062723c751e8b465ee728b)  -> (artifact id: '8765d9a07bef329f71e0117bcb6c3c32') in 0.082911 seconds 
Number of updated asset objects reloaded before import = 0
Number of asset objects unloaded after import = 4
========================================================================
Received Import Request.
  Time since last request: 0.000039 seconds.
  path: Assets/Effekseer/Example/Effects/地面衝突.asset
  artifactKey: Guid(faea57db1f6bd2240911683db9af814d) Importer(815301076,1909f56bfc062723c751e8b465ee728b)
Start importing Assets/Effekseer/Example/Effects/地面衝突.asset using Guid(faea57db1f6bd2240911683db9af814d) Importer(815301076,1909f56bfc062723c751e8b465ee728b)  -> (artifact id: 'c5b8a6a37a9010041227c504dad12eea') in 0.079299 seconds 
Number of updated asset objects reloaded before import = 0
Number of asset objects unloaded after import = 8
========================================================================
Received Import Request.
  Time since last request: 0.000050 seconds.
  path: Assets/Scenes
  artifactKey: Guid(9c53962885c2c4f449125a979d6ad240) Importer(815301076,1909f56bfc062723c751e8b465ee728b)
Start importing Assets/Scenes using Guid(9c53962885c2c4f449125a979d6ad240) Importer(815301076,1909f56bfc062723c751e8b465ee728b)  -> (artifact id: 'b67c7cdfc0bfda8611ca31255ae5750d') in 0.002941 seconds 
Number of updated asset objects reloaded before import = 0
Number of asset objects unloaded after import = 0
========================================================================
Received Import Request.
  Time since last request: 0.000906 seconds.
  path: Assets/Scenes/四天王戦 1.unity
  artifactKey: Guid(5daa4af26a3fa8d4baf1857cbccec1cc) Importer(815301076,1909f56bfc062723c751e8b465ee728b)
Start importing Assets/Scenes/四天王戦 1.unity using Guid(5daa4af26a3fa8d4baf1857cbccec1cc) Importer(815301076,1909f56bfc062723c751e8b465ee728b)  -> (artifact id: 'b78fdce122ad912d542b9aed5e55de62') in 0.002008 seconds 
Number of updated asset objects reloaded before import = 0
Number of asset objects unloaded after import = 0
========================================================================
Received Prepare
Begin MonoManager ReloadAssembly
Symbol file LoadedFromMemory doesn't match image C:\3Dgame\NIR-A-game-\NIR-A-game-\Library\PackageCache\com.unity.visualscripting@1.8.0\Editor\VisualScripting.Core\Dependencies\YamlDotNet\Unity.VisualScripting.YamlDotNet.dll
Symbol file LoadedFromMemory doesn't match image C:\3Dgame\NIR-A-game-\NIR-A-game-\Library\PackageCache\com.unity.visualscripting@1.8.0\Editor\VisualScripting.Core\Dependencies\DotNetZip\Unity.VisualScripting.IonicZip.dll
- Loaded All Assemblies, in  5.612 seconds
Refreshing native plugins compatible for Editor in 7.82 ms, found 7 plugins.
Native extension for WindowsStandalone target not found
Native extension for Android target not found
Native extension for WebGL target not found
[MODES] ModeService[none].Initialize
[MODES] ModeService[none].LoadModes
[MODES] Loading mode Default (0) for mode-current-id-New main project
Error saving file Library/StateCache/LayerSettings/9e/9ecc5c3c162a7aba29bafa64c8b94b7c.json. Error: System.IO.IOException: Sharing violation on path C:\3Dgame\NIR-A-game-\NIR-A-game-\Library\StateCache\LayerSettings\9e\9ecc5c3c162a7aba29bafa64c8b94b7c.json
  at System.IO.FileStream..ctor (System.String path, System.IO.FileMode mode, System.IO.FileAccess access, System.IO.FileShare share, System.Int32 bufferSize, System.Boolean anonymous, System.IO.FileOptions options) [0x0019e] in <27586baf39bf4babbfd8a2caabe8e228>:0 
  at System.IO.FileStream..ctor (System.String path, System.IO.FileMode mode, System.IO.FileAccess access, System.IO.FileShare share, System.Int32 bufferSize, System.IO.FileOptions options) [0x00000] in <27586baf39bf4babbfd8a2caabe8e228>:0 
  at (wrapper remoting-invoke-with-check) System.IO.FileStream..ctor(string,System.IO.FileMode,System.IO.FileAccess,System.IO.FileShare,int,System.IO.FileOptions)
  at System.IO.StreamWriter..ctor (System.String path, System.Boolean append, System.Text.Encoding encoding, System.Int32 bufferSize) [0x00055] in <27586baf39bf4babbfd8a2caabe8e228>:0 
  at System.IO.StreamWriter..ctor (System.String path, System.Boolean append, System.Text.Encoding encoding) [0x00000] in <27586baf39bf4babbfd8a2caabe8e228>:0 
  at (wrapper remoting-invoke-with-check) System.IO.StreamWriter..ctor(string,bool,System.Text.Encoding)
  at System.IO.File.WriteAllText (System.String path, System.String contents, System.Text.Encoding encoding) [0x00034] in <27586baf39bf4babbfd8a2caabe8e228>:0 
  at UnityEditor.StateCache`1[T].SetState (UnityEngine.Hash128 key, T obj) [0x0004b] in <ae93fefe62eb49e6b9ef3807ffd33dc7>:0 
UnityEngine.StackTraceUtility:ExtractStackTrace ()
UnityEngine.DebugLogHandler:LogFormat (UnityEngine.LogType,UnityEngine.Object,string,object[])
UnityEngine.Logger:Log (UnityEngine.LogType,object)
UnityEngine.Debug:LogError (object)
UnityEditor.StateCache`1<UnityEditor.Tools/LayerSettings>:SetState (UnityEngine.Hash128,UnityEditor.Tools/LayerSettings)
UnityEditor.Tools:set_lockedLayers (int)
UnityEditor.Tools:OnEnable ()

Mono: successfully reloaded assembly
- Finished resetting the current domain, in  3.350 seconds
Domain Reload Profiling:
	ReloadAssembly (1838ms)
		BeginReloadAssembly (1685ms)
			ExecutionOrderSort (0ms)
			DisableScriptedObjects (229ms)
			BackupInstance (0ms)
			ReleaseScriptingObjects (2ms)
			CreateAndSetChildDomain (1032ms)
		LoadAllAssembliesAndSetupDomain (3771ms)
			LoadAssemblies (3564ms)
			RebuildTransferFunctionScriptingTraits (0ms)
			SetupTypeCache (444ms)
				TypeCache.Initialize (388ms)
					TypeCache.ScanAssembly (363ms)
				ResolveRequiredComponents (30ms)
		FinalizeReload (0ms)
			ReleaseScriptCaches (0ms)
			RebuildScriptCaches (0ms)
			SetupLoadedEditorAssemblies (999ms)
				LogAssemblyErrors (0ms)
				InitializePlatformSupportModulesInManaged (24ms)
				SetLoadedEditorAssemblies (4ms)
				RefreshPlugins (0ms)
				BeforeProcessingInitializeOnLoad (73ms)
				ProcessInitializeOnLoadAttributes (822ms)
				ProcessInitializeOnLoadMethodAttributes (70ms)
				AfterProcessingInitializeOnLoad (5ms)
				EditorAssembliesLoaded (1ms)
			ExecutionOrderSort2 (0ms)
			AwakeInstancesAfterBackupRestoration (29ms)
Shader 'IL3DN/Leaf': fallback shader 'False' not found
Shader 'IL3DN/Branch': fallback shader 'False' not found
Refreshing native plugins compatible for Editor in 8.65 ms, found 7 plugins.
Preloading 0 native plugins for Editor in 0.00 ms.
Unloading 6785 Unused Serialized files (Serialized files now loaded: 0)
Unloading 77 unused Assets / (2.3 MB). Loaded Objects now: 7614.
Memory consumption went from 248.6 MB to 246.2 MB.
Total: 9.272800 ms (FindLiveObjects: 0.843000 ms CreateObjectMapping: 0.696600 ms MarkObjects: 6.449900 ms  DeleteObjects: 1.281300 ms)

Prepare: number of updated asset objects reloaded= 0
AssetImportParameters requested are different than current active one (requested -> active):
  custom:container-demuxer-ogg: 62fdf1f143b41e24485cea50d1cbac27 -> 
  custom:framework-win-MediaFoundation: 216162199b28c13a410421893ffa2e32 -> 
  custom:container-muxer-webm: aa71ff27fc2769a1b78a27578f13a17b -> 
  custom:video-decoder-webm-vp8: 9c59270c3fd7afecdb556c50c9e8de78 -> 
  custom:AudioImporter_EditorPlatform: d09bf68614088b80899f8185d706f6e7 -> 
  custom:audio-decoder-ogg-vorbis: bf7c407c2cedff20999df2af8eb42d56 -> 
  custom:audio-encoder-webm-vorbis: bf7c407c2cedff20999df2af8eb42d56 -> 
  custom:video-codec-MediaFoundation-h265: 746d11721c4dcdbdad8f713fa42b33f4 -> 
  custom:video-decoder-ogg-theora: a1e56fd34408186e4bbccfd4996cb3dc -> 
  custom:container-demuxer-webm: 4f35f7cbe854078d1ac9338744f61a02 -> 
  custom:video-encoder-webm-vp8: eb34c28f22e8b96e1ab97ce403110664 -> 
========================================================================
Received Prepare
Shader 'IL3DN/Leaf': fallback shader 'False' not found
Shader 'IL3DN/Branch': fallback shader 'False' not found
Refreshing native plugins compatible for Editor in 25.91 ms, found 7 plugins.
Preloading 0 native plugins for Editor in 0.00 ms.
Unloading 18 Unused Serialized files (Serialized files now loaded: 0)
Unloading 18 unused Assets / (2.3 MB). Loaded Objects now: 7614.
Memory consumption went from 142.5 MB to 140.2 MB.
Total: 332.222400 ms (FindLiveObjects: 11.754600 ms CreateObjectMapping: 0.524400 ms MarkObjects: 315.269800 ms  DeleteObjects: 4.668700 ms)

Prepare: number of updated asset objects reloaded= 0
AssetImportParameters requested are different than current active one (requested -> active):
  custom:container-demuxer-ogg: 62fdf1f143b41e24485cea50d1cbac27 -> 
  custom:framework-win-MediaFoundation: 216162199b28c13a410421893ffa2e32 -> 
  custom:container-muxer-webm: aa71ff27fc2769a1b78a27578f13a17b -> 
  custom:video-decoder-webm-vp8: 9c59270c3fd7afecdb556c50c9e8de78 -> 
  custom:AudioImporter_EditorPlatform: d09bf68614088b80899f8185d706f6e7 -> 
  custom:audio-decoder-ogg-vorbis: bf7c407c2cedff20999df2af8eb42d56 -> 
  custom:audio-encoder-webm-vorbis: bf7c407c2cedff20999df2af8eb42d56 -> 
  custom:video-codec-MediaFoundation-h265: 746d11721c4dcdbdad8f713fa42b33f4 -> 
  custom:video-decoder-ogg-theora: a1e56fd34408186e4bbccfd4996cb3dc -> 
  custom:container-demuxer-webm: 4f35f7cbe854078d1ac9338744f61a02 -> 
  custom:video-encoder-webm-vp8: eb34c28f22e8b96e1ab97ce403110664 -> 
