Using pre-set license
Built from '2022.2/staging' branch; Version is '2022.2.12f1 (022dac4955a3) revision 142764'; Using compiler version '192829333'; Build Type 'Release'
OS: 'Windows 10  (10.0.19045) 64bit Professional' Language: 'ja' Physical Memory: 16332 MB
BatchMode: 1, IsHumanControllingUs: 0, StartBugReporterOnCrash: 0, Is64bit: 1, IsPro: 1

COMMAND LINE ARGUMENTS:
A:\unity\2022.2.12f1\Editor\Unity.exe
-adb2
-batchMode
-noUpm
-name
AssetImportWorker1
-projectPath
C:/本命/3Dgame
-logFile
Logs/AssetImportWorker1.log
-srvPort
59134
Successfully changed project path to: C:/本命/3Dgame
C:/本命/3Dgame
[UnityMemory] Configuration Parameters - Can be set up in boot.config
    "memorysetup-bucket-allocator-granularity=16"
    "memorysetup-bucket-allocator-bucket-count=8"
    "memorysetup-bucket-allocator-block-size=33554432"
    "memorysetup-bucket-allocator-block-count=8"
    "memorysetup-main-allocator-block-size=16777216"
    "memorysetup-thread-allocator-block-size=16777216"
    "memorysetup-gfx-main-allocator-block-size=16777216"
    "memorysetup-gfx-thread-allocator-block-size=16777216"
    "memorysetup-cache-allocator-block-size=4194304"
    "memorysetup-typetree-allocator-block-size=2097152"
    "memorysetup-profiler-bucket-allocator-granularity=16"
    "memorysetup-profiler-bucket-allocator-bucket-count=8"
    "memorysetup-profiler-bucket-allocator-block-size=33554432"
    "memorysetup-profiler-bucket-allocator-block-count=8"
    "memorysetup-profiler-allocator-block-size=16777216"
    "memorysetup-profiler-editor-allocator-block-size=1048576"
    "memorysetup-temp-allocator-size-main=16777216"
    "memorysetup-job-temp-allocator-block-size=2097152"
    "memorysetup-job-temp-allocator-block-size-background=1048576"
    "memorysetup-job-temp-allocator-reduction-small-platforms=262144"
    "memorysetup-temp-allocator-size-background-worker=32768"
    "memorysetup-temp-allocator-size-job-worker=262144"
    "memorysetup-temp-allocator-size-preload-manager=33554432"
    "memorysetup-temp-allocator-size-nav-mesh-worker=65536"
    "memorysetup-temp-allocator-size-audio-worker=65536"
    "memorysetup-temp-allocator-size-cloud-worker=32768"
    "memorysetup-temp-allocator-size-gi-baking-worker=262144"
    "memorysetup-temp-allocator-size-gfx=262144"
Player connection [16764] Host "[IP] 192.168.11.30 [Port] 0 [Flags] 2 [Guid] 1222204637 [EditorId] 1222204637 [Version] 1048832 [Id] WindowsEditor(7,yuuta) [Debug] 1 [PackageName] WindowsEditor [ProjectName] Editor" joined multi-casting on [225.0.0.222:54997]...

Player connection [16764] Host "[IP] 192.168.11.30 [Port] 0 [Flags] 2 [Guid] 1222204637 [EditorId] 1222204637 [Version] 1048832 [Id] WindowsEditor(7,yuuta) [Debug] 1 [PackageName] WindowsEditor [ProjectName] Editor" joined alternative multi-casting on [225.0.0.222:34997]...

Refreshing native plugins compatible for Editor in 27.92 ms, found 7 plugins.
Preloading 0 native plugins for Editor in 0.00 ms.
Initialize engine version: 2022.2.12f1 (022dac4955a3)
[Subsystems] Discovering subsystems at path A:/unity/2022.2.12f1/Editor/Data/Resources/UnitySubsystems
[Subsystems] Discovering subsystems at path C:/本命/3Dgame/Assets
GfxDevice: creating device client; threaded=0; jobified=0
Direct3D:
    Version:  Direct3D 11.0 [level 11.1]
    Renderer: NVIDIA GeForce GTX 1070 (ID=0x1be1)
    Vendor:   NVIDIA
    VRAM:     8074 MB
    Driver:   31.0.15.3141
Shader 'IL3DN/Branch': fallback shader 'False' not found
Shader 'IL3DN/Leaf': fallback shader 'False' not found
Initialize mono
Mono path[0] = 'A:/unity/2022.2.12f1/Editor/Data/Managed'
Mono path[1] = 'A:/unity/2022.2.12f1/Editor/Data/MonoBleedingEdge/lib/mono/unityjit-win32'
Mono config path = 'A:/unity/2022.2.12f1/Editor/Data/MonoBleedingEdge/etc'
Using monoOptions --debugger-agent=transport=dt_socket,embedding=1,server=y,suspend=n,address=127.0.0.1:56544
Begin MonoManager ReloadAssembly
Registering precompiled unity dll's ...
Register platform support module: A:/unity/2022.2.12f1/Editor/Data/PlaybackEngines/WebGLSupport/UnityEditor.WebGL.Extensions.dll
Register platform support module: A:/unity/2022.2.12f1/Editor/Data/PlaybackEngines/AndroidPlayer/UnityEditor.Android.Extensions.dll
Register platform support module: A:/unity/2022.2.12f1/Editor/Data/PlaybackEngines/iOSSupport/UnityEditor.iOS.Extensions.dll
Register platform support module: A:/unity/2022.2.12f1/Editor/Data/PlaybackEngines/WindowsStandaloneSupport/UnityEditor.WindowsStandalone.Extensions.dll
Registered in 0.012844 seconds.
- Loaded All Assemblies, in  0.484 seconds
Native extension for WindowsStandalone target not found
[usbmuxd] Start listen thread
[usbmuxd] Listen thread started
Native extension for iOS target not found
Native extension for Android target not found
Android Extension - Scanning For ADB Devices 428 ms
Native extension for WebGL target not found
Mono: successfully reloaded assembly
- Finished resetting the current domain, in  0.858 seconds
Domain Reload Profiling:
	ReloadAssembly (263ms)
		BeginReloadAssembly (117ms)
			ExecutionOrderSort (0ms)
			DisableScriptedObjects (0ms)
			BackupInstance (0ms)
			ReleaseScriptingObjects (0ms)
			CreateAndSetChildDomain (1ms)
		LoadAllAssembliesAndSetupDomain (0ms)
			LoadAssemblies (117ms)
			RebuildTransferFunctionScriptingTraits (0ms)
			SetupTypeCache (215ms)
				TypeCache.Initialize (214ms)
					TypeCache.ScanAssembly (212ms)
				ResolveRequiredComponents (1ms)
		FinalizeReload (0ms)
			ReleaseScriptCaches (0ms)
			RebuildScriptCaches (0ms)
			SetupLoadedEditorAssemblies (767ms)
				LogAssemblyErrors (0ms)
				InitializePlatformSupportModulesInManaged (563ms)
				SetLoadedEditorAssemblies (7ms)
				RefreshPlugins (0ms)
				BeforeProcessingInitializeOnLoad (2ms)
				ProcessInitializeOnLoadAttributes (134ms)
				ProcessInitializeOnLoadMethodAttributes (62ms)
				AfterProcessingInitializeOnLoad (0ms)
				EditorAssembliesLoaded (0ms)
			ExecutionOrderSort2 (0ms)
			AwakeInstancesAfterBackupRestoration (0ms)
========================================================================
Worker process is ready to serve import requests
Begin MonoManager ReloadAssembly
Symbol file LoadedFromMemory doesn't match image C:\本命\3Dgame\Library\PackageCache\com.unity.visualscripting@1.8.0\Editor\VisualScripting.Core\Dependencies\YamlDotNet\Unity.VisualScripting.YamlDotNet.dll
Symbol file LoadedFromMemory doesn't match image C:\本命\3Dgame\Library\PackageCache\com.unity.visualscripting@1.8.0\Editor\VisualScripting.Core\Dependencies\DotNetZip\Unity.VisualScripting.IonicZip.dll
- Loaded All Assemblies, in  1.264 seconds
Refreshing native plugins compatible for Editor in 11.03 ms, found 7 plugins.
Native extension for WindowsStandalone target not found
Native extension for iOS target not found
Native extension for Android target not found
Native extension for WebGL target not found
[MODES] ModeService[none].Initialize
[MODES] ModeService[none].LoadModes
[MODES] Loading mode Default (0) for mode-current-id-New main project
Mono: successfully reloaded assembly
- Finished resetting the current domain, in  1.074 seconds
Domain Reload Profiling:
	ReloadAssembly (323ms)
		BeginReloadAssembly (185ms)
			ExecutionOrderSort (0ms)
			DisableScriptedObjects (8ms)
			BackupInstance (0ms)
			ReleaseScriptingObjects (0ms)
			CreateAndSetChildDomain (31ms)
		LoadAllAssembliesAndSetupDomain (935ms)
			LoadAssemblies (438ms)
			RebuildTransferFunctionScriptingTraits (0ms)
			SetupTypeCache (589ms)
				TypeCache.Initialize (505ms)
					TypeCache.ScanAssembly (498ms)
				ResolveRequiredComponents (31ms)
		FinalizeReload (0ms)
			ReleaseScriptCaches (0ms)
			RebuildScriptCaches (0ms)
			SetupLoadedEditorAssemblies (805ms)
				LogAssemblyErrors (0ms)
				InitializePlatformSupportModulesInManaged (33ms)
				SetLoadedEditorAssemblies (6ms)
				RefreshPlugins (0ms)
				BeforeProcessingInitializeOnLoad (96ms)
				ProcessInitializeOnLoadAttributes (586ms)
				ProcessInitializeOnLoadMethodAttributes (80ms)
				AfterProcessingInitializeOnLoad (4ms)
				EditorAssembliesLoaded (0ms)
			ExecutionOrderSort2 (0ms)
			AwakeInstancesAfterBackupRestoration (8ms)
Shader 'IL3DN/Branch': fallback shader 'False' not found
Shader 'IL3DN/Leaf': fallback shader 'False' not found
Launched and connected shader compiler UnityShaderCompiler.exe after 0.07 seconds
Refreshing native plugins compatible for Editor in 10.88 ms, found 7 plugins.
Preloading 0 native plugins for Editor in 0.00 ms.
Unloading 6834 Unused Serialized files (Serialized files now loaded: 0)
Unloading 124 unused Assets / (2.2 MB). Loaded Objects now: 7292.
Memory consumption went from 297.0 MB to 294.7 MB.
Total: 6.313800 ms (FindLiveObjects: 0.711800 ms CreateObjectMapping: 0.847100 ms MarkObjects: 3.840300 ms  DeleteObjects: 0.913300 ms)

AssetImportParameters requested are different than current active one (requested -> active):
  custom:container-demuxer-ogg: 62fdf1f143b41e24485cea50d1cbac27 -> 
  custom:framework-win-MediaFoundation: 216162199b28c13a410421893ffa2e32 -> 
  custom:container-muxer-webm: aa71ff27fc2769a1b78a27578f13a17b -> 
  custom:video-decoder-webm-vp8: 9c59270c3fd7afecdb556c50c9e8de78 -> 
  custom:AudioImporter_EditorPlatform: d09bf68614088b80899f8185d706f6e7 -> 
  custom:audio-decoder-ogg-vorbis: bf7c407c2cedff20999df2af8eb42d56 -> 
  custom:audio-encoder-webm-vorbis: bf7c407c2cedff20999df2af8eb42d56 -> 
  custom:video-decoder-ogg-theora: a1e56fd34408186e4bbccfd4996cb3dc -> 
  custom:container-demuxer-webm: 4f35f7cbe854078d1ac9338744f61a02 -> 
  custom:video-encoder-webm-vp8: eb34c28f22e8b96e1ab97ce403110664 -> 
========================================================================
Received Import Request.
  Time since last request: 137801.627056 seconds.
  path: Assets/AZURE Nature/Materials/Rocks/AN_Rock_1_Cov.mat
  artifactKey: Guid(82e1cc75762845347b97ed79d96636a3) Importer(815301076,1909f56bfc062723c751e8b465ee728b)
Start importing Assets/AZURE Nature/Materials/Rocks/AN_Rock_1_Cov.mat using Guid(82e1cc75762845347b97ed79d96636a3) Importer(815301076,1909f56bfc062723c751e8b465ee728b)  -> (artifact id: 'e856929ea62c7d48f0cc9bf3f979aaaa') in 0.447206 seconds 
Number of updated asset objects reloaded before import = 0
Number of asset objects unloaded after import = 7
========================================================================
Received Import Request.
  Time since last request: 0.000040 seconds.
  path: Assets/AZURE Nature/Materials/Rocks/AN_Cliff_2_Cov.mat
  artifactKey: Guid(4ecd57366f334544299c5677316f1df9) Importer(815301076,1909f56bfc062723c751e8b465ee728b)
Start importing Assets/AZURE Nature/Materials/Rocks/AN_Cliff_2_Cov.mat using Guid(4ecd57366f334544299c5677316f1df9) Importer(815301076,1909f56bfc062723c751e8b465ee728b)  -> (artifact id: '34eafd47962a1e71a0fb20c7afc11f77') in 0.027018 seconds 
Number of updated asset objects reloaded before import = 0
Number of asset objects unloaded after import = 6
========================================================================
Received Import Request.
  Time since last request: 0.000022 seconds.
  path: Assets/AZURE Nature/Materials/Rocks/AN_Rock_2_Cov.mat
  artifactKey: Guid(e9105dfdb278fa94382b080fa2252de7) Importer(815301076,1909f56bfc062723c751e8b465ee728b)
Start importing Assets/AZURE Nature/Materials/Rocks/AN_Rock_2_Cov.mat using Guid(e9105dfdb278fa94382b080fa2252de7) Importer(815301076,1909f56bfc062723c751e8b465ee728b)  -> (artifact id: '4ec0fe85174f329b56e0958b95c7c7b4') in 0.032806 seconds 
Number of updated asset objects reloaded before import = 0
Number of asset objects unloaded after import = 6
========================================================================
Received Import Request.
  Time since last request: 0.000019 seconds.
  path: Assets/AZURE Nature/Materials/Rocks/AN_Rock_2.mat
  artifactKey: Guid(d84eed23cf016834a82c1a47e8ae68f1) Importer(815301076,1909f56bfc062723c751e8b465ee728b)
Start importing Assets/AZURE Nature/Materials/Rocks/AN_Rock_2.mat using Guid(d84eed23cf016834a82c1a47e8ae68f1) Importer(815301076,1909f56bfc062723c751e8b465ee728b)  -> (artifact id: 'aa40efa3bd05e4464394fd9422b1da17') in 0.024960 seconds 
Number of updated asset objects reloaded before import = 0
Number of asset objects unloaded after import = 7
========================================================================
Received Import Request.
  Time since last request: 0.000023 seconds.
  path: Assets/AZURE Nature/Materials/Rocks/AN_Cliff_1.mat
  artifactKey: Guid(3e8a8f0bdf00e90459586a54c2f4d200) Importer(815301076,1909f56bfc062723c751e8b465ee728b)
Start importing Assets/AZURE Nature/Materials/Rocks/AN_Cliff_1.mat using Guid(3e8a8f0bdf00e90459586a54c2f4d200) Importer(815301076,1909f56bfc062723c751e8b465ee728b)  -> (artifact id: '82ec20b5183a3f2ef7ba1d758013536a') in 0.023309 seconds 
Number of updated asset objects reloaded before import = 0
Number of asset objects unloaded after import = 9
========================================================================
Received Import Request.
  Time since last request: 0.000018 seconds.
  path: Assets/AZURE Nature/Textures/Rocks/AN_Rock_1_Normal.png
  artifactKey: Guid(34e5c9fa1c162014b8a26246c1d9fab1) Importer(815301076,1909f56bfc062723c751e8b465ee728b)
Start importing Assets/AZURE Nature/Textures/Rocks/AN_Rock_1_Normal.png using Guid(34e5c9fa1c162014b8a26246c1d9fab1) Importer(815301076,1909f56bfc062723c751e8b465ee728b)  -> (artifact id: '25db3ced322ed284d2ead278885afef7') in 0.022120 seconds 
Number of updated asset objects reloaded before import = 0
Number of asset objects unloaded after import = 2
========================================================================
Received Import Request.
  Time since last request: 0.000029 seconds.
  path: Assets/AZURE Nature/Materials/Rocks/AN_Rock_3_Cov.mat
  artifactKey: Guid(8f9dcd759fb68d44f81ed907615a7b40) Importer(815301076,1909f56bfc062723c751e8b465ee728b)
Start importing Assets/AZURE Nature/Materials/Rocks/AN_Rock_3_Cov.mat using Guid(8f9dcd759fb68d44f81ed907615a7b40) Importer(815301076,1909f56bfc062723c751e8b465ee728b)  -> (artifact id: '80359efdd7a91c0a09f06ac92c2fe1c2') in 0.018897 seconds 
Number of updated asset objects reloaded before import = 0
Number of asset objects unloaded after import = 6
========================================================================
Received Import Request.
  Time since last request: 0.000030 seconds.
  path: Assets/AZURE Nature/Materials/Rocks/AN_Rock_3.mat
  artifactKey: Guid(3b3790ba630989c4897c2a9374fcccad) Importer(815301076,1909f56bfc062723c751e8b465ee728b)
Start importing Assets/AZURE Nature/Materials/Rocks/AN_Rock_3.mat using Guid(3b3790ba630989c4897c2a9374fcccad) Importer(815301076,1909f56bfc062723c751e8b465ee728b)  -> (artifact id: 'eaa69d6ca3181e3d0b27f1f1bc97b40c') in 0.018209 seconds 
Number of updated asset objects reloaded before import = 0
Number of asset objects unloaded after import = 7
========================================================================
Received Import Request.
  Time since last request: 8.469523 seconds.
  path: Assets/AZURE Nature/Textures/Rocks/AN_Rock_2_Normal.png
  artifactKey: Guid(4a7c5f3824c54a84084436cb68ef3e78) Importer(815301076,1909f56bfc062723c751e8b465ee728b)
Start importing Assets/AZURE Nature/Textures/Rocks/AN_Rock_2_Normal.png using Guid(4a7c5f3824c54a84084436cb68ef3e78) Importer(815301076,1909f56bfc062723c751e8b465ee728b)  -> (artifact id: '251b63ea0fda7baef364139eb8eac839') in 0.018575 seconds 
Number of updated asset objects reloaded before import = 0
Number of asset objects unloaded after import = 2
========================================================================
Received Import Request.
  Time since last request: 7.097999 seconds.
  path: Assets/AZURE Nature/Textures/Rocks/AN_Cliff_1_Normal.png
  artifactKey: Guid(52db6ed5ab2780143b168d80667f98c8) Importer(815301076,1909f56bfc062723c751e8b465ee728b)
Start importing Assets/AZURE Nature/Textures/Rocks/AN_Cliff_1_Normal.png using Guid(52db6ed5ab2780143b168d80667f98c8) Importer(815301076,1909f56bfc062723c751e8b465ee728b)  -> (artifact id: '0a24e69f5508534fde91799cf7cd5085') in 0.020472 seconds 
Number of updated asset objects reloaded before import = 0
Number of asset objects unloaded after import = 2
========================================================================
Received Import Request.
  Time since last request: 0.000024 seconds.
  path: Assets/AZURE Nature/Textures/Rocks/AN_Cliff_2_Albedo.png
  artifactKey: Guid(c327b873cfa9ca248b0c272878d01016) Importer(815301076,1909f56bfc062723c751e8b465ee728b)
Start importing Assets/AZURE Nature/Textures/Rocks/AN_Cliff_2_Albedo.png using Guid(c327b873cfa9ca248b0c272878d01016) Importer(815301076,1909f56bfc062723c751e8b465ee728b)  -> (artifact id: '80ce803ceebdb981c9711c20e38115de') in 0.019687 seconds 
Number of updated asset objects reloaded before import = 0
Number of asset objects unloaded after import = 2
========================================================================
Received Import Request.
  Time since last request: 0.000025 seconds.
  path: Assets/AZURE Nature/Textures/Rocks/AN_Stones_1_Albedo.png
  artifactKey: Guid(620f3bab15b4be14ab5f0c0009e5440c) Importer(815301076,1909f56bfc062723c751e8b465ee728b)
Start importing Assets/AZURE Nature/Textures/Rocks/AN_Stones_1_Albedo.png using Guid(620f3bab15b4be14ab5f0c0009e5440c) Importer(815301076,1909f56bfc062723c751e8b465ee728b)  -> (artifact id: '7d7a348e9915a663a8fa2d128257b2f7') in 0.016341 seconds 
Number of updated asset objects reloaded before import = 0
Number of asset objects unloaded after import = 2
========================================================================
Received Import Request.
  Time since last request: 0.000096 seconds.
  path: Assets/AZURE Nature/Textures/Rocks/AN_Rock_3_Albedo.png
  artifactKey: Guid(e7ca0a02cb09aba45986b5e568e2ea6d) Importer(815301076,1909f56bfc062723c751e8b465ee728b)
Start importing Assets/AZURE Nature/Textures/Rocks/AN_Rock_3_Albedo.png using Guid(e7ca0a02cb09aba45986b5e568e2ea6d) Importer(815301076,1909f56bfc062723c751e8b465ee728b)  -> (artifact id: 'eb31e3f16e73dad6ac89b6b6ab2fadcb') in 0.016194 seconds 
Number of updated asset objects reloaded before import = 0
Number of asset objects unloaded after import = 2
========================================================================
Received Import Request.
  Time since last request: 17.426853 seconds.
  path: Assets/AZURE Nature/Textures/Rocks/AN_Cliff_1_Normal.png
  artifactKey: Guid(52db6ed5ab2780143b168d80667f98c8) Importer(815301076,1909f56bfc062723c751e8b465ee728b)
Start importing Assets/AZURE Nature/Textures/Rocks/AN_Cliff_1_Normal.png using Guid(52db6ed5ab2780143b168d80667f98c8) Importer(815301076,1909f56bfc062723c751e8b465ee728b)  -> (artifact id: '72e778a98b593d292525460ac5c7d814') in 0.019188 seconds 
Number of updated asset objects reloaded before import = 0
Number of asset objects unloaded after import = 2
========================================================================
Received Import Request.
  Time since last request: 0.000024 seconds.
  path: Assets/AZURE Nature/Textures/Rocks/AN_Rock_2_Normal.png
  artifactKey: Guid(4a7c5f3824c54a84084436cb68ef3e78) Importer(815301076,1909f56bfc062723c751e8b465ee728b)
Start importing Assets/AZURE Nature/Textures/Rocks/AN_Rock_2_Normal.png using Guid(4a7c5f3824c54a84084436cb68ef3e78) Importer(815301076,1909f56bfc062723c751e8b465ee728b)  -> (artifact id: '2b4ae3215d03167a8ea994fe756cd2f5') in 0.017458 seconds 
Number of updated asset objects reloaded before import = 0
Number of asset objects unloaded after import = 2
========================================================================
Received Import Request.
  Time since last request: 0.000191 seconds.
  path: Assets/AZURE Nature/Textures/Rocks/AN_Cliff_2_Albedo.png
  artifactKey: Guid(c327b873cfa9ca248b0c272878d01016) Importer(815301076,1909f56bfc062723c751e8b465ee728b)
Start importing Assets/AZURE Nature/Textures/Rocks/AN_Cliff_2_Albedo.png using Guid(c327b873cfa9ca248b0c272878d01016) Importer(815301076,1909f56bfc062723c751e8b465ee728b)  -> (artifact id: 'a22fb065ccead4f413e59b4777576de3') in 0.014802 seconds 
Number of updated asset objects reloaded before import = 0
Number of asset objects unloaded after import = 2
========================================================================
Received Import Request.
  Time since last request: 0.000031 seconds.
  path: Assets/AZURE Nature/Textures/Rocks/AN_Rock_1_Normal.png
  artifactKey: Guid(34e5c9fa1c162014b8a26246c1d9fab1) Importer(815301076,1909f56bfc062723c751e8b465ee728b)
Start importing Assets/AZURE Nature/Textures/Rocks/AN_Rock_1_Normal.png using Guid(34e5c9fa1c162014b8a26246c1d9fab1) Importer(815301076,1909f56bfc062723c751e8b465ee728b)  -> (artifact id: 'c8bfe8177dc3cd5f74b62a24b5fd06b2') in 0.015083 seconds 
Number of updated asset objects reloaded before import = 0
Number of asset objects unloaded after import = 2
========================================================================
Received Import Request.
  Time since last request: 0.000023 seconds.
  path: Assets/AZURE Nature/Textures/Rocks/AN_Rock_1_Albedo.png
  artifactKey: Guid(17401fd272faf6f4c91f4d6c17c79fc5) Importer(815301076,1909f56bfc062723c751e8b465ee728b)
Start importing Assets/AZURE Nature/Textures/Rocks/AN_Rock_1_Albedo.png using Guid(17401fd272faf6f4c91f4d6c17c79fc5) Importer(815301076,1909f56bfc062723c751e8b465ee728b)  -> (artifact id: '3ec2d66e8397cc9b81eaeb0b4a565862') in 0.014313 seconds 
Number of updated asset objects reloaded before import = 0
Number of asset objects unloaded after import = 2
========================================================================
Received Import Request.
  Time since last request: 0.000020 seconds.
  path: Assets/AZURE Nature/Textures/Rocks/AN_Rock_2_Albedo.png
  artifactKey: Guid(52d710db9977654448c84faa8721e497) Importer(815301076,1909f56bfc062723c751e8b465ee728b)
Start importing Assets/AZURE Nature/Textures/Rocks/AN_Rock_2_Albedo.png using Guid(52d710db9977654448c84faa8721e497) Importer(815301076,1909f56bfc062723c751e8b465ee728b)  -> (artifact id: 'b9e6e4d2ac4bbd4c612eb580150ffa40') in 0.016430 seconds 
Number of updated asset objects reloaded before import = 0
Number of asset objects unloaded after import = 2
========================================================================
Received Import Request.
  Time since last request: 8.995219 seconds.
  path: Assets/AZURE Nature/Textures/Rocks/AN_Cliff_1_Normal.png
  artifactKey: Guid(52db6ed5ab2780143b168d80667f98c8) Importer(815301076,1909f56bfc062723c751e8b465ee728b)
Start importing Assets/AZURE Nature/Textures/Rocks/AN_Cliff_1_Normal.png using Guid(52db6ed5ab2780143b168d80667f98c8) Importer(815301076,1909f56bfc062723c751e8b465ee728b)  -> (artifact id: '192f9febc855443d192703b7d16c4bb3') in 0.017296 seconds 
Number of updated asset objects reloaded before import = 0
Number of asset objects unloaded after import = 2
========================================================================
Received Import Request.
  Time since last request: 0.000044 seconds.
  path: Assets/AZURE Nature/Textures/Rocks/AN_Rock_2_Normal.png
  artifactKey: Guid(4a7c5f3824c54a84084436cb68ef3e78) Importer(815301076,1909f56bfc062723c751e8b465ee728b)
Start importing Assets/AZURE Nature/Textures/Rocks/AN_Rock_2_Normal.png using Guid(4a7c5f3824c54a84084436cb68ef3e78) Importer(815301076,1909f56bfc062723c751e8b465ee728b)  -> (artifact id: '3c44c53a5a012de45ab95044b8d0ccdc') in 0.017709 seconds 
Number of updated asset objects reloaded before import = 0
Number of asset objects unloaded after import = 2
========================================================================
Received Import Request.
  Time since last request: 0.000033 seconds.
  path: Assets/AZURE Nature/Textures/Rocks/AN_Cliff_2_Normal.png
  artifactKey: Guid(5bafeb39f09c37d4a92903de1155af10) Importer(815301076,1909f56bfc062723c751e8b465ee728b)
Start importing Assets/AZURE Nature/Textures/Rocks/AN_Cliff_2_Normal.png using Guid(5bafeb39f09c37d4a92903de1155af10) Importer(815301076,1909f56bfc062723c751e8b465ee728b)  -> (artifact id: '38be9cdc392689d6278c529505c666fb') in 0.017496 seconds 
Number of updated asset objects reloaded before import = 0
Number of asset objects unloaded after import = 2
========================================================================
Received Import Request.
  Time since last request: 0.000022 seconds.
  path: Assets/AZURE Nature/Textures/Rocks/AN_Stones_1_Albedo.png
  artifactKey: Guid(620f3bab15b4be14ab5f0c0009e5440c) Importer(815301076,1909f56bfc062723c751e8b465ee728b)
Start importing Assets/AZURE Nature/Textures/Rocks/AN_Stones_1_Albedo.png using Guid(620f3bab15b4be14ab5f0c0009e5440c) Importer(815301076,1909f56bfc062723c751e8b465ee728b)  -> (artifact id: 'b142d90ac7c6ca784c103721c89f536a') in 0.015159 seconds 
Number of updated asset objects reloaded before import = 0
Number of asset objects unloaded after import = 2
========================================================================
Received Import Request.
  Time since last request: 0.000075 seconds.
  path: Assets/AZURE Nature/Textures/Rocks/AN_Stones_1_Normal.png
  artifactKey: Guid(3033d9436c6e50e488b91e0e71691363) Importer(815301076,1909f56bfc062723c751e8b465ee728b)
Start importing Assets/AZURE Nature/Textures/Rocks/AN_Stones_1_Normal.png using Guid(3033d9436c6e50e488b91e0e71691363) Importer(815301076,1909f56bfc062723c751e8b465ee728b)  -> (artifact id: 'de8743eaba3dd6f74d190dd776cbc122') in 0.019015 seconds 
Number of updated asset objects reloaded before import = 0
Number of asset objects unloaded after import = 2
========================================================================
Received Import Request.
  Time since last request: 15.848332 seconds.
  path: Assets/AZURE Nature/Textures/FX/AN_Leaf.png
  artifactKey: Guid(565cff93018be3944906dea1756bc000) Importer(815301076,1909f56bfc062723c751e8b465ee728b)
Start importing Assets/AZURE Nature/Textures/FX/AN_Leaf.png using Guid(565cff93018be3944906dea1756bc000) Importer(815301076,1909f56bfc062723c751e8b465ee728b)  -> (artifact id: '567d1bf7345f8adcc290d7cc7c7efa13') in 0.021220 seconds 
Number of updated asset objects reloaded before import = 0
Number of asset objects unloaded after import = 2
========================================================================
Received Import Request.
  Time since last request: 27.276312 seconds.
  path: Assets/AZURE Nature/Textures/Terrain/Autumn/AN_Aut_Grass_1_Normal.png
  artifactKey: Guid(23b5dc4ff9c849d439843d3cc849829c) Importer(815301076,1909f56bfc062723c751e8b465ee728b)
Start importing Assets/AZURE Nature/Textures/Terrain/Autumn/AN_Aut_Grass_1_Normal.png using Guid(23b5dc4ff9c849d439843d3cc849829c) Importer(815301076,1909f56bfc062723c751e8b465ee728b)  -> (artifact id: '809f14ac765aed8b1c3d0098287dbae3') in 0.019207 seconds 
Number of updated asset objects reloaded before import = 0
Number of asset objects unloaded after import = 2
========================================================================
Received Import Request.
  Time since last request: 0.000020 seconds.
  path: Assets/AZURE Nature/Textures/Terrain/Autumn/AN_Aut_Grass_4_Albedo.png
  artifactKey: Guid(aa5b7be62f9024d4fb3749196e53f5b7) Importer(815301076,1909f56bfc062723c751e8b465ee728b)
Start importing Assets/AZURE Nature/Textures/Terrain/Autumn/AN_Aut_Grass_4_Albedo.png using Guid(aa5b7be62f9024d4fb3749196e53f5b7) Importer(815301076,1909f56bfc062723c751e8b465ee728b)  -> (artifact id: '3fbd90577a9eb731a5aa1f924e64fa74') in 0.017431 seconds 
Number of updated asset objects reloaded before import = 0
Number of asset objects unloaded after import = 2
========================================================================
Received Import Request.
  Time since last request: 0.000026 seconds.
  path: Assets/AZURE Nature/Textures/Terrain/Autumn/AN_Aut_Ground_2_Albedo.png
  artifactKey: Guid(d128345017579884f86e29adf0866452) Importer(815301076,1909f56bfc062723c751e8b465ee728b)
Start importing Assets/AZURE Nature/Textures/Terrain/Autumn/AN_Aut_Ground_2_Albedo.png using Guid(d128345017579884f86e29adf0866452) Importer(815301076,1909f56bfc062723c751e8b465ee728b)  -> (artifact id: 'e3c4ce1e18ad84808535edbcea6cdcb2') in 0.021959 seconds 
Number of updated asset objects reloaded before import = 0
Number of asset objects unloaded after import = 2
========================================================================
Received Import Request.
  Time since last request: 0.000033 seconds.
  path: Assets/AZURE Nature/Textures/Terrain/Autumn/AN_Aut_Ground_1_Normal.png
  artifactKey: Guid(e89c59176134eee4198540abff1018ec) Importer(815301076,1909f56bfc062723c751e8b465ee728b)
Start importing Assets/AZURE Nature/Textures/Terrain/Autumn/AN_Aut_Ground_1_Normal.png using Guid(e89c59176134eee4198540abff1018ec) Importer(815301076,1909f56bfc062723c751e8b465ee728b)  -> (artifact id: 'fd215be1f29d39600e48872d8f88b092') in 0.023487 seconds 
Number of updated asset objects reloaded before import = 0
Number of asset objects unloaded after import = 2
========================================================================
Received Import Request.
  Time since last request: 0.000022 seconds.
  path: Assets/AZURE Nature/Textures/Terrain/Autumn/AN_Aut_Grass_4_Normal.png
  artifactKey: Guid(a01e99d7be80dc7448bffe08956958c0) Importer(815301076,1909f56bfc062723c751e8b465ee728b)
Start importing Assets/AZURE Nature/Textures/Terrain/Autumn/AN_Aut_Grass_4_Normal.png using Guid(a01e99d7be80dc7448bffe08956958c0) Importer(815301076,1909f56bfc062723c751e8b465ee728b)  -> (artifact id: '1221b5fcdb3556bae8c41fe6a31cac8d') in 0.018267 seconds 
Number of updated asset objects reloaded before import = 0
Number of asset objects unloaded after import = 2
========================================================================
Received Import Request.
  Time since last request: 0.000024 seconds.
  path: Assets/AZURE Nature/Textures/Terrain/Autumn/AN_Aut_Leaves_Albedo.png
  artifactKey: Guid(1e981d35459dbd34ca635dbc17207d5f) Importer(815301076,1909f56bfc062723c751e8b465ee728b)
Start importing Assets/AZURE Nature/Textures/Terrain/Autumn/AN_Aut_Leaves_Albedo.png using Guid(1e981d35459dbd34ca635dbc17207d5f) Importer(815301076,1909f56bfc062723c751e8b465ee728b)  -> (artifact id: '97d295e6ec7372697f947590f651723c') in 0.018953 seconds 
Number of updated asset objects reloaded before import = 0
Number of asset objects unloaded after import = 2
========================================================================
Received Import Request.
  Time since last request: 0.000031 seconds.
  path: Assets/AZURE Nature/Textures/Terrain/Autumn/AN_Aut_Ground_1_Albedo.png
  artifactKey: Guid(66dd781f592b04f45b2e82739db9d8af) Importer(815301076,1909f56bfc062723c751e8b465ee728b)
Start importing Assets/AZURE Nature/Textures/Terrain/Autumn/AN_Aut_Ground_1_Albedo.png using Guid(66dd781f592b04f45b2e82739db9d8af) Importer(815301076,1909f56bfc062723c751e8b465ee728b)  -> (artifact id: '5a0ba286993fc24e468e92bb54cfe2b2') in 0.021559 seconds 
Number of updated asset objects reloaded before import = 0
Number of asset objects unloaded after import = 2
========================================================================
Received Import Request.
  Time since last request: 0.000036 seconds.
  path: Assets/AZURE Nature/Textures/Terrain/Autumn/AN_Aut_Path_Normal.png
  artifactKey: Guid(a8824f426ae063a488b304c3138372cf) Importer(815301076,1909f56bfc062723c751e8b465ee728b)
Start importing Assets/AZURE Nature/Textures/Terrain/Autumn/AN_Aut_Path_Normal.png using Guid(a8824f426ae063a488b304c3138372cf) Importer(815301076,1909f56bfc062723c751e8b465ee728b)  -> (artifact id: 'aa3b9521d9cd059f955ebb0cbb0d408d') in 0.018688 seconds 
Number of updated asset objects reloaded before import = 0
Number of asset objects unloaded after import = 2
========================================================================
Received Import Request.
  Time since last request: 7.935539 seconds.
  path: Assets/AZURE Nature/Textures/Terrain/Summer/AN_Sum_Grass_1_Normal.png
  artifactKey: Guid(57ef960ad9ca8b94bad434e31c0b2c7e) Importer(815301076,1909f56bfc062723c751e8b465ee728b)
Start importing Assets/AZURE Nature/Textures/Terrain/Summer/AN_Sum_Grass_1_Normal.png using Guid(57ef960ad9ca8b94bad434e31c0b2c7e) Importer(815301076,1909f56bfc062723c751e8b465ee728b)  -> (artifact id: 'cab02e9d54104b331d80a3eecda97155') in 0.020908 seconds 
Number of updated asset objects reloaded before import = 0
Number of asset objects unloaded after import = 2
========================================================================
Received Import Request.
  Time since last request: 0.000029 seconds.
  path: Assets/AZURE Nature/Textures/Terrain/Summer/AN_Sum_Ground_4_Albedo.png
  artifactKey: Guid(fe6f960d58bca3e45b43fc100cfa0efd) Importer(815301076,1909f56bfc062723c751e8b465ee728b)
Start importing Assets/AZURE Nature/Textures/Terrain/Summer/AN_Sum_Ground_4_Albedo.png using Guid(fe6f960d58bca3e45b43fc100cfa0efd) Importer(815301076,1909f56bfc062723c751e8b465ee728b)  -> (artifact id: 'd66d129c068785fad473e3cdb7ed276b') in 0.017076 seconds 
Number of updated asset objects reloaded before import = 0
Number of asset objects unloaded after import = 2
========================================================================
Received Import Request.
  Time since last request: 0.000050 seconds.
  path: Assets/AZURE Nature/Textures/Terrain/Summer/AN_Sum_Path_Normal.png
  artifactKey: Guid(9b77d03291e2a22499333341afe531ae) Importer(815301076,1909f56bfc062723c751e8b465ee728b)
Start importing Assets/AZURE Nature/Textures/Terrain/Summer/AN_Sum_Path_Normal.png using Guid(9b77d03291e2a22499333341afe531ae) Importer(815301076,1909f56bfc062723c751e8b465ee728b)  -> (artifact id: 'efcb1c588ffeae8c5845ceebc029e757') in 0.020883 seconds 
Number of updated asset objects reloaded before import = 0
Number of asset objects unloaded after import = 2
========================================================================
Received Import Request.
  Time since last request: 0.000021 seconds.
  path: Assets/AZURE Nature/Textures/Terrain/Summer/AN_Sum_Rock_Normal.png
  artifactKey: Guid(5022d3a6d098d0c42a0ebeb9a1ba8cfc) Importer(815301076,1909f56bfc062723c751e8b465ee728b)
Start importing Assets/AZURE Nature/Textures/Terrain/Summer/AN_Sum_Rock_Normal.png using Guid(5022d3a6d098d0c42a0ebeb9a1ba8cfc) Importer(815301076,1909f56bfc062723c751e8b465ee728b)  -> (artifact id: 'cbc935024fa5b5bc7dd7b875f171df9e') in 0.015854 seconds 
Number of updated asset objects reloaded before import = 0
Number of asset objects unloaded after import = 2
========================================================================
Received Import Request.
  Time since last request: 0.000023 seconds.
  path: Assets/AZURE Nature/Textures/Terrain/Summer/AN_Sum_Ground_1_Albedo.png
  artifactKey: Guid(28bacb3edf01fc6418b08ca329112e31) Importer(815301076,1909f56bfc062723c751e8b465ee728b)
Start importing Assets/AZURE Nature/Textures/Terrain/Summer/AN_Sum_Ground_1_Albedo.png using Guid(28bacb3edf01fc6418b08ca329112e31) Importer(815301076,1909f56bfc062723c751e8b465ee728b)  -> (artifact id: '6a965f856dfe0c709e79852858361a3c') in 0.016386 seconds 
Number of updated asset objects reloaded before import = 0
Number of asset objects unloaded after import = 2
========================================================================
Received Import Request.
  Time since last request: 0.000021 seconds.
  path: Assets/AZURE Nature/Textures/Terrain/Summer/NewLayer.terrainlayer
  artifactKey: Guid(8e81bb68370c35743be86c360798e598) Importer(815301076,1909f56bfc062723c751e8b465ee728b)
Start importing Assets/AZURE Nature/Textures/Terrain/Summer/NewLayer.terrainlayer using Guid(8e81bb68370c35743be86c360798e598) Importer(815301076,1909f56bfc062723c751e8b465ee728b)  -> (artifact id: '2f4255cfeb743659343bedbe7f5d0425') in 0.022554 seconds 
Number of updated asset objects reloaded before import = 0
Number of asset objects unloaded after import = 4
========================================================================
Received Import Request.
  Time since last request: 0.000029 seconds.
  path: Assets/AZURE Nature/Textures/Terrain/Summer/AN_Sum_Ground_4_Normal.png
  artifactKey: Guid(36a46f123e792f64580db6155b3f48f2) Importer(815301076,1909f56bfc062723c751e8b465ee728b)
Start importing Assets/AZURE Nature/Textures/Terrain/Summer/AN_Sum_Ground_4_Normal.png using Guid(36a46f123e792f64580db6155b3f48f2) Importer(815301076,1909f56bfc062723c751e8b465ee728b)  -> (artifact id: 'fac46c6682653dce6897ddb7fc5eb07f') in 0.015742 seconds 
Number of updated asset objects reloaded before import = 0
Number of asset objects unloaded after import = 2
========================================================================
Received Import Request.
  Time since last request: 0.000033 seconds.
  path: Assets/AZURE Nature/Textures/Terrain/Summer/AN_Sum_Path_Albedo.png
  artifactKey: Guid(0db81dfa1dc2fff419cb9199c2663fc2) Importer(815301076,1909f56bfc062723c751e8b465ee728b)
Start importing Assets/AZURE Nature/Textures/Terrain/Summer/AN_Sum_Path_Albedo.png using Guid(0db81dfa1dc2fff419cb9199c2663fc2) Importer(815301076,1909f56bfc062723c751e8b465ee728b)  -> (artifact id: '7ee15132dca95e15e4dd5b90d1101558') in 0.015831 seconds 
Number of updated asset objects reloaded before import = 0
Number of asset objects unloaded after import = 2
========================================================================
Received Import Request.
  Time since last request: 17.769547 seconds.
  path: Assets/AZURE Nature/Textures/Terrain/Summer/AN_Sum_Grass_1_Normal.png
  artifactKey: Guid(57ef960ad9ca8b94bad434e31c0b2c7e) Importer(815301076,1909f56bfc062723c751e8b465ee728b)
Start importing Assets/AZURE Nature/Textures/Terrain/Summer/AN_Sum_Grass_1_Normal.png using Guid(57ef960ad9ca8b94bad434e31c0b2c7e) Importer(815301076,1909f56bfc062723c751e8b465ee728b)  -> (artifact id: '68889bef1267495b70aa1ab81808cd78') in 0.021049 seconds 
Number of updated asset objects reloaded before import = 0
Number of asset objects unloaded after import = 2
========================================================================
Received Import Request.
  Time since last request: 0.000024 seconds.
  path: Assets/AZURE Nature/Textures/Terrain/Summer/AN_Sum_Ground_4_Albedo.png
  artifactKey: Guid(fe6f960d58bca3e45b43fc100cfa0efd) Importer(815301076,1909f56bfc062723c751e8b465ee728b)
Start importing Assets/AZURE Nature/Textures/Terrain/Summer/AN_Sum_Ground_4_Albedo.png using Guid(fe6f960d58bca3e45b43fc100cfa0efd) Importer(815301076,1909f56bfc062723c751e8b465ee728b)  -> (artifact id: 'eabd5b9ff83752b33258e9e239d2e557') in 0.019152 seconds 
Number of updated asset objects reloaded before import = 0
Number of asset objects unloaded after import = 2
========================================================================
Received Import Request.
  Time since last request: 0.000023 seconds.
  path: Assets/AZURE Nature/Textures/Terrain/Summer/AN_Sum_Ground_2_Normal.png
  artifactKey: Guid(a2efe8e877351904380dcaf8e5c61980) Importer(815301076,1909f56bfc062723c751e8b465ee728b)
Start importing Assets/AZURE Nature/Textures/Terrain/Summer/AN_Sum_Ground_2_Normal.png using Guid(a2efe8e877351904380dcaf8e5c61980) Importer(815301076,1909f56bfc062723c751e8b465ee728b)  -> (artifact id: 'fc506b9208df00d6b4a8bd56e188c4a7') in 0.019785 seconds 
Number of updated asset objects reloaded before import = 0
Number of asset objects unloaded after import = 2
========================================================================
Received Import Request.
  Time since last request: 0.000024 seconds.
  path: Assets/AZURE Nature/Textures/Terrain/Summer/AN_Sum_Ground_3_Normal.png
  artifactKey: Guid(3db6ac2efa039b04aa0e3d0ed7e25c52) Importer(815301076,1909f56bfc062723c751e8b465ee728b)
Start importing Assets/AZURE Nature/Textures/Terrain/Summer/AN_Sum_Ground_3_Normal.png using Guid(3db6ac2efa039b04aa0e3d0ed7e25c52) Importer(815301076,1909f56bfc062723c751e8b465ee728b)  -> (artifact id: '1872211b0b75441ed41a17431931ecba') in 0.015487 seconds 
Number of updated asset objects reloaded before import = 0
Number of asset objects unloaded after import = 2
========================================================================
Received Import Request.
  Time since last request: 0.000044 seconds.
  path: Assets/AZURE Nature/Textures/Terrain/Summer/AN_Sum_Ground_1_Albedo.png
  artifactKey: Guid(28bacb3edf01fc6418b08ca329112e31) Importer(815301076,1909f56bfc062723c751e8b465ee728b)
Start importing Assets/AZURE Nature/Textures/Terrain/Summer/AN_Sum_Ground_1_Albedo.png using Guid(28bacb3edf01fc6418b08ca329112e31) Importer(815301076,1909f56bfc062723c751e8b465ee728b)  -> (artifact id: '2223e2b1e0d370bee623756771609ba3') in 0.014188 seconds 
Number of updated asset objects reloaded before import = 0
Number of asset objects unloaded after import = 2
========================================================================
Received Import Request.
  Time since last request: 0.000019 seconds.
  path: Assets/AZURE Nature/Textures/Terrain/Summer/AN_Sum_Ground_3_Albedo.png
  artifactKey: Guid(d450c9ef1038c9b4c88a2ef084ef918f) Importer(815301076,1909f56bfc062723c751e8b465ee728b)
Start importing Assets/AZURE Nature/Textures/Terrain/Summer/AN_Sum_Ground_3_Albedo.png using Guid(d450c9ef1038c9b4c88a2ef084ef918f) Importer(815301076,1909f56bfc062723c751e8b465ee728b)  -> (artifact id: 'b975cb82aa688b3c42320a60d5e20859') in 0.013127 seconds 
Number of updated asset objects reloaded before import = 0
Number of asset objects unloaded after import = 2
========================================================================
Received Import Request.
  Time since last request: 0.000025 seconds.
  path: Assets/AZURE Nature/Textures/Terrain/Summer/AN_Sum_Ground_4_Normal.png
  artifactKey: Guid(36a46f123e792f64580db6155b3f48f2) Importer(815301076,1909f56bfc062723c751e8b465ee728b)
Start importing Assets/AZURE Nature/Textures/Terrain/Summer/AN_Sum_Ground_4_Normal.png using Guid(36a46f123e792f64580db6155b3f48f2) Importer(815301076,1909f56bfc062723c751e8b465ee728b)  -> (artifact id: '8faba05df0fde71d9b6ff09fa8fa343c') in 0.015121 seconds 
Number of updated asset objects reloaded before import = 0
Number of asset objects unloaded after import = 2
========================================================================
Received Import Request.
  Time since last request: 0.000022 seconds.
  path: Assets/AZURE Nature/Textures/Terrain/Summer/AN_Sum_Path_Albedo.png
  artifactKey: Guid(0db81dfa1dc2fff419cb9199c2663fc2) Importer(815301076,1909f56bfc062723c751e8b465ee728b)
Start importing Assets/AZURE Nature/Textures/Terrain/Summer/AN_Sum_Path_Albedo.png using Guid(0db81dfa1dc2fff419cb9199c2663fc2) Importer(815301076,1909f56bfc062723c751e8b465ee728b)  -> (artifact id: 'c4dbb24dc8cdfc105e4cca779c429382') in 0.017178 seconds 
Number of updated asset objects reloaded before import = 0
Number of asset objects unloaded after import = 2
========================================================================
Received Import Request.
  Time since last request: 5.898187 seconds.
  path: Assets/AZURE Nature/Textures/Terrain/Summer/AN_Sum_Grass_1_Normal.png
  artifactKey: Guid(57ef960ad9ca8b94bad434e31c0b2c7e) Importer(815301076,1909f56bfc062723c751e8b465ee728b)
Start importing Assets/AZURE Nature/Textures/Terrain/Summer/AN_Sum_Grass_1_Normal.png using Guid(57ef960ad9ca8b94bad434e31c0b2c7e) Importer(815301076,1909f56bfc062723c751e8b465ee728b)  -> (artifact id: '6aa09fbd745ae50bae76765d4242881e') in 0.017943 seconds 
Number of updated asset objects reloaded before import = 0
Number of asset objects unloaded after import = 2
========================================================================
Received Import Request.
  Time since last request: 0.000021 seconds.
  path: Assets/AZURE Nature/Textures/Terrain/Summer/AN_Sum_Ground_4_Albedo.png
  artifactKey: Guid(fe6f960d58bca3e45b43fc100cfa0efd) Importer(815301076,1909f56bfc062723c751e8b465ee728b)
Start importing Assets/AZURE Nature/Textures/Terrain/Summer/AN_Sum_Ground_4_Albedo.png using Guid(fe6f960d58bca3e45b43fc100cfa0efd) Importer(815301076,1909f56bfc062723c751e8b465ee728b)  -> (artifact id: 'd86c5f2711b04b1b7ec739ae5483579d') in 0.016905 seconds 
Number of updated asset objects reloaded before import = 0
Number of asset objects unloaded after import = 2
========================================================================
Received Import Request.
  Time since last request: 0.000025 seconds.
  path: Assets/AZURE Nature/Textures/Terrain/Summer/AN_Sum_Path_Normal.png
  artifactKey: Guid(9b77d03291e2a22499333341afe531ae) Importer(815301076,1909f56bfc062723c751e8b465ee728b)
Start importing Assets/AZURE Nature/Textures/Terrain/Summer/AN_Sum_Path_Normal.png using Guid(9b77d03291e2a22499333341afe531ae) Importer(815301076,1909f56bfc062723c751e8b465ee728b)  -> (artifact id: '6b7d79d798c5d2f4b15042680192f514') in 0.016385 seconds 
Number of updated asset objects reloaded before import = 0
Number of asset objects unloaded after import = 2
========================================================================
Received Import Request.
  Time since last request: 0.000067 seconds.
  path: Assets/AZURE Nature/Textures/Terrain/Summer/AN_Sum_Grass_2_Albedo.png
  artifactKey: Guid(74fdbc03b45562c4999ac6dedb17bb5d) Importer(815301076,1909f56bfc062723c751e8b465ee728b)
Start importing Assets/AZURE Nature/Textures/Terrain/Summer/AN_Sum_Grass_2_Albedo.png using Guid(74fdbc03b45562c4999ac6dedb17bb5d) Importer(815301076,1909f56bfc062723c751e8b465ee728b)  -> (artifact id: 'd95e3aac9e446e0767ad0b96ad192da1') in 0.014604 seconds 
Number of updated asset objects reloaded before import = 0
Number of asset objects unloaded after import = 2
========================================================================
Received Import Request.
  Time since last request: 0.000029 seconds.
  path: Assets/AZURE Nature/Textures/Terrain/Summer/AN_Sum_Ground_1_Albedo.png
  artifactKey: Guid(28bacb3edf01fc6418b08ca329112e31) Importer(815301076,1909f56bfc062723c751e8b465ee728b)
Start importing Assets/AZURE Nature/Textures/Terrain/Summer/AN_Sum_Ground_1_Albedo.png using Guid(28bacb3edf01fc6418b08ca329112e31) Importer(815301076,1909f56bfc062723c751e8b465ee728b)  -> (artifact id: 'c40d00aabfafafa87fdf13a8fd70d74e') in 0.015012 seconds 
Number of updated asset objects reloaded before import = 0
Number of asset objects unloaded after import = 2
========================================================================
Received Import Request.
  Time since last request: 0.000023 seconds.
  path: Assets/AZURE Nature/Textures/Terrain/Summer/AN_Sum_Grass_2_Normal.png
  artifactKey: Guid(a9e90e87f8f10c04cad14926f16f51e5) Importer(815301076,1909f56bfc062723c751e8b465ee728b)
Start importing Assets/AZURE Nature/Textures/Terrain/Summer/AN_Sum_Grass_2_Normal.png using Guid(a9e90e87f8f10c04cad14926f16f51e5) Importer(815301076,1909f56bfc062723c751e8b465ee728b)  -> (artifact id: '56b0354bafbc3e735fa4efda2abb5cbb') in 0.015586 seconds 
Number of updated asset objects reloaded before import = 0
Number of asset objects unloaded after import = 2
========================================================================
Received Import Request.
  Time since last request: 0.000032 seconds.
  path: Assets/AZURE Nature/Textures/Terrain/Summer/AN_Sum_Ground_4_Normal.png
  artifactKey: Guid(36a46f123e792f64580db6155b3f48f2) Importer(815301076,1909f56bfc062723c751e8b465ee728b)
Start importing Assets/AZURE Nature/Textures/Terrain/Summer/AN_Sum_Ground_4_Normal.png using Guid(36a46f123e792f64580db6155b3f48f2) Importer(815301076,1909f56bfc062723c751e8b465ee728b)  -> (artifact id: 'b67f8638d6ef7463d8093a9551fed117') in 0.015351 seconds 
Number of updated asset objects reloaded before import = 0
Number of asset objects unloaded after import = 2
========================================================================
Received Import Request.
  Time since last request: 0.000027 seconds.
  path: Assets/AZURE Nature/Textures/Terrain/Summer/AN_Sum_Path_Albedo.png
  artifactKey: Guid(0db81dfa1dc2fff419cb9199c2663fc2) Importer(815301076,1909f56bfc062723c751e8b465ee728b)
Start importing Assets/AZURE Nature/Textures/Terrain/Summer/AN_Sum_Path_Albedo.png using Guid(0db81dfa1dc2fff419cb9199c2663fc2) Importer(815301076,1909f56bfc062723c751e8b465ee728b)  -> (artifact id: '1b26e543ecf185bb565b46a87b6cef08') in 0.016631 seconds 
Number of updated asset objects reloaded before import = 0
Number of asset objects unloaded after import = 2
========================================================================
Received Import Request.
  Time since last request: 43.295158 seconds.
  path: Assets/AZURE Nature/Textures/Terrain/Winter/AN_Win_Ground_Normal.png
  artifactKey: Guid(987ab18a812c1674b8d42f41a4723e9b) Importer(815301076,1909f56bfc062723c751e8b465ee728b)
Start importing Assets/AZURE Nature/Textures/Terrain/Winter/AN_Win_Ground_Normal.png using Guid(987ab18a812c1674b8d42f41a4723e9b) Importer(815301076,1909f56bfc062723c751e8b465ee728b)  -> (artifact id: 'f1bebea147528678d27aee48f24d0a14') in 0.018443 seconds 
Number of updated asset objects reloaded before import = 0
Number of asset objects unloaded after import = 2
========================================================================
Received Import Request.
  Time since last request: 0.000025 seconds.
  path: Assets/AZURE Nature/Textures/Terrain/Winter/AN_Win_Ice_2_Normal.png
  artifactKey: Guid(3b9853615afb612418328f6bbec661b4) Importer(815301076,1909f56bfc062723c751e8b465ee728b)
Start importing Assets/AZURE Nature/Textures/Terrain/Winter/AN_Win_Ice_2_Normal.png using Guid(3b9853615afb612418328f6bbec661b4) Importer(815301076,1909f56bfc062723c751e8b465ee728b)  -> (artifact id: 'dbafde2d156a3d610415f3227ffef8f1') in 0.013830 seconds 
Number of updated asset objects reloaded before import = 0
Number of asset objects unloaded after import = 2
========================================================================
Received Import Request.
  Time since last request: 0.000020 seconds.
  path: Assets/AZURE Nature/Textures/Terrain/Winter/AN_Win_Snow_2_Normal.png
  artifactKey: Guid(9cd4e1c801ae2b0479a5aab1b945a004) Importer(815301076,1909f56bfc062723c751e8b465ee728b)
Start importing Assets/AZURE Nature/Textures/Terrain/Winter/AN_Win_Snow_2_Normal.png using Guid(9cd4e1c801ae2b0479a5aab1b945a004) Importer(815301076,1909f56bfc062723c751e8b465ee728b)  -> (artifact id: '08ad7b0559b4fa520112240d93eec644') in 0.020486 seconds 
Number of updated asset objects reloaded before import = 0
Number of asset objects unloaded after import = 2
========================================================================
Received Import Request.
  Time since last request: 0.000022 seconds.
  path: Assets/AZURE Nature/Textures/Terrain/Winter/AN_Win_Ice_3_Albedo.png
  artifactKey: Guid(e2048883c8a8d944a99eda554898da96) Importer(815301076,1909f56bfc062723c751e8b465ee728b)
Start importing Assets/AZURE Nature/Textures/Terrain/Winter/AN_Win_Ice_3_Albedo.png using Guid(e2048883c8a8d944a99eda554898da96) Importer(815301076,1909f56bfc062723c751e8b465ee728b)  -> (artifact id: 'f8f42baf6f714cc2b7b96459274d6337') in 0.018458 seconds 
Number of updated asset objects reloaded before import = 0
Number of asset objects unloaded after import = 2
========================================================================
Received Import Request.
  Time since last request: 0.000019 seconds.
  path: Assets/AZURE Nature/Textures/Terrain/Winter/AN_Win_Ice_2_Albedo.png
  artifactKey: Guid(8bb3f4539447c67469248eba749f3be6) Importer(815301076,1909f56bfc062723c751e8b465ee728b)
Start importing Assets/AZURE Nature/Textures/Terrain/Winter/AN_Win_Ice_2_Albedo.png using Guid(8bb3f4539447c67469248eba749f3be6) Importer(815301076,1909f56bfc062723c751e8b465ee728b)  -> (artifact id: '24147dc49c0fef7fa1847a4cb264ef44') in 0.025214 seconds 
Number of updated asset objects reloaded before import = 0
Number of asset objects unloaded after import = 2
========================================================================
Received Import Request.
  Time since last request: 0.000029 seconds.
  path: Assets/AZURE Nature/Textures/Terrain/Winter/AN_Win_Snow_2_Albedo.png
  artifactKey: Guid(fb8bfb125e146ae4a80d9685b882d592) Importer(815301076,1909f56bfc062723c751e8b465ee728b)
Start importing Assets/AZURE Nature/Textures/Terrain/Winter/AN_Win_Snow_2_Albedo.png using Guid(fb8bfb125e146ae4a80d9685b882d592) Importer(815301076,1909f56bfc062723c751e8b465ee728b)  -> (artifact id: '826a621ca44802773a7e223a72c715cf') in 0.012848 seconds 
Number of updated asset objects reloaded before import = 0
Number of asset objects unloaded after import = 2
========================================================================
Received Import Request.
  Time since last request: 0.000034 seconds.
  path: Assets/AZURE Nature/Textures/Terrain/Winter/AN_Win_Ice_1_Normal.png
  artifactKey: Guid(7d24fa07888b2a44aa751c560f92a8c7) Importer(815301076,1909f56bfc062723c751e8b465ee728b)
Start importing Assets/AZURE Nature/Textures/Terrain/Winter/AN_Win_Ice_1_Normal.png using Guid(7d24fa07888b2a44aa751c560f92a8c7) Importer(815301076,1909f56bfc062723c751e8b465ee728b)  -> (artifact id: '5c27ec419e83196123fd5bff13b4095b') in 0.022850 seconds 
Number of updated asset objects reloaded before import = 0
Number of asset objects unloaded after import = 2
========================================================================
Received Import Request.
  Time since last request: 0.000026 seconds.
  path: Assets/AZURE Nature/Textures/Terrain/Winter/AN_Win_Ice_3_Normal.png
  artifactKey: Guid(00595d63d240a4347bf56344a89e5f6f) Importer(815301076,1909f56bfc062723c751e8b465ee728b)
Start importing Assets/AZURE Nature/Textures/Terrain/Winter/AN_Win_Ice_3_Normal.png using Guid(00595d63d240a4347bf56344a89e5f6f) Importer(815301076,1909f56bfc062723c751e8b465ee728b)  -> (artifact id: 'f8a2f647bd032f7dd9f852ef745d9af2') in 0.035735 seconds 
Number of updated asset objects reloaded before import = 0
Number of asset objects unloaded after import = 2
========================================================================
Received Import Request.
  Time since last request: 8.371335 seconds.
  path: Assets/AZURE Nature/Textures/Terrain/Winter/AN_Win_Ground_Normal.png
  artifactKey: Guid(987ab18a812c1674b8d42f41a4723e9b) Importer(815301076,1909f56bfc062723c751e8b465ee728b)
Start importing Assets/AZURE Nature/Textures/Terrain/Winter/AN_Win_Ground_Normal.png using Guid(987ab18a812c1674b8d42f41a4723e9b) Importer(815301076,1909f56bfc062723c751e8b465ee728b)  -> (artifact id: 'd5205e529a70c09dc12eaeb120526b8a') in 0.013610 seconds 
Number of updated asset objects reloaded before import = 0
Number of asset objects unloaded after import = 2
========================================================================
Received Import Request.
  Time since last request: 0.000030 seconds.
  path: Assets/AZURE Nature/Textures/Terrain/Winter/AN_Win_Ice_2_Normal.png
  artifactKey: Guid(3b9853615afb612418328f6bbec661b4) Importer(815301076,1909f56bfc062723c751e8b465ee728b)
Start importing Assets/AZURE Nature/Textures/Terrain/Winter/AN_Win_Ice_2_Normal.png using Guid(3b9853615afb612418328f6bbec661b4) Importer(815301076,1909f56bfc062723c751e8b465ee728b)  -> (artifact id: '6d68817d40012f4d0a3982881c3fcc6a') in 0.024983 seconds 
Number of updated asset objects reloaded before import = 0
Number of asset objects unloaded after import = 2
========================================================================
Received Import Request.
  Time since last request: 0.000029 seconds.
  path: Assets/AZURE Nature/Textures/Terrain/Winter/AN_Win_Snow_2_Normal.png
  artifactKey: Guid(9cd4e1c801ae2b0479a5aab1b945a004) Importer(815301076,1909f56bfc062723c751e8b465ee728b)
Start importing Assets/AZURE Nature/Textures/Terrain/Winter/AN_Win_Snow_2_Normal.png using Guid(9cd4e1c801ae2b0479a5aab1b945a004) Importer(815301076,1909f56bfc062723c751e8b465ee728b)  -> (artifact id: 'cc47d779e6b092d2d42ccf6aa5357644') in 0.022835 seconds 
Number of updated asset objects reloaded before import = 0
Number of asset objects unloaded after import = 2
========================================================================
Received Import Request.
  Time since last request: 0.000031 seconds.
  path: Assets/AZURE Nature/Textures/Terrain/Winter/AN_Win_Ice_3_Albedo.png
  artifactKey: Guid(e2048883c8a8d944a99eda554898da96) Importer(815301076,1909f56bfc062723c751e8b465ee728b)
Start importing Assets/AZURE Nature/Textures/Terrain/Winter/AN_Win_Ice_3_Albedo.png using Guid(e2048883c8a8d944a99eda554898da96) Importer(815301076,1909f56bfc062723c751e8b465ee728b)  -> (artifact id: 'e8fbf9145dd00787f58f0cc484f9eaf4') in 0.015654 seconds 
Number of updated asset objects reloaded before import = 0
Number of asset objects unloaded after import = 2
========================================================================
Received Import Request.
  Time since last request: 0.000023 seconds.
  path: Assets/AZURE Nature/Textures/Terrain/Winter/AN_Win_Ice_2_Albedo.png
  artifactKey: Guid(8bb3f4539447c67469248eba749f3be6) Importer(815301076,1909f56bfc062723c751e8b465ee728b)
Start importing Assets/AZURE Nature/Textures/Terrain/Winter/AN_Win_Ice_2_Albedo.png using Guid(8bb3f4539447c67469248eba749f3be6) Importer(815301076,1909f56bfc062723c751e8b465ee728b)  -> (artifact id: '3fe9dd10b9ca0f36c447de602f178813') in 0.014391 seconds 
Number of updated asset objects reloaded before import = 0
Number of asset objects unloaded after import = 2
========================================================================
Received Import Request.
  Time since last request: 0.000026 seconds.
  path: Assets/AZURE Nature/Textures/Terrain/Winter/AN_Win_Path_Normal.png
  artifactKey: Guid(b637b897261379f4599be5b47d1bc68a) Importer(815301076,1909f56bfc062723c751e8b465ee728b)
Start importing Assets/AZURE Nature/Textures/Terrain/Winter/AN_Win_Path_Normal.png using Guid(b637b897261379f4599be5b47d1bc68a) Importer(815301076,1909f56bfc062723c751e8b465ee728b)  -> (artifact id: '84e3b1d87390576f2f66c1dc28c83e75') in 0.016802 seconds 
Number of updated asset objects reloaded before import = 0
Number of asset objects unloaded after import = 2
========================================================================
Received Import Request.
  Time since last request: 0.000032 seconds.
  path: Assets/AZURE Nature/Textures/Terrain/Winter/AN_Win_Ice_1_Normal.png
  artifactKey: Guid(7d24fa07888b2a44aa751c560f92a8c7) Importer(815301076,1909f56bfc062723c751e8b465ee728b)
Start importing Assets/AZURE Nature/Textures/Terrain/Winter/AN_Win_Ice_1_Normal.png using Guid(7d24fa07888b2a44aa751c560f92a8c7) Importer(815301076,1909f56bfc062723c751e8b465ee728b)  -> (artifact id: '254ad84c682a2fa3664db2127995e5e8') in 0.015686 seconds 
Number of updated asset objects reloaded before import = 0
Number of asset objects unloaded after import = 2
========================================================================
Received Import Request.
  Time since last request: 0.000030 seconds.
  path: Assets/AZURE Nature/Textures/Terrain/Winter/AN_Win_Ice_3_Normal.png
  artifactKey: Guid(00595d63d240a4347bf56344a89e5f6f) Importer(815301076,1909f56bfc062723c751e8b465ee728b)
Start importing Assets/AZURE Nature/Textures/Terrain/Winter/AN_Win_Ice_3_Normal.png using Guid(00595d63d240a4347bf56344a89e5f6f) Importer(815301076,1909f56bfc062723c751e8b465ee728b)  -> (artifact id: '3995448154a87a705a2ec2cadc094268') in 0.020484 seconds 
Number of updated asset objects reloaded before import = 0
Number of asset objects unloaded after import = 2
========================================================================
Received Import Request.
  Time since last request: 9.297660 seconds.
  path: Assets/AZURE Nature/Textures/Terrain/Autumn/AN_Aut_Grass_1_Normal.png
  artifactKey: Guid(23b5dc4ff9c849d439843d3cc849829c) Importer(815301076,1909f56bfc062723c751e8b465ee728b)
Start importing Assets/AZURE Nature/Textures/Terrain/Autumn/AN_Aut_Grass_1_Normal.png using Guid(23b5dc4ff9c849d439843d3cc849829c) Importer(815301076,1909f56bfc062723c751e8b465ee728b)  -> (artifact id: '8e1a2a3d9835044266187c3dd1027630') in 0.017048 seconds 
Number of updated asset objects reloaded before import = 0
Number of asset objects unloaded after import = 2
========================================================================
Received Import Request.
  Time since last request: 0.000042 seconds.
  path: Assets/AZURE Nature/Textures/Terrain/Autumn/AN_Aut_Path_Albedo.png
  artifactKey: Guid(253d73bcf0b6b5649bc01f4df9259a8f) Importer(815301076,1909f56bfc062723c751e8b465ee728b)
Start importing Assets/AZURE Nature/Textures/Terrain/Autumn/AN_Aut_Path_Albedo.png using Guid(253d73bcf0b6b5649bc01f4df9259a8f) Importer(815301076,1909f56bfc062723c751e8b465ee728b)  -> (artifact id: 'cc8d3ad068cc11b9b8f625b69d891f40') in 0.024307 seconds 
Number of updated asset objects reloaded before import = 0
Number of asset objects unloaded after import = 2
========================================================================
Received Import Request.
  Time since last request: 0.000061 seconds.
  path: Assets/AZURE Nature/Textures/Terrain/Autumn/AN_Aut_Ground_2_Normal.png
  artifactKey: Guid(8b748cbb85821134397f0502790ffece) Importer(815301076,1909f56bfc062723c751e8b465ee728b)
Start importing Assets/AZURE Nature/Textures/Terrain/Autumn/AN_Aut_Ground_2_Normal.png using Guid(8b748cbb85821134397f0502790ffece) Importer(815301076,1909f56bfc062723c751e8b465ee728b)  -> (artifact id: 'a1a10cbe2aaa083c26b52e0cb6885277') in 0.023965 seconds 
Number of updated asset objects reloaded before import = 0
Number of asset objects unloaded after import = 2
========================================================================
Received Import Request.
  Time since last request: 0.000026 seconds.
  path: Assets/AZURE Nature/Textures/Terrain/Autumn/AN_Aut_Ground_1_Normal.png
  artifactKey: Guid(e89c59176134eee4198540abff1018ec) Importer(815301076,1909f56bfc062723c751e8b465ee728b)
Start importing Assets/AZURE Nature/Textures/Terrain/Autumn/AN_Aut_Ground_1_Normal.png using Guid(e89c59176134eee4198540abff1018ec) Importer(815301076,1909f56bfc062723c751e8b465ee728b)  -> (artifact id: '34827fd970a3741f98e23dccd474698d') in 0.023055 seconds 
Number of updated asset objects reloaded before import = 0
Number of asset objects unloaded after import = 2
========================================================================
Received Import Request.
  Time since last request: 0.000020 seconds.
  path: Assets/AZURE Nature/Textures/Terrain/Autumn/AN_Aut_Grass_4_Normal.png
  artifactKey: Guid(a01e99d7be80dc7448bffe08956958c0) Importer(815301076,1909f56bfc062723c751e8b465ee728b)
Start importing Assets/AZURE Nature/Textures/Terrain/Autumn/AN_Aut_Grass_4_Normal.png using Guid(a01e99d7be80dc7448bffe08956958c0) Importer(815301076,1909f56bfc062723c751e8b465ee728b)  -> (artifact id: 'ae1ffa71676ca699ec035ab84e0fbea9') in 0.017503 seconds 
Number of updated asset objects reloaded before import = 0
Number of asset objects unloaded after import = 2
========================================================================
Received Import Request.
  Time since last request: 0.000025 seconds.
  path: Assets/AZURE Nature/Textures/Terrain/Autumn/AN_Aut_Leaves_Albedo.png
  artifactKey: Guid(1e981d35459dbd34ca635dbc17207d5f) Importer(815301076,1909f56bfc062723c751e8b465ee728b)
Start importing Assets/AZURE Nature/Textures/Terrain/Autumn/AN_Aut_Leaves_Albedo.png using Guid(1e981d35459dbd34ca635dbc17207d5f) Importer(815301076,1909f56bfc062723c751e8b465ee728b)  -> (artifact id: '7b45628af53eb28a9cab0668d81d2eda') in 0.014657 seconds 
Number of updated asset objects reloaded before import = 0
Number of asset objects unloaded after import = 2
========================================================================
Received Import Request.
  Time since last request: 0.000027 seconds.
  path: Assets/AZURE Nature/Textures/Terrain/Autumn/AN_Aut_Ground_1_Albedo.png
  artifactKey: Guid(66dd781f592b04f45b2e82739db9d8af) Importer(815301076,1909f56bfc062723c751e8b465ee728b)
Start importing Assets/AZURE Nature/Textures/Terrain/Autumn/AN_Aut_Ground_1_Albedo.png using Guid(66dd781f592b04f45b2e82739db9d8af) Importer(815301076,1909f56bfc062723c751e8b465ee728b)  -> (artifact id: '78bc18479b3b9d5c63b554cee343c42e') in 0.034196 seconds 
Number of updated asset objects reloaded before import = 0
Number of asset objects unloaded after import = 2
========================================================================
Received Import Request.
  Time since last request: 0.000025 seconds.
  path: Assets/AZURE Nature/Textures/Terrain/Autumn/AN_Aut_Path_Normal.png
  artifactKey: Guid(a8824f426ae063a488b304c3138372cf) Importer(815301076,1909f56bfc062723c751e8b465ee728b)
Start importing Assets/AZURE Nature/Textures/Terrain/Autumn/AN_Aut_Path_Normal.png using Guid(a8824f426ae063a488b304c3138372cf) Importer(815301076,1909f56bfc062723c751e8b465ee728b)  -> (artifact id: '4e523b19f79540a55fa637bffb27860c') in 0.012656 seconds 
Number of updated asset objects reloaded before import = 0
Number of asset objects unloaded after import = 2
========================================================================
Received Import Request.
  Time since last request: 12.517160 seconds.
  path: Assets/AZURE Nature/Textures/Terrain/Summer/AN_Sum_Rock_Normal.png
  artifactKey: Guid(5022d3a6d098d0c42a0ebeb9a1ba8cfc) Importer(815301076,1909f56bfc062723c751e8b465ee728b)
Start importing Assets/AZURE Nature/Textures/Terrain/Summer/AN_Sum_Rock_Normal.png using Guid(5022d3a6d098d0c42a0ebeb9a1ba8cfc) Importer(815301076,1909f56bfc062723c751e8b465ee728b)  -> (artifact id: '482cc0a8ac489ef30c4dd3227745d785') in 0.018961 seconds 
Number of updated asset objects reloaded before import = 0
Number of asset objects unloaded after import = 2
========================================================================
Received Import Request.
  Time since last request: 229.911823 seconds.
  path: Assets/AZURE Nature/Prefabs/AN_Fir_1.prefab
  artifactKey: Guid(81a4ae3b32471cc469f44a6af7acd727) Importer(815301076,1909f56bfc062723c751e8b465ee728b)
Start importing Assets/AZURE Nature/Prefabs/AN_Fir_1.prefab using Guid(81a4ae3b32471cc469f44a6af7acd727) Importer(815301076,1909f56bfc062723c751e8b465ee728b)  -> (artifact id: '68fbdfb2974107b7b859298ec0983e84') in 0.145229 seconds 
Number of updated asset objects reloaded before import = 0
Number of asset objects unloaded after import = 31
========================================================================
Received Import Request.
  Time since last request: 0.000035 seconds.
  path: Assets/AZURE Nature/Prefabs/AN_Rock_1 Variant.prefab
  artifactKey: Guid(3a3c223f919a32b4290d76e0852d1fc2) Importer(815301076,1909f56bfc062723c751e8b465ee728b)
Start importing Assets/AZURE Nature/Prefabs/AN_Rock_1 Variant.prefab using Guid(3a3c223f919a32b4290d76e0852d1fc2) Importer(815301076,1909f56bfc062723c751e8b465ee728b)  -> (artifact id: '67c29d4f58ea63ee3b176074e75f4a2d') in 0.043987 seconds 
Number of updated asset objects reloaded before import = 0
Number of asset objects unloaded after import = 39
========================================================================
Received Import Request.
  Time since last request: 0.484246 seconds.
  path: Assets/AZURE Nature/Prefabs/AN_Rock_1 Variant.prefab
  artifactKey: Guid(3a3c223f919a32b4290d76e0852d1fc2) Importer(815301076,1909f56bfc062723c751e8b465ee728b)
Start importing Assets/AZURE Nature/Prefabs/AN_Rock_1 Variant.prefab using Guid(3a3c223f919a32b4290d76e0852d1fc2) Importer(815301076,1909f56bfc062723c751e8b465ee728b)  -> (artifact id: 'b6b143e474abe40d0ff41ecd28178634') in 0.029428 seconds 
Number of updated asset objects reloaded before import = 0
Number of asset objects unloaded after import = 39
========================================================================
Received Import Request.
  Time since last request: 8.590646 seconds.
  path: Assets/AZURE Nature/Prefabs/AN_Cliff_1_Cov.prefab
  artifactKey: Guid(ce0a6387523d8a94cb51bf837dfd46fe) Importer(815301076,1909f56bfc062723c751e8b465ee728b)
Start importing Assets/AZURE Nature/Prefabs/AN_Cliff_1_Cov.prefab using Guid(ce0a6387523d8a94cb51bf837dfd46fe) Importer(815301076,1909f56bfc062723c751e8b465ee728b)  -> (artifact id: 'bab8d72d66580d33c933d76c88782dd2') in 0.033353 seconds 
Number of updated asset objects reloaded before import = 0
Number of asset objects unloaded after import = 25
========================================================================
Received Import Request.
  Time since last request: 0.000019 seconds.
  path: Assets/AZURE Nature/Prefabs/AN_Rock_1_Cov.prefab
  artifactKey: Guid(4a691fc28e6ddb341bf0fbc1647d56d3) Importer(815301076,1909f56bfc062723c751e8b465ee728b)
Start importing Assets/AZURE Nature/Prefabs/AN_Rock_1_Cov.prefab using Guid(4a691fc28e6ddb341bf0fbc1647d56d3) Importer(815301076,1909f56bfc062723c751e8b465ee728b)  -> (artifact id: '5b24639a0845600e8390de187144eeff') in 0.032192 seconds 
Number of updated asset objects reloaded before import = 0
Number of asset objects unloaded after import = 23
========================================================================
Received Import Request.
  Time since last request: 0.000024 seconds.
  path: Assets/AZURE Nature/Prefabs/AN_Fir_2.prefab
  artifactKey: Guid(69f22acb59be2f54bb8d637cc242e2a4) Importer(815301076,1909f56bfc062723c751e8b465ee728b)
Start importing Assets/AZURE Nature/Prefabs/AN_Fir_2.prefab using Guid(69f22acb59be2f54bb8d637cc242e2a4) Importer(815301076,1909f56bfc062723c751e8b465ee728b)  -> (artifact id: 'd5c5236d744bc36eb79249875504c97c') in 0.040891 seconds 
Number of updated asset objects reloaded before import = 0
Number of asset objects unloaded after import = 31
========================================================================
Received Import Request.
  Time since last request: 0.000033 seconds.
  path: Assets/AZURE Nature/Prefabs/AN_Fir_5.prefab
  artifactKey: Guid(f00df208b62c11f44a29d76be3c78ac9) Importer(815301076,1909f56bfc062723c751e8b465ee728b)
Start importing Assets/AZURE Nature/Prefabs/AN_Fir_5.prefab using Guid(f00df208b62c11f44a29d76be3c78ac9) Importer(815301076,1909f56bfc062723c751e8b465ee728b)  -> (artifact id: '39513303e7ccbac46bab9a845aef5745') in 0.028265 seconds 
Number of updated asset objects reloaded before import = 0
Number of asset objects unloaded after import = 31
========================================================================
Received Import Request.
  Time since last request: 0.000023 seconds.
  path: Assets/AZURE Nature/Prefabs/AN_Rock_2_Cov.prefab
  artifactKey: Guid(27544902da1189444a3b7eb4c0a96acd) Importer(815301076,1909f56bfc062723c751e8b465ee728b)
Start importing Assets/AZURE Nature/Prefabs/AN_Rock_2_Cov.prefab using Guid(27544902da1189444a3b7eb4c0a96acd) Importer(815301076,1909f56bfc062723c751e8b465ee728b)  -> (artifact id: 'c9482dd436c39759c5bd8a78ba7f0d2e') in 0.029145 seconds 
Number of updated asset objects reloaded before import = 0
Number of asset objects unloaded after import = 23
========================================================================
Received Import Request.
  Time since last request: 0.000030 seconds.
  path: Assets/AZURE Nature/Prefabs/AN_Stones_1_Cov.prefab
  artifactKey: Guid(49006efed6d227140b66b66c7882ffae) Importer(815301076,1909f56bfc062723c751e8b465ee728b)
Start importing Assets/AZURE Nature/Prefabs/AN_Stones_1_Cov.prefab using Guid(49006efed6d227140b66b66c7882ffae) Importer(815301076,1909f56bfc062723c751e8b465ee728b)  -> (artifact id: 'add708f47507e2bca5761cf5a964aa1a') in 0.041939 seconds 
Number of updated asset objects reloaded before import = 0
Number of asset objects unloaded after import = 22
========================================================================
Received Import Request.
  Time since last request: 134.159475 seconds.
  path: Assets/AZURE Nature/Models/AN_Cliff_2.fbx
  artifactKey: Guid(b69ed24a53a747f408064bb6c6f9c264) Importer(815301076,1909f56bfc062723c751e8b465ee728b)
Start importing Assets/AZURE Nature/Models/AN_Cliff_2.fbx using Guid(b69ed24a53a747f408064bb6c6f9c264) Importer(815301076,1909f56bfc062723c751e8b465ee728b)  -> (artifact id: 'ce00db24a2e4c6741f85bf1b00aaa2a2') in 0.070462 seconds 
Number of updated asset objects reloaded before import = 0
Number of asset objects unloaded after import = 21
========================================================================
Received Import Request.
  Time since last request: 0.000028 seconds.
  path: Assets/AZURE Nature/Models/AN_Rock_2.fbx
  artifactKey: Guid(a8c958098a58d374b9b263fce7e5c7e6) Importer(815301076,1909f56bfc062723c751e8b465ee728b)
Start importing Assets/AZURE Nature/Models/AN_Rock_2.fbx using Guid(a8c958098a58d374b9b263fce7e5c7e6) Importer(815301076,1909f56bfc062723c751e8b465ee728b)  -> (artifact id: '6b7d2bf0538b2c20abbd9b93ee3fea6b') in 0.048112 seconds 
Number of updated asset objects reloaded before import = 0
Number of asset objects unloaded after import = 21
========================================================================
Received Import Request.
  Time since last request: 0.000023 seconds.
  path: Assets/AZURE Nature/Models/AN_Fir_4.fbx
  artifactKey: Guid(521039af8397c3546bb9a7669c3e48fb) Importer(815301076,1909f56bfc062723c751e8b465ee728b)
Start importing Assets/AZURE Nature/Models/AN_Fir_4.fbx using Guid(521039af8397c3546bb9a7669c3e48fb) Importer(815301076,1909f56bfc062723c751e8b465ee728b)  -> (artifact id: '9b83ef91bbcbe7dc331462f55e3cc2e7') in 0.067572 seconds 
Number of updated asset objects reloaded before import = 0
Number of asset objects unloaded after import = 32
========================================================================
Received Import Request.
  Time since last request: 0.000040 seconds.
  path: Assets/AZURE Nature/Models/AN_Fir_1.fbx
  artifactKey: Guid(3880973bd8cdc7543b0877351dfda381) Importer(815301076,1909f56bfc062723c751e8b465ee728b)
Start importing Assets/AZURE Nature/Models/AN_Fir_1.fbx using Guid(3880973bd8cdc7543b0877351dfda381) Importer(815301076,1909f56bfc062723c751e8b465ee728b)  -> (artifact id: '515feca9f0f6a37897a522b09e4c3ce4') in 0.062477 seconds 
Number of updated asset objects reloaded before import = 0
Number of asset objects unloaded after import = 32
========================================================================
Received Import Request.
  Time since last request: 0.000024 seconds.
  path: Assets/AZURE Nature/Models/AN_Stones_1.fbx
  artifactKey: Guid(50a94adb47f8904418912f9f539b2e55) Importer(815301076,1909f56bfc062723c751e8b465ee728b)
Start importing Assets/AZURE Nature/Models/AN_Stones_1.fbx using Guid(50a94adb47f8904418912f9f539b2e55) Importer(815301076,1909f56bfc062723c751e8b465ee728b)  -> (artifact id: '9af32719853eb6aef71ffd8ca6356e5c') in 0.044101 seconds 
Number of updated asset objects reloaded before import = 0
Number of asset objects unloaded after import = 21
========================================================================
Received Import Request.
  Time since last request: 0.000023 seconds.
  path: Assets/AZURE Nature/Models/AN_Rock_1.fbx
  artifactKey: Guid(91b49f1984ef8eb49b2e4c1910cfb2b0) Importer(815301076,1909f56bfc062723c751e8b465ee728b)
Start importing Assets/AZURE Nature/Models/AN_Rock_1.fbx using Guid(91b49f1984ef8eb49b2e4c1910cfb2b0) Importer(815301076,1909f56bfc062723c751e8b465ee728b)  -> (artifact id: '5f6dd143305ca79a4b1df82aacd908f4') in 0.038558 seconds 
Number of updated asset objects reloaded before import = 0
Number of asset objects unloaded after import = 21
========================================================================
Received Import Request.
  Time since last request: 428.720701 seconds.
  path: Assets/AZURE Nature/Materials/Rocks/AN_Cliff_1_Cov.mat
  artifactKey: Guid(23d1fbae1bf6b48409d6f19648cb36dc) Importer(815301076,1909f56bfc062723c751e8b465ee728b)
Start importing Assets/AZURE Nature/Materials/Rocks/AN_Cliff_1_Cov.mat using Guid(23d1fbae1bf6b48409d6f19648cb36dc) Importer(815301076,1909f56bfc062723c751e8b465ee728b)  -> (artifact id: '9d7bde8f80c5e1700098b9aec808d1aa') in 0.028483 seconds 
Number of updated asset objects reloaded before import = 0
Number of asset objects unloaded after import = 8
========================================================================
Received Import Request.
  Time since last request: 0.000027 seconds.
  path: Assets/AZURE Nature/Materials/Rocks/AN_Rock_1_Cov.mat
  artifactKey: Guid(82e1cc75762845347b97ed79d96636a3) Importer(815301076,1909f56bfc062723c751e8b465ee728b)
Start importing Assets/AZURE Nature/Materials/Rocks/AN_Rock_1_Cov.mat using Guid(82e1cc75762845347b97ed79d96636a3) Importer(815301076,1909f56bfc062723c751e8b465ee728b)  -> (artifact id: '2a3e361ce9ea5c0f5d5a48d3903bb9ed') in 0.024442 seconds 
Number of updated asset objects reloaded before import = 0
Number of asset objects unloaded after import = 6
========================================================================
Received Import Request.
  Time since last request: 0.000021 seconds.
  path: Assets/AZURE Nature/Materials/Rocks/AN_Rock_2_Cov.mat
  artifactKey: Guid(e9105dfdb278fa94382b080fa2252de7) Importer(815301076,1909f56bfc062723c751e8b465ee728b)
Start importing Assets/AZURE Nature/Materials/Rocks/AN_Rock_2_Cov.mat using Guid(e9105dfdb278fa94382b080fa2252de7) Importer(815301076,1909f56bfc062723c751e8b465ee728b)  -> (artifact id: 'e870a820c6c80e67f30c123d889fc1be') in 0.022168 seconds 
Number of updated asset objects reloaded before import = 0
Number of asset objects unloaded after import = 6
========================================================================
Received Import Request.
  Time since last request: 0.000026 seconds.
  path: Assets/AZURE Nature/Materials/Rocks/AN_Rock_2.mat
  artifactKey: Guid(d84eed23cf016834a82c1a47e8ae68f1) Importer(815301076,1909f56bfc062723c751e8b465ee728b)
Start importing Assets/AZURE Nature/Materials/Rocks/AN_Rock_2.mat using Guid(d84eed23cf016834a82c1a47e8ae68f1) Importer(815301076,1909f56bfc062723c751e8b465ee728b)  -> (artifact id: '410cfb6052b558f8315a8ab4e06a7613') in 0.020859 seconds 
Number of updated asset objects reloaded before import = 0
Number of asset objects unloaded after import = 7
========================================================================
Received Import Request.
  Time since last request: 0.000036 seconds.
  path: Assets/AZURE Nature/Materials/Rocks/AN_Cliff_2.mat
  artifactKey: Guid(da0b6a3af42c51241ae88077906d50cb) Importer(815301076,1909f56bfc062723c751e8b465ee728b)
Start importing Assets/AZURE Nature/Materials/Rocks/AN_Cliff_2.mat using Guid(da0b6a3af42c51241ae88077906d50cb) Importer(815301076,1909f56bfc062723c751e8b465ee728b)  -> (artifact id: '76f7cbbcec648ccb9731fa0cec15fce3') in 0.022339 seconds 
Number of updated asset objects reloaded before import = 0
Number of asset objects unloaded after import = 7
========================================================================
Received Import Request.
  Time since last request: 0.000029 seconds.
  path: Assets/AZURE Nature/Materials/Rocks/AN_Rock_3.mat
  artifactKey: Guid(3b3790ba630989c4897c2a9374fcccad) Importer(815301076,1909f56bfc062723c751e8b465ee728b)
Start importing Assets/AZURE Nature/Materials/Rocks/AN_Rock_3.mat using Guid(3b3790ba630989c4897c2a9374fcccad) Importer(815301076,1909f56bfc062723c751e8b465ee728b)  -> (artifact id: 'd08b54398f7d8b953470ace14e0f66a0') in 0.021339 seconds 
Number of updated asset objects reloaded before import = 0
Number of asset objects unloaded after import = 7
