Using pre-set license
Built from '2022.3/staging' branch; Version is '2022.3.4f1 (35713cd46cd7) revision 3502396'; Using compiler version '192829333'; Build Type 'Release'
OS: 'Windows 11  (10.0.22621) 64bit Core' Language: 'ja' Physical Memory: 7831 MB
BatchMode: 1, IsHumanControllingUs: 0, StartBugReporterOnCrash: 0, Is64bit: 1, IsPro: 1

COMMAND LINE ARGUMENTS:
C:\Program Files\Unity\Hub\Editor\2022.3.4f1\Editor\Unity.exe
-adb2
-batchMode
-noUpm
-name
AssetImportWorker3
-projectPath
C:/3Dgame/NIR-A-game-/NIR-A-game-
-logFile
Logs/AssetImportWorker3.log
-srvPort
59515
Successfully changed project path to: C:/3Dgame/NIR-A-game-/NIR-A-game-
C:/3Dgame/NIR-A-game-/NIR-A-game-
[UnityMemory] Configuration Parameters - Can be set up in boot.config
    "memorysetup-bucket-allocator-granularity=16"
    "memorysetup-bucket-allocator-bucket-count=8"
    "memorysetup-bucket-allocator-block-size=33554432"
    "memorysetup-bucket-allocator-block-count=8"
    "memorysetup-main-allocator-block-size=16777216"
    "memorysetup-thread-allocator-block-size=16777216"
    "memorysetup-gfx-main-allocator-block-size=16777216"
    "memorysetup-gfx-thread-allocator-block-size=16777216"
    "memorysetup-cache-allocator-block-size=4194304"
    "memorysetup-typetree-allocator-block-size=2097152"
    "memorysetup-profiler-bucket-allocator-granularity=16"
    "memorysetup-profiler-bucket-allocator-bucket-count=8"
    "memorysetup-profiler-bucket-allocator-block-size=33554432"
    "memorysetup-profiler-bucket-allocator-block-count=8"
    "memorysetup-profiler-allocator-block-size=16777216"
    "memorysetup-profiler-editor-allocator-block-size=1048576"
    "memorysetup-temp-allocator-size-main=16777216"
    "memorysetup-job-temp-allocator-block-size=2097152"
    "memorysetup-job-temp-allocator-block-size-background=1048576"
    "memorysetup-job-temp-allocator-reduction-small-platforms=262144"
    "memorysetup-allocator-temp-initial-block-size-main=262144"
    "memorysetup-allocator-temp-initial-block-size-worker=262144"
    "memorysetup-temp-allocator-size-background-worker=32768"
    "memorysetup-temp-allocator-size-job-worker=262144"
    "memorysetup-temp-allocator-size-preload-manager=33554432"
    "memorysetup-temp-allocator-size-nav-mesh-worker=65536"
    "memorysetup-temp-allocator-size-audio-worker=65536"
    "memorysetup-temp-allocator-size-cloud-worker=32768"
    "memorysetup-temp-allocator-size-gi-baking-worker=262144"
    "memorysetup-temp-allocator-size-gfx=262144"
Player connection [1448] Host "[IP] 192.168.11.2 [Port] 0 [Flags] 2 [Guid] 660806192 [EditorId] 660806192 [Version] 1048832 [Id] WindowsEditor(7,meganenomegane) [Debug] 1 [PackageName] WindowsEditor [ProjectName] Editor" joined multi-casting on [225.0.0.222:54997]...

Player connection [1448] Host "[IP] 192.168.11.2 [Port] 0 [Flags] 2 [Guid] 660806192 [EditorId] 660806192 [Version] 1048832 [Id] WindowsEditor(7,meganenomegane) [Debug] 1 [PackageName] WindowsEditor [ProjectName] Editor" joined alternative multi-casting on [225.0.0.222:34997]...

Refreshing native plugins compatible for Editor in 44.38 ms, found 7 plugins.
Preloading 0 native plugins for Editor in 0.00 ms.
Initialize engine version: 2022.3.4f1 (35713cd46cd7)
[Subsystems] Discovering subsystems at path C:/Program Files/Unity/Hub/Editor/2022.3.4f1/Editor/Data/Resources/UnitySubsystems
[Subsystems] Discovering subsystems at path C:/3Dgame/NIR-A-game-/NIR-A-game-/Assets
GfxDevice: creating device client; threaded=0; jobified=0
Direct3D:
    Version:  Direct3D 11.0 [level 11.1]
    Renderer: Intel(R) Iris(R) Xe Graphics (ID=0x9a49)
    Vendor:   Intel
    VRAM:     3915 MB
    Driver:   31.0.101.4314
Shader 'IL3DN/Branch': fallback shader 'False' not found
Shader 'IL3DN/Leaf': fallback shader 'False' not found
Initialize mono
Mono path[0] = 'C:/Program Files/Unity/Hub/Editor/2022.3.4f1/Editor/Data/Managed'
Mono path[1] = 'C:/Program Files/Unity/Hub/Editor/2022.3.4f1/Editor/Data/MonoBleedingEdge/lib/mono/unityjit-win32'
Mono config path = 'C:/Program Files/Unity/Hub/Editor/2022.3.4f1/Editor/Data/MonoBleedingEdge/etc'
Using monoOptions --debugger-agent=transport=dt_socket,embedding=1,server=y,suspend=n,address=127.0.0.1:56396
Begin MonoManager ReloadAssembly
Registering precompiled unity dll's ...
Register platform support module: C:/Program Files/Unity/Hub/Editor/2022.3.4f1/Editor/Data/PlaybackEngines/WebGLSupport/UnityEditor.WebGL.Extensions.dll
Register platform support module: C:/Program Files/Unity/Hub/Editor/2022.3.4f1/Editor/Data/PlaybackEngines/AndroidPlayer/UnityEditor.Android.Extensions.dll
Register platform support module: C:/Program Files/Unity/Hub/Editor/2022.3.4f1/Editor/Data/PlaybackEngines/iOSSupport/UnityEditor.iOS.Extensions.dll
Register platform support module: C:/Program Files/Unity/Hub/Editor/2022.3.4f1/Editor/Data/PlaybackEngines/WindowsStandaloneSupport/UnityEditor.WindowsStandalone.Extensions.dll
Register platform support module: C:/Program Files/Unity/Hub/Editor/2022.3.4f1/Editor/Data/PlaybackEngines/MetroSupport/UnityEditor.UWP.Extensions.dll
Registered in 0.016599 seconds.
- Loaded All Assemblies, in  0.726 seconds
Native extension for UWP target not found
Native extension for WindowsStandalone target not found
[usbmuxd] Start listen thread
[usbmuxd] Listen thread started
Native extension for iOS target not found
Native extension for Android target not found
Android Extension - Scanning For ADB Devices 2264 ms
Native extension for WebGL target not found
Mono: successfully reloaded assembly
- Finished resetting the current domain, in  4.692 seconds
Domain Reload Profiling: 5417ms
	BeginReloadAssembly (165ms)
		ExecutionOrderSort (0ms)
		DisableScriptedObjects (0ms)
		BackupInstance (0ms)
		ReleaseScriptingObjects (0ms)
		CreateAndSetChildDomain (1ms)
	RebuildCommonClasses (67ms)
	RebuildNativeTypeToScriptingClass (25ms)
	initialDomainReloadingComplete (104ms)
	LoadAllAssembliesAndSetupDomain (361ms)
		LoadAssemblies (164ms)
		RebuildTransferFunctionScriptingTraits (0ms)
		AnalyzeDomain (349ms)
			TypeCache.Refresh (339ms)
				TypeCache.ScanAssembly (284ms)
			ScanForSourceGeneratedMonoScriptInfo (7ms)
			ResolveRequiredComponents (3ms)
	FinalizeReload (4694ms)
		ReleaseScriptCaches (0ms)
		RebuildScriptCaches (0ms)
		SetupLoadedEditorAssemblies (4322ms)
			LogAssemblyErrors (0ms)
			InitializePlatformSupportModulesInManaged (3170ms)
			SetLoadedEditorAssemblies (28ms)
			RefreshPlugins (0ms)
			BeforeProcessingInitializeOnLoad (19ms)
			ProcessInitializeOnLoadAttributes (792ms)
			ProcessInitializeOnLoadMethodAttributes (312ms)
			AfterProcessingInitializeOnLoad (0ms)
			EditorAssembliesLoaded (1ms)
		ExecutionOrderSort2 (0ms)
		AwakeInstancesAfterBackupRestoration (0ms)
========================================================================
Worker process is ready to serve import requests
Begin MonoManager ReloadAssembly
Symbol file LoadedFromMemory doesn't match image C:\3Dgame\NIR-A-game-\NIR-A-game-\Library\PackageCache\com.unity.visualscripting@1.8.0\Editor\VisualScripting.Core\Dependencies\YamlDotNet\Unity.VisualScripting.YamlDotNet.dll
Symbol file LoadedFromMemory doesn't match image C:\3Dgame\NIR-A-game-\NIR-A-game-\Library\PackageCache\com.unity.visualscripting@1.8.0\Editor\VisualScripting.Core\Dependencies\DotNetZip\Unity.VisualScripting.IonicZip.dll
- Loaded All Assemblies, in 28.954 seconds
Refreshing native plugins compatible for Editor in 29.87 ms, found 7 plugins.
Native extension for UWP target not found
Native extension for WindowsStandalone target not found
Native extension for iOS target not found
Native extension for Android target not found
Native extension for WebGL target not found
[MODES] ModeService[none].Initialize
[MODES] ModeService[none].LoadModes
[MODES] Loading mode Default (0) for mode-current-id-New main project
Mono: successfully reloaded assembly
- Finished resetting the current domain, in  4.329 seconds
Domain Reload Profiling: 33266ms
	BeginReloadAssembly (373ms)
		ExecutionOrderSort (0ms)
		DisableScriptedObjects (14ms)
		BackupInstance (0ms)
		ReleaseScriptingObjects (1ms)
		CreateAndSetChildDomain (49ms)
	RebuildCommonClasses (83ms)
	RebuildNativeTypeToScriptingClass (22ms)
	initialDomainReloadingComplete (93ms)
	LoadAllAssembliesAndSetupDomain (28363ms)
		LoadAssemblies (26650ms)
		RebuildTransferFunctionScriptingTraits (0ms)
		AnalyzeDomain (1852ms)
			TypeCache.Refresh (1725ms)
				TypeCache.ScanAssembly (1571ms)
			ScanForSourceGeneratedMonoScriptInfo (70ms)
			ResolveRequiredComponents (56ms)
	FinalizeReload (4331ms)
		ReleaseScriptCaches (0ms)
		RebuildScriptCaches (0ms)
		SetupLoadedEditorAssemblies (3878ms)
			LogAssemblyErrors (0ms)
			InitializePlatformSupportModulesInManaged (80ms)
			SetLoadedEditorAssemblies (8ms)
			RefreshPlugins (0ms)
			BeforeProcessingInitializeOnLoad (168ms)
			ProcessInitializeOnLoadAttributes (3452ms)
			ProcessInitializeOnLoadMethodAttributes (157ms)
			AfterProcessingInitializeOnLoad (13ms)
			EditorAssembliesLoaded (0ms)
		ExecutionOrderSort2 (0ms)
		AwakeInstancesAfterBackupRestoration (11ms)
Shader 'IL3DN/Branch': fallback shader 'False' not found
Shader 'IL3DN/Leaf': fallback shader 'False' not found
Launched and connected shader compiler UnityShaderCompiler.exe after 0.20 seconds
Refreshing native plugins compatible for Editor in 14.15 ms, found 7 plugins.
Preloading 0 native plugins for Editor in 0.00 ms.
Unloading 7103 Unused Serialized files (Serialized files now loaded: 0)
Unloading 128 unused Assets / (2.4 MB). Loaded Objects now: 7567.
Memory consumption went from 311.8 MB to 309.4 MB.
Total: 28.863400 ms (FindLiveObjects: 1.060200 ms CreateObjectMapping: 0.769700 ms MarkObjects: 23.740500 ms  DeleteObjects: 3.290900 ms)

AssetImportParameters requested are different than current active one (requested -> active):
  custom:container-demuxer-ogg: 62fdf1f143b41e24485cea50d1cbac27 -> 
  custom:framework-win-MediaFoundation: 216162199b28c13a410421893ffa2e32 -> 
  custom:container-muxer-webm: aa71ff27fc2769a1b78a27578f13a17b -> 
  custom:video-decoder-webm-vp8: 9c59270c3fd7afecdb556c50c9e8de78 -> 
  custom:AudioImporter_EditorPlatform: d09bf68614088b80899f8185d706f6e7 -> 
  custom:audio-decoder-ogg-vorbis: bf7c407c2cedff20999df2af8eb42d56 -> 
  custom:audio-encoder-webm-vorbis: bf7c407c2cedff20999df2af8eb42d56 -> 
  custom:video-codec-MediaFoundation-h265: 746d11721c4dcdbdad8f713fa42b33f4 -> 
  custom:video-decoder-ogg-theora: a1e56fd34408186e4bbccfd4996cb3dc -> 
  custom:CustomObjectIndexerAttribute: a3ef5dd2817f97addfee359851a9dba5 -> 
  custom:container-demuxer-webm: 4f35f7cbe854078d1ac9338744f61a02 -> 
  custom:video-encoder-webm-vp8: eb34c28f22e8b96e1ab97ce403110664 -> 
========================================================================
Received Import Request.
  Time since last request: 69728.369206 seconds.
  path: Assets/雄太/chara/character/Animators/archer-nor.fbx
  artifactKey: Guid(a8d5e8b7bbf729241afc720db0aebcf1) Importer(815301076,1909f56bfc062723c751e8b465ee728b)
Start importing Assets/雄太/chara/character/Animators/archer-nor.fbx using Guid(a8d5e8b7bbf729241afc720db0aebcf1) Importer(815301076,1909f56bfc062723c751e8b465ee728b)  -> (artifact id: 'e555cd1ee771aa58e4a89b9cd4e16aa6') in 0.122365 seconds
Number of updated asset objects reloaded before import = 0
Number of asset objects unloaded after import = 348
========================================================================
Received Import Request.
  Time since last request: 0.000024 seconds.
  path: Assets/雄太/chara/character/Animators/MaskFace.mask
  artifactKey: Guid(720b39ce46c2b1a46a772be69faf3539) Importer(815301076,1909f56bfc062723c751e8b465ee728b)
Start importing Assets/雄太/chara/character/Animators/MaskFace.mask using Guid(720b39ce46c2b1a46a772be69faf3539) Importer(815301076,1909f56bfc062723c751e8b465ee728b)  -> (artifact id: '5690fa36b47c482aa88c25aa0472fc05') in 0.003154 seconds
Number of updated asset objects reloaded before import = 0
Number of asset objects unloaded after import = 1
========================================================================
Received Import Request.
  Time since last request: 0.000287 seconds.
  path: Assets/雄太/chara/character/Animators/archer-sp.fbx
  artifactKey: Guid(a1e9e3e9eeb0bd04bad8dc34513deca2) Importer(815301076,1909f56bfc062723c751e8b465ee728b)
Start importing Assets/雄太/chara/character/Animators/archer-sp.fbx using Guid(a1e9e3e9eeb0bd04bad8dc34513deca2) Importer(815301076,1909f56bfc062723c751e8b465ee728b)  -> (artifact id: '5ad758e110a52f6f994ff037bcfd6e1c') in 0.034681 seconds
Number of updated asset objects reloaded before import = 0
Number of asset objects unloaded after import = 345
========================================================================
Received Import Request.
  Time since last request: 0.000029 seconds.
  path: Assets/雄太/chara/character/Animators/ad4f2d7bb46ba685.fbx
  artifactKey: Guid(2d4774c48fadb0f4392f004589e6f2c2) Importer(815301076,1909f56bfc062723c751e8b465ee728b)
Start importing Assets/雄太/chara/character/Animators/ad4f2d7bb46ba685.fbx using Guid(2d4774c48fadb0f4392f004589e6f2c2) Importer(815301076,1909f56bfc062723c751e8b465ee728b)  -> (artifact id: '472ab5395056d39f0fd56ce02cdd8e26') in 0.021775 seconds
Number of updated asset objects reloaded before import = 0
Number of asset objects unloaded after import = 438
========================================================================
Received Import Request.
  Time since last request: 0.000044 seconds.
  path: Assets/雄太/Animation
  artifactKey: Guid(84d1526ca74b3bd4cbb1d681f21e8573) Importer(815301076,1909f56bfc062723c751e8b465ee728b)
Start importing Assets/雄太/Animation using Guid(84d1526ca74b3bd4cbb1d681f21e8573) Importer(815301076,1909f56bfc062723c751e8b465ee728b)  -> (artifact id: '7b903f6447e8e1e83a6039cf02826d4c') in 0.001664 seconds
Number of updated asset objects reloaded before import = 0
Number of asset objects unloaded after import = 0
========================================================================
Received Import Request.
  Time since last request: 0.000540 seconds.
  path: Assets/雄太/chara/character/Animators/2 (2).fbx
  artifactKey: Guid(febe247f5f13fdc478df3fed4da48227) Importer(815301076,1909f56bfc062723c751e8b465ee728b)
Start importing Assets/雄太/chara/character/Animators/2 (2).fbx using Guid(febe247f5f13fdc478df3fed4da48227) Importer(815301076,1909f56bfc062723c751e8b465ee728b)  -> (artifact id: 'd7e9ae27c2c9dfbe4274f51e2887ca13') in 0.021376 seconds
Number of updated asset objects reloaded before import = 0
Number of asset objects unloaded after import = 438
========================================================================
Received Import Request.
  Time since last request: 0.000024 seconds.
  path: Assets/雄太/chara/character/Animators/chaiser-sp.fbx
  artifactKey: Guid(98b20474055a18a41b988e570f5ce0dd) Importer(815301076,1909f56bfc062723c751e8b465ee728b)
Start importing Assets/雄太/chara/character/Animators/chaiser-sp.fbx using Guid(98b20474055a18a41b988e570f5ce0dd) Importer(815301076,1909f56bfc062723c751e8b465ee728b)  -> (artifact id: 'f1b6f56e406654cf175751e451b54501') in 0.031886 seconds
Number of updated asset objects reloaded before import = 0
Number of asset objects unloaded after import = 338
========================================================================
Received Import Request.
  Time since last request: 0.000030 seconds.
  path: Assets/雄太/chara/character/Main Charactor.controller
  artifactKey: Guid(adde6c5ae3621d94e9307eeb95563b7a) Importer(815301076,1909f56bfc062723c751e8b465ee728b)
Start importing Assets/雄太/chara/character/Main Charactor.controller using Guid(adde6c5ae3621d94e9307eeb95563b7a) Importer(815301076,1909f56bfc062723c751e8b465ee728b)  -> (artifact id: '6437f6b7d7eb01b66f6c6e2efd3e40f2') in 1.752147 seconds
Number of updated asset objects reloaded before import = 0
Number of asset objects unloaded after import = 220
========================================================================
Received Import Request.
  Time since last request: 0.000059 seconds.
  path: Assets/雄太/chara/character/Animators/archer-con.fbx
  artifactKey: Guid(5f5273afb0322f0438c2ab5bdbee11ef) Importer(815301076,1909f56bfc062723c751e8b465ee728b)
Start importing Assets/雄太/chara/character/Animators/archer-con.fbx using Guid(5f5273afb0322f0438c2ab5bdbee11ef) Importer(815301076,1909f56bfc062723c751e8b465ee728b)  -> (artifact id: '1d23e58d5f7f6ee3eab75fbc55af179b') in 0.040650 seconds
Number of updated asset objects reloaded before import = 0
Number of asset objects unloaded after import = 345
========================================================================
Received Import Request.
  Time since last request: 0.000059 seconds.
  path: Assets/雄太/chara/character/Animators/chaiser-1.fbx
  artifactKey: Guid(6b8e6349f81cddd49aa65d36cf5a2519) Importer(815301076,1909f56bfc062723c751e8b465ee728b)
Start importing Assets/雄太/chara/character/Animators/chaiser-1.fbx using Guid(6b8e6349f81cddd49aa65d36cf5a2519) Importer(815301076,1909f56bfc062723c751e8b465ee728b)  -> (artifact id: '16579c95f1e9e501bbba9b4e69736789') in 0.041732 seconds
Number of updated asset objects reloaded before import = 0
Number of asset objects unloaded after import = 338
