Using pre-set license
Built from '2022.2/staging' branch; Version is '2022.2.12f1 (022dac4955a3) revision 142764'; Using compiler version '192829333'; Build Type 'Release'
<<<<<<< Updated upstream
OS: 'Windows 11  (10.0.22621) 64bit Core' Language: 'ja' Physical Memory: 23981 MB
=======
OS: 'Windows 11  (10.0.22621) 64bit Core' Language: 'ja' Physical Memory: 7831 MB
>>>>>>> Stashed changes
BatchMode: 1, IsHumanControllingUs: 0, StartBugReporterOnCrash: 0, Is64bit: 1, IsPro: 1

COMMAND LINE ARGUMENTS:
C:\Program Files\Unity\Hub\Editor\2022.2.12f1\Editor\Unity.exe
-adb2
-batchMode
-noUpm
-name
AssetImportWorker0
-projectPath
<<<<<<< Updated upstream
C:/NIR=A
-logFile
Logs/AssetImportWorker0.log
-srvPort
51026
Successfully changed project path to: C:/NIR=A
C:/NIR=A
=======
C:/3Dgame/NIR-A-game-/NIR-A-game-
-logFile
Logs/AssetImportWorker0.log
-srvPort
55095
Successfully changed project path to: C:/3Dgame/NIR-A-game-/NIR-A-game-
C:/3Dgame/NIR-A-game-/NIR-A-game-
>>>>>>> Stashed changes
[UnityMemory] Configuration Parameters - Can be set up in boot.config
    "memorysetup-bucket-allocator-granularity=16"
    "memorysetup-bucket-allocator-bucket-count=8"
    "memorysetup-bucket-allocator-block-size=33554432"
    "memorysetup-bucket-allocator-block-count=8"
    "memorysetup-main-allocator-block-size=16777216"
    "memorysetup-thread-allocator-block-size=16777216"
    "memorysetup-gfx-main-allocator-block-size=16777216"
    "memorysetup-gfx-thread-allocator-block-size=16777216"
    "memorysetup-cache-allocator-block-size=4194304"
    "memorysetup-typetree-allocator-block-size=2097152"
    "memorysetup-profiler-bucket-allocator-granularity=16"
    "memorysetup-profiler-bucket-allocator-bucket-count=8"
    "memorysetup-profiler-bucket-allocator-block-size=33554432"
    "memorysetup-profiler-bucket-allocator-block-count=8"
    "memorysetup-profiler-allocator-block-size=16777216"
    "memorysetup-profiler-editor-allocator-block-size=1048576"
    "memorysetup-temp-allocator-size-main=16777216"
    "memorysetup-job-temp-allocator-block-size=2097152"
    "memorysetup-job-temp-allocator-block-size-background=1048576"
    "memorysetup-job-temp-allocator-reduction-small-platforms=262144"
    "memorysetup-temp-allocator-size-background-worker=32768"
    "memorysetup-temp-allocator-size-job-worker=262144"
    "memorysetup-temp-allocator-size-preload-manager=33554432"
    "memorysetup-temp-allocator-size-nav-mesh-worker=65536"
    "memorysetup-temp-allocator-size-audio-worker=65536"
    "memorysetup-temp-allocator-size-cloud-worker=32768"
    "memorysetup-temp-allocator-size-gi-baking-worker=262144"
    "memorysetup-temp-allocator-size-gfx=262144"
<<<<<<< Updated upstream
Player connection [1032] Host "[IP] 192.168.10.101 [Port] 0 [Flags] 2 [Guid] 2287180476 [EditorId] 2287180476 [Version] 1048832 [Id] WindowsEditor(7,LAPTOP-2GE6QKSV) [Debug] 1 [PackageName] WindowsEditor [ProjectName] Editor" joined multi-casting on [225.0.0.222:54997]...

Player connection [1032] Host "[IP] 192.168.10.101 [Port] 0 [Flags] 2 [Guid] 2287180476 [EditorId] 2287180476 [Version] 1048832 [Id] WindowsEditor(7,LAPTOP-2GE6QKSV) [Debug] 1 [PackageName] WindowsEditor [ProjectName] Editor" joined alternative multi-casting on [225.0.0.222:34997]...

Refreshing native plugins compatible for Editor in 16.17 ms, found 7 plugins.
Preloading 0 native plugins for Editor in 0.00 ms.
Initialize engine version: 2022.2.12f1 (022dac4955a3)
[Subsystems] Discovering subsystems at path C:/Program Files/Unity/Hub/Editor/2022.2.12f1/Editor/Data/Resources/UnitySubsystems
[Subsystems] Discovering subsystems at path C:/NIR=A/Assets
GfxDevice: creating device client; threaded=0; jobified=0
Direct3D:
    Version:  Direct3D 11.0 [level 11.1]
    Renderer: NVIDIA GeForce RTX 2060 with Max-Q Design (ID=0x1f12)
    Vendor:   NVIDIA
    VRAM:     5968 MB
    Driver:   31.0.15.3141
=======
Player connection [7256] Host "[IP] 192.168.11.16 [Port] 0 [Flags] 2 [Guid] 1331606944 [EditorId] 1331606944 [Version] 1048832 [Id] WindowsEditor(7,meganenomegane) [Debug] 1 [PackageName] WindowsEditor [ProjectName] Editor" joined multi-casting on [225.0.0.222:54997]...

Player connection [7256] Host "[IP] 192.168.11.16 [Port] 0 [Flags] 2 [Guid] 1331606944 [EditorId] 1331606944 [Version] 1048832 [Id] WindowsEditor(7,meganenomegane) [Debug] 1 [PackageName] WindowsEditor [ProjectName] Editor" joined alternative multi-casting on [225.0.0.222:34997]...

Refreshing native plugins compatible for Editor in 1306.36 ms, found 7 plugins.
Preloading 0 native plugins for Editor in 0.00 ms.
Initialize engine version: 2022.2.12f1 (022dac4955a3)
[Subsystems] Discovering subsystems at path C:/Program Files/Unity/Hub/Editor/2022.2.12f1/Editor/Data/Resources/UnitySubsystems
[Subsystems] Discovering subsystems at path C:/3Dgame/NIR-A-game-/NIR-A-game-/Assets
GfxDevice: creating device client; threaded=0; jobified=0
Direct3D:
    Version:  Direct3D 11.0 [level 11.1]
    Renderer: Intel(R) Iris(R) Xe Graphics (ID=0x9a49)
    Vendor:   Intel
    VRAM:     3915 MB
    Driver:   30.0.100.9864
>>>>>>> Stashed changes
Shader 'IL3DN/Branch': fallback shader 'False' not found
Shader 'IL3DN/Leaf': fallback shader 'False' not found
Initialize mono
Mono path[0] = 'C:/Program Files/Unity/Hub/Editor/2022.2.12f1/Editor/Data/Managed'
Mono path[1] = 'C:/Program Files/Unity/Hub/Editor/2022.2.12f1/Editor/Data/MonoBleedingEdge/lib/mono/unityjit-win32'
Mono config path = 'C:/Program Files/Unity/Hub/Editor/2022.2.12f1/Editor/Data/MonoBleedingEdge/etc'
<<<<<<< Updated upstream
Using monoOptions --debugger-agent=transport=dt_socket,embedding=1,server=y,suspend=n,address=127.0.0.1:56960
Begin MonoManager ReloadAssembly
Registering precompiled unity dll's ...
Register platform support module: C:/Program Files/Unity/Hub/Editor/2022.2.12f1/Editor/Data/PlaybackEngines/WindowsStandaloneSupport/UnityEditor.WindowsStandalone.Extensions.dll
Registered in 0.005248 seconds.
- Loaded All Assemblies, in  0.355 seconds
Native extension for WindowsStandalone target not found
Mono: successfully reloaded assembly
- Finished resetting the current domain, in  0.292 seconds
Domain Reload Profiling:
	ReloadAssembly (205ms)
		BeginReloadAssembly (102ms)
=======
Using monoOptions --debugger-agent=transport=dt_socket,embedding=1,server=y,suspend=n,address=127.0.0.1:56208
Begin MonoManager ReloadAssembly
Registering precompiled unity dll's ...
Register platform support module: C:/Program Files/Unity/Hub/Editor/2022.2.12f1/Editor/Data/PlaybackEngines/WebGLSupport/UnityEditor.WebGL.Extensions.dll
Register platform support module: C:/Program Files/Unity/Hub/Editor/2022.2.12f1/Editor/Data/PlaybackEngines/AndroidPlayer/UnityEditor.Android.Extensions.dll
Register platform support module: C:/Program Files/Unity/Hub/Editor/2022.2.12f1/Editor/Data/PlaybackEngines/WindowsStandaloneSupport/UnityEditor.WindowsStandalone.Extensions.dll
Registered in 0.007899 seconds.
- Loaded All Assemblies, in  3.271 seconds
Native extension for WindowsStandalone target not found
Native extension for Android target not found
Android Extension - Scanning For ADB Devices 372 ms
Native extension for WebGL target not found
Mono: successfully reloaded assembly
- Finished resetting the current domain, in  0.814 seconds
Domain Reload Profiling:
	ReloadAssembly (3042ms)
		BeginReloadAssembly (2918ms)
>>>>>>> Stashed changes
			ExecutionOrderSort (0ms)
			DisableScriptedObjects (0ms)
			BackupInstance (0ms)
			ReleaseScriptingObjects (0ms)
<<<<<<< Updated upstream
			CreateAndSetChildDomain (1ms)
		LoadAllAssembliesAndSetupDomain (0ms)
			LoadAssemblies (99ms)
			RebuildTransferFunctionScriptingTraits (0ms)
			SetupTypeCache (143ms)
				TypeCache.Initialize (142ms)
					TypeCache.ScanAssembly (139ms)
=======
			CreateAndSetChildDomain (2ms)
		LoadAllAssembliesAndSetupDomain (0ms)
			LoadAssemblies (2914ms)
			RebuildTransferFunctionScriptingTraits (0ms)
			SetupTypeCache (219ms)
				TypeCache.Initialize (217ms)
					TypeCache.ScanAssembly (214ms)
>>>>>>> Stashed changes
				ResolveRequiredComponents (1ms)
		FinalizeReload (0ms)
			ReleaseScriptCaches (0ms)
			RebuildScriptCaches (0ms)
<<<<<<< Updated upstream
			SetupLoadedEditorAssemblies (229ms)
				LogAssemblyErrors (0ms)
				InitializePlatformSupportModulesInManaged (8ms)
				SetLoadedEditorAssemblies (8ms)
				RefreshPlugins (0ms)
				BeforeProcessingInitializeOnLoad (1ms)
				ProcessInitializeOnLoadAttributes (157ms)
				ProcessInitializeOnLoadMethodAttributes (55ms)
=======
			SetupLoadedEditorAssemblies (698ms)
				LogAssemblyErrors (0ms)
				InitializePlatformSupportModulesInManaged (516ms)
				SetLoadedEditorAssemblies (5ms)
				RefreshPlugins (0ms)
				BeforeProcessingInitializeOnLoad (1ms)
				ProcessInitializeOnLoadAttributes (114ms)
				ProcessInitializeOnLoadMethodAttributes (60ms)
>>>>>>> Stashed changes
				AfterProcessingInitializeOnLoad (0ms)
				EditorAssembliesLoaded (0ms)
			ExecutionOrderSort2 (0ms)
			AwakeInstancesAfterBackupRestoration (0ms)
========================================================================
Worker process is ready to serve import requests
Begin MonoManager ReloadAssembly
<<<<<<< Updated upstream
Symbol file LoadedFromMemory doesn't match image C:\NIR=A\Library\PackageCache\com.unity.visualscripting@1.8.0\Editor\VisualScripting.Core\Dependencies\YamlDotNet\Unity.VisualScripting.YamlDotNet.dll
Symbol file LoadedFromMemory doesn't match image C:\NIR=A\Library\PackageCache\com.unity.visualscripting@1.8.0\Editor\VisualScripting.Core\Dependencies\DotNetZip\Unity.VisualScripting.IonicZip.dll
- Loaded All Assemblies, in  0.942 seconds
Refreshing native plugins compatible for Editor in 7.45 ms, found 7 plugins.
Native extension for WindowsStandalone target not found
=======
Symbol file LoadedFromMemory doesn't match image C:\3Dgame\NIR-A-game-\NIR-A-game-\Library\PackageCache\com.unity.visualscripting@1.8.0\Editor\VisualScripting.Core\Dependencies\YamlDotNet\Unity.VisualScripting.YamlDotNet.dll
Symbol file LoadedFromMemory doesn't match image C:\3Dgame\NIR-A-game-\NIR-A-game-\Library\PackageCache\com.unity.visualscripting@1.8.0\Editor\VisualScripting.Core\Dependencies\DotNetZip\Unity.VisualScripting.IonicZip.dll
- Loaded All Assemblies, in  2.276 seconds
Refreshing native plugins compatible for Editor in 11.21 ms, found 7 plugins.
Native extension for WindowsStandalone target not found
Native extension for Android target not found
Native extension for WebGL target not found
>>>>>>> Stashed changes
[MODES] ModeService[none].Initialize
[MODES] ModeService[none].LoadModes
[MODES] Loading mode Default (0) for mode-current-id-New main project
Mono: successfully reloaded assembly
<<<<<<< Updated upstream
- Finished resetting the current domain, in  0.928 seconds
Domain Reload Profiling:
	ReloadAssembly (237ms)
		BeginReloadAssembly (144ms)
			ExecutionOrderSort (0ms)
			DisableScriptedObjects (6ms)
			BackupInstance (0ms)
			ReleaseScriptingObjects (0ms)
			CreateAndSetChildDomain (28ms)
		LoadAllAssembliesAndSetupDomain (704ms)
			LoadAssemblies (369ms)
			RebuildTransferFunctionScriptingTraits (0ms)
			SetupTypeCache (399ms)
				TypeCache.Initialize (340ms)
					TypeCache.ScanAssembly (333ms)
				ResolveRequiredComponents (22ms)
		FinalizeReload (0ms)
			ReleaseScriptCaches (0ms)
			RebuildScriptCaches (0ms)
			SetupLoadedEditorAssemblies (696ms)
				LogAssemblyErrors (0ms)
				InitializePlatformSupportModulesInManaged (5ms)
				SetLoadedEditorAssemblies (3ms)
				RefreshPlugins (0ms)
				BeforeProcessingInitializeOnLoad (77ms)
				ProcessInitializeOnLoadAttributes (531ms)
				ProcessInitializeOnLoadMethodAttributes (74ms)
				AfterProcessingInitializeOnLoad (6ms)
				EditorAssembliesLoaded (0ms)
			ExecutionOrderSort2 (0ms)
			AwakeInstancesAfterBackupRestoration (6ms)
Shader 'IL3DN/Leaf': fallback shader 'False' not found
Shader 'IL3DN/Branch': fallback shader 'False' not found
Launched and connected shader compiler UnityShaderCompiler.exe after 0.07 seconds
Refreshing native plugins compatible for Editor in 7.00 ms, found 7 plugins.
Preloading 0 native plugins for Editor in 0.00 ms.
Unloading 6833 Unused Serialized files (Serialized files now loaded: 0)
Unloading 124 unused Assets / (2.2 MB). Loaded Objects now: 7288.
Memory consumption went from 291.9 MB to 289.7 MB.
Total: 7.709600 ms (FindLiveObjects: 0.701600 ms CreateObjectMapping: 0.597300 ms MarkObjects: 5.438000 ms  DeleteObjects: 0.970400 ms)
=======
- Finished resetting the current domain, in  1.390 seconds
Domain Reload Profiling:
	ReloadAssembly (279ms)
		BeginReloadAssembly (163ms)
			ExecutionOrderSort (0ms)
			DisableScriptedObjects (7ms)
			BackupInstance (0ms)
			ReleaseScriptingObjects (0ms)
			CreateAndSetChildDomain (31ms)
		LoadAllAssembliesAndSetupDomain (1995ms)
			LoadAssemblies (1601ms)
			RebuildTransferFunctionScriptingTraits (0ms)
			SetupTypeCache (468ms)
				TypeCache.Initialize (405ms)
					TypeCache.ScanAssembly (399ms)
				ResolveRequiredComponents (25ms)
		FinalizeReload (0ms)
			ReleaseScriptCaches (0ms)
			RebuildScriptCaches (0ms)
			SetupLoadedEditorAssemblies (1145ms)
				LogAssemblyErrors (0ms)
				InitializePlatformSupportModulesInManaged (29ms)
				SetLoadedEditorAssemblies (3ms)
				RefreshPlugins (0ms)
				BeforeProcessingInitializeOnLoad (89ms)
				ProcessInitializeOnLoadAttributes (907ms)
				ProcessInitializeOnLoadMethodAttributes (110ms)
				AfterProcessingInitializeOnLoad (7ms)
				EditorAssembliesLoaded (0ms)
			ExecutionOrderSort2 (0ms)
			AwakeInstancesAfterBackupRestoration (8ms)
Shader 'IL3DN/Leaf': fallback shader 'False' not found
Shader 'IL3DN/Branch': fallback shader 'False' not found
Launched and connected shader compiler UnityShaderCompiler.exe after 0.11 seconds
Refreshing native plugins compatible for Editor in 19.88 ms, found 7 plugins.
Preloading 0 native plugins for Editor in 0.00 ms.
Unloading 6836 Unused Serialized files (Serialized files now loaded: 0)
Unloading 124 unused Assets / (2.3 MB). Loaded Objects now: 7294.
Memory consumption went from 292.4 MB to 290.1 MB.
Total: 99.633200 ms (FindLiveObjects: 1.265600 ms CreateObjectMapping: 1.584500 ms MarkObjects: 80.660600 ms  DeleteObjects: 16.119800 ms)
>>>>>>> Stashed changes

AssetImportParameters requested are different than current active one (requested -> active):
  custom:container-demuxer-ogg: 62fdf1f143b41e24485cea50d1cbac27 -> 
  custom:framework-win-MediaFoundation: 216162199b28c13a410421893ffa2e32 -> 
  custom:container-muxer-webm: aa71ff27fc2769a1b78a27578f13a17b -> 
  custom:video-decoder-webm-vp8: 9c59270c3fd7afecdb556c50c9e8de78 -> 
  custom:AudioImporter_EditorPlatform: d09bf68614088b80899f8185d706f6e7 -> 
  custom:audio-decoder-ogg-vorbis: bf7c407c2cedff20999df2af8eb42d56 -> 
  custom:audio-encoder-webm-vorbis: bf7c407c2cedff20999df2af8eb42d56 -> 
<<<<<<< Updated upstream
=======
  custom:scripting/precompiled-assembly-types:Assembly-CSharp: 519fe5f300bc5bc93b8a476f0b4d162c -> f72a28206b5f8d9b94bbadee1ba58686
  custom:video-codec-MediaFoundation-h265: 746d11721c4dcdbdad8f713fa42b33f4 -> 
  custom:video-decoder-ogg-theora: a1e56fd34408186e4bbccfd4996cb3dc -> 
  custom:container-demuxer-webm: 4f35f7cbe854078d1ac9338744f61a02 -> 
  custom:video-encoder-webm-vp8: eb34c28f22e8b96e1ab97ce403110664 -> 
  custom:scripting/monoscript/fileName/test.cs:  -> a53d5ee4e4f57c2de4a0fd15b1d3f987
========================================================================
Received Prepare
Begin MonoManager ReloadAssembly
Symbol file LoadedFromMemory doesn't match image C:\3Dgame\NIR-A-game-\NIR-A-game-\Library\PackageCache\com.unity.visualscripting@1.8.0\Editor\VisualScripting.Core\Dependencies\YamlDotNet\Unity.VisualScripting.YamlDotNet.dll
Symbol file LoadedFromMemory doesn't match image C:\3Dgame\NIR-A-game-\NIR-A-game-\Library\PackageCache\com.unity.visualscripting@1.8.0\Editor\VisualScripting.Core\Dependencies\DotNetZip\Unity.VisualScripting.IonicZip.dll
- Loaded All Assemblies, in  5.844 seconds
Refreshing native plugins compatible for Editor in 8.35 ms, found 7 plugins.
Native extension for WindowsStandalone target not found
Native extension for Android target not found
Native extension for WebGL target not found
[MODES] ModeService[none].Initialize
[MODES] ModeService[none].LoadModes
[MODES] Loading mode Default (0) for mode-current-id-New main project
Mono: successfully reloaded assembly
- Finished resetting the current domain, in  3.237 seconds
Domain Reload Profiling:
	ReloadAssembly (1836ms)
		BeginReloadAssembly (1699ms)
			ExecutionOrderSort (0ms)
			DisableScriptedObjects (9ms)
			BackupInstance (0ms)
			ReleaseScriptingObjects (0ms)
			CreateAndSetChildDomain (1260ms)
		LoadAllAssembliesAndSetupDomain (4005ms)
			LoadAssemblies (3687ms)
			RebuildTransferFunctionScriptingTraits (0ms)
			SetupTypeCache (602ms)
				TypeCache.Initialize (557ms)
					TypeCache.ScanAssembly (537ms)
				ResolveRequiredComponents (45ms)
		FinalizeReload (0ms)
			ReleaseScriptCaches (0ms)
			RebuildScriptCaches (0ms)
			SetupLoadedEditorAssemblies (1040ms)
				LogAssemblyErrors (0ms)
				InitializePlatformSupportModulesInManaged (93ms)
				SetLoadedEditorAssemblies (11ms)
				RefreshPlugins (0ms)
				BeforeProcessingInitializeOnLoad (116ms)
				ProcessInitializeOnLoadAttributes (727ms)
				ProcessInitializeOnLoadMethodAttributes (86ms)
				AfterProcessingInitializeOnLoad (7ms)
				EditorAssembliesLoaded (0ms)
			ExecutionOrderSort2 (0ms)
			AwakeInstancesAfterBackupRestoration (24ms)
Shader 'IL3DN/Leaf': fallback shader 'False' not found
Shader 'IL3DN/Branch': fallback shader 'False' not found
Refreshing native plugins compatible for Editor in 14.38 ms, found 7 plugins.
Preloading 0 native plugins for Editor in 0.00 ms.
Unloading 6583 Unused Serialized files (Serialized files now loaded: 0)
Unloading 72 unused Assets / (2.2 MB). Loaded Objects now: 7327.
Memory consumption went from 239.5 MB to 237.3 MB.
Total: 16.365200 ms (FindLiveObjects: 0.887300 ms CreateObjectMapping: 0.462400 ms MarkObjects: 12.956800 ms  DeleteObjects: 2.056100 ms)

Prepare: number of updated asset objects reloaded= 0
AssetImportParameters requested are different than current active one (requested -> active):
  custom:container-demuxer-ogg: 62fdf1f143b41e24485cea50d1cbac27 -> 
  custom:framework-win-MediaFoundation: 216162199b28c13a410421893ffa2e32 -> 
  custom:container-muxer-webm: aa71ff27fc2769a1b78a27578f13a17b -> 
  custom:video-decoder-webm-vp8: 9c59270c3fd7afecdb556c50c9e8de78 -> 
  custom:AudioImporter_EditorPlatform: d09bf68614088b80899f8185d706f6e7 -> 
  custom:audio-decoder-ogg-vorbis: bf7c407c2cedff20999df2af8eb42d56 -> 
  custom:audio-encoder-webm-vorbis: bf7c407c2cedff20999df2af8eb42d56 -> 
>>>>>>> Stashed changes
  custom:video-codec-MediaFoundation-h265: 746d11721c4dcdbdad8f713fa42b33f4 -> 
  custom:video-decoder-ogg-theora: a1e56fd34408186e4bbccfd4996cb3dc -> 
  custom:container-demuxer-webm: 4f35f7cbe854078d1ac9338744f61a02 -> 
  custom:video-encoder-webm-vp8: eb34c28f22e8b96e1ab97ce403110664 -> 
========================================================================
Received Import Request.
<<<<<<< Updated upstream
  Time since last request: 164229.291629 seconds.
  path: Assets/NewShaderVariants.shadervariants
  artifactKey: Guid(78701776a9bf0ed4d8e0db24d3de9bf2) Importer(815301076,1909f56bfc062723c751e8b465ee728b)
Start importing Assets/NewShaderVariants.shadervariants using Guid(78701776a9bf0ed4d8e0db24d3de9bf2) Importer(815301076,1909f56bfc062723c751e8b465ee728b)  -> (artifact id: '98564086b4e5f6f930ca79b0f9b31b26') in 0.030928 seconds 
Number of updated asset objects reloaded before import = 0
Number of asset objects unloaded after import = 1
========================================================================
Received Import Request.
  Time since last request: 0.210730 seconds.
  path: Assets/UniversalRenderPipelineGlobalSettings.asset
  artifactKey: Guid(ea64f77b5ab040d4e9448efc1958666f) Importer(815301076,1909f56bfc062723c751e8b465ee728b)
Start importing Assets/UniversalRenderPipelineGlobalSettings.asset using Guid(ea64f77b5ab040d4e9448efc1958666f) Importer(815301076,1909f56bfc062723c751e8b465ee728b)  -> (artifact id: '935c5ad136d85a30700d041a5e914b70') in 0.002721 seconds 
Number of updated asset objects reloaded before import = 0
Number of asset objects unloaded after import = 1
========================================================================
Received Import Request.
  Time since last request: 0.000152 seconds.
  path: Assets/URPAsset_Render_my[_Renderer.asset
  artifactKey: Guid(688262ce4e59c204e9e3885e7adb79ea) Importer(815301076,1909f56bfc062723c751e8b465ee728b)
Start importing Assets/URPAsset_Render_my[_Renderer.asset using Guid(688262ce4e59c204e9e3885e7adb79ea) Importer(815301076,1909f56bfc062723c751e8b465ee728b)  -> (artifact id: '38b684a378e86528342c5530baa91749') in 0.002983 seconds 
Number of updated asset objects reloaded before import = 0
Number of asset objects unloaded after import = 4
========================================================================
Received Import Request.
  Time since last request: 0.000040 seconds.
  path: Assets/こんい.mat
  artifactKey: Guid(0c05c1df2346a6e4b9111f01b650705b) Importer(815301076,1909f56bfc062723c751e8b465ee728b)
Start importing Assets/こんい.mat using Guid(0c05c1df2346a6e4b9111f01b650705b) Importer(815301076,1909f56bfc062723c751e8b465ee728b)  -> (artifact id: '4c3839bf6cce6c0f16a56e4e19ddbccb') in 0.334238 seconds 
Number of updated asset objects reloaded before import = 0
Number of asset objects unloaded after import = 3
========================================================================
Received Import Request.
  Time since last request: 12.420769 seconds.
  path: Assets/Scenes/ボスシーン.unity
  artifactKey: Guid(b529a09431c598844b083e4355c10a00) Importer(815301076,1909f56bfc062723c751e8b465ee728b)
Start importing Assets/Scenes/ボスシーン.unity using Guid(b529a09431c598844b083e4355c10a00) Importer(815301076,1909f56bfc062723c751e8b465ee728b)  -> (artifact id: '34d5e85389d194c6d47fc47e79f17e57') in 0.000918 seconds 
Number of updated asset objects reloaded before import = 0
Number of asset objects unloaded after import = 0
========================================================================
Received Import Request.
  Time since last request: 12.417631 seconds.
  path: Assets/Scenes/ボスシーン修正.unity
  artifactKey: Guid(65d3b9e65abd9304d806eca090d7d1cd) Importer(815301076,1909f56bfc062723c751e8b465ee728b)
Start importing Assets/Scenes/ボスシーン修正.unity using Guid(65d3b9e65abd9304d806eca090d7d1cd) Importer(815301076,1909f56bfc062723c751e8b465ee728b)  -> (artifact id: '19aaa1a0781393c9bbed0d78e141b606') in 0.001018 seconds 
Number of updated asset objects reloaded before import = 0
Number of asset objects unloaded after import = 0
========================================================================
Received Import Request.
  Time since last request: 182.263635 seconds.
  path: Assets/TerrainSampleAssets/Textures/Terrain/Grass_Soil_BaseColor.tif
  artifactKey: Guid(bde7423cb35c64746b6b24c63040dcb0) Importer(815301076,1909f56bfc062723c751e8b465ee728b)
Start importing Assets/TerrainSampleAssets/Textures/Terrain/Grass_Soil_BaseColor.tif using Guid(bde7423cb35c64746b6b24c63040dcb0) Importer(815301076,1909f56bfc062723c751e8b465ee728b)  -> (artifact id: 'ce52145e9438d12ba15491bd343585a9') in 0.026624 seconds 
Number of updated asset objects reloaded before import = 0
Number of asset objects unloaded after import = 2
========================================================================
Received Import Request.
  Time since last request: 0.007956 seconds.
  path: Assets/TerrainSampleAssets/Textures/Terrain/Grass_Soil_MaskMap.tif
  artifactKey: Guid(61a6ad6be0be2b444addf88107c0fda2) Importer(815301076,1909f56bfc062723c751e8b465ee728b)
Start importing Assets/TerrainSampleAssets/Textures/Terrain/Grass_Soil_MaskMap.tif using Guid(61a6ad6be0be2b444addf88107c0fda2) Importer(815301076,1909f56bfc062723c751e8b465ee728b)  -> (artifact id: 'a6790a89f4f1d33e711ab1840a134f98') in 0.024070 seconds 
Number of updated asset objects reloaded before import = 0
Number of asset objects unloaded after import = 2
========================================================================
Received Import Request.
  Time since last request: 505.011362 seconds.
  path: Assets/AZURE Nature/Textures/Terrain/Summer/AN_Sum_Grass_1_Albedo.png
  artifactKey: Guid(a42cd62f3c2eebb47b0132c8c661b27e) Importer(815301076,1909f56bfc062723c751e8b465ee728b)
Start importing Assets/AZURE Nature/Textures/Terrain/Summer/AN_Sum_Grass_1_Albedo.png using Guid(a42cd62f3c2eebb47b0132c8c661b27e) Importer(815301076,1909f56bfc062723c751e8b465ee728b)  -> (artifact id: '0a49fd858e608922ce5fcd2a7d873849') in 0.019970 seconds 
Number of updated asset objects reloaded before import = 0
Number of asset objects unloaded after import = 2
========================================================================
Received Import Request.
  Time since last request: 5.826596 seconds.
  path: Assets/AZURE Nature/Textures/Terrain/Summer/AN_Sum_Ground_4_Albedo.png
  artifactKey: Guid(fe6f960d58bca3e45b43fc100cfa0efd) Importer(815301076,1909f56bfc062723c751e8b465ee728b)
Start importing Assets/AZURE Nature/Textures/Terrain/Summer/AN_Sum_Ground_4_Albedo.png using Guid(fe6f960d58bca3e45b43fc100cfa0efd) Importer(815301076,1909f56bfc062723c751e8b465ee728b)  -> (artifact id: 'e9e792975c2f7a78bac05be2eca119c6') in 0.018483 seconds 
Number of updated asset objects reloaded before import = 0
Number of asset objects unloaded after import = 2
========================================================================
Received Import Request.
  Time since last request: 42.113742 seconds.
  path: Assets/AZURE Nature/Textures/Terrain/Summer/AN_Sum_Grass_1_Albedo.png
  artifactKey: Guid(a42cd62f3c2eebb47b0132c8c661b27e) Importer(815301076,1909f56bfc062723c751e8b465ee728b)
Start importing Assets/AZURE Nature/Textures/Terrain/Summer/AN_Sum_Grass_1_Albedo.png using Guid(a42cd62f3c2eebb47b0132c8c661b27e) Importer(815301076,1909f56bfc062723c751e8b465ee728b)  -> (artifact id: 'ea59178c955271c4257593cbb4845d6e') in 0.016876 seconds 
Number of updated asset objects reloaded before import = 0
Number of asset objects unloaded after import = 2
========================================================================
Received Import Request.
  Time since last request: 5.507511 seconds.
  path: Assets/AZURE Nature/Textures/Terrain/Summer/AN_Sum_Ground_4_Albedo.png
  artifactKey: Guid(fe6f960d58bca3e45b43fc100cfa0efd) Importer(815301076,1909f56bfc062723c751e8b465ee728b)
Start importing Assets/AZURE Nature/Textures/Terrain/Summer/AN_Sum_Ground_4_Albedo.png using Guid(fe6f960d58bca3e45b43fc100cfa0efd) Importer(815301076,1909f56bfc062723c751e8b465ee728b)  -> (artifact id: 'deb35369d1f8c265465534fe05790e73') in 0.019266 seconds 
Number of updated asset objects reloaded before import = 0
Number of asset objects unloaded after import = 2
========================================================================
Received Import Request.
  Time since last request: 193.231099 seconds.
  path: Assets/AZURE Nature/Textures/Terrain/Summer/AN_Sum_Ground_4_Albedo.png
  artifactKey: Guid(fe6f960d58bca3e45b43fc100cfa0efd) Importer(815301076,1909f56bfc062723c751e8b465ee728b)
Start importing Assets/AZURE Nature/Textures/Terrain/Summer/AN_Sum_Ground_4_Albedo.png using Guid(fe6f960d58bca3e45b43fc100cfa0efd) Importer(815301076,1909f56bfc062723c751e8b465ee728b)  -> (artifact id: '2b7f1a12295b81754ee78e79e650526b') in 0.015429 seconds 
Number of updated asset objects reloaded before import = 0
Number of asset objects unloaded after import = 2
========================================================================
Received Import Request.
  Time since last request: 5.378903 seconds.
  path: Assets/AZURE Nature/Textures/Terrain/Summer/AN_Sum_Grass_1_Albedo.png
  artifactKey: Guid(a42cd62f3c2eebb47b0132c8c661b27e) Importer(815301076,1909f56bfc062723c751e8b465ee728b)
Start importing Assets/AZURE Nature/Textures/Terrain/Summer/AN_Sum_Grass_1_Albedo.png using Guid(a42cd62f3c2eebb47b0132c8c661b27e) Importer(815301076,1909f56bfc062723c751e8b465ee728b)  -> (artifact id: '511d4f99e8bb181138447a416197b048') in 0.021095 seconds 
Number of updated asset objects reloaded before import = 0
Number of asset objects unloaded after import = 2
========================================================================
Received Import Request.
  Time since last request: 6.931587 seconds.
  path: Assets/AZURE Nature/Textures/Terrain/Summer/AN_Sum_Grass_1_Normal.png
  artifactKey: Guid(57ef960ad9ca8b94bad434e31c0b2c7e) Importer(815301076,1909f56bfc062723c751e8b465ee728b)
Start importing Assets/AZURE Nature/Textures/Terrain/Summer/AN_Sum_Grass_1_Normal.png using Guid(57ef960ad9ca8b94bad434e31c0b2c7e) Importer(815301076,1909f56bfc062723c751e8b465ee728b)  -> (artifact id: '7c6010e2ac2c54577cf73055a4db8f8c') in 0.022091 seconds 
Number of updated asset objects reloaded before import = 0
Number of asset objects unloaded after import = 2
========================================================================
Received Import Request.
  Time since last request: 3.580070 seconds.
  path: Assets/AZURE Nature/Textures/Terrain/Summer/AN_Sum_Ground_4_Normal.png
  artifactKey: Guid(36a46f123e792f64580db6155b3f48f2) Importer(815301076,1909f56bfc062723c751e8b465ee728b)
Start importing Assets/AZURE Nature/Textures/Terrain/Summer/AN_Sum_Ground_4_Normal.png using Guid(36a46f123e792f64580db6155b3f48f2) Importer(815301076,1909f56bfc062723c751e8b465ee728b)  -> (artifact id: 'b549624cd8253b2e4be02d7cbfe54845') in 0.017718 seconds 
Number of updated asset objects reloaded before import = 0
Number of asset objects unloaded after import = 2
========================================================================
Received Import Request.
  Time since last request: 11.387583 seconds.
  path: Assets/AZURE Nature/Terrain Layers/Summer/AN_Sum_Grass_1.terrainlayer
  artifactKey: Guid(f32abc1c577b54e44a00467575ef7f0d) Importer(815301076,1909f56bfc062723c751e8b465ee728b)
Start importing Assets/AZURE Nature/Terrain Layers/Summer/AN_Sum_Grass_1.terrainlayer using Guid(f32abc1c577b54e44a00467575ef7f0d) Importer(815301076,1909f56bfc062723c751e8b465ee728b)  -> (artifact id: '068be343e5f9f7d32f8286bd94567ced') in 0.019872 seconds 
Number of updated asset objects reloaded before import = 0
Number of asset objects unloaded after import = 4
========================================================================
Received Import Request.
  Time since last request: 1.442775 seconds.
  path: Assets/models/神社/NewLayer.terrainlayer
  artifactKey: Guid(8def449c2c87b4d489563ee2749832d9) Importer(815301076,1909f56bfc062723c751e8b465ee728b)
Start importing Assets/models/神社/NewLayer.terrainlayer using Guid(8def449c2c87b4d489563ee2749832d9) Importer(815301076,1909f56bfc062723c751e8b465ee728b)  -> (artifact id: 'c86d813cfa4bd9b7e9df7723fe156a89') in 0.012298 seconds 
Number of updated asset objects reloaded before import = 0
Number of asset objects unloaded after import = 4
========================================================================
Received Import Request.
  Time since last request: 60.737555 seconds.
  path: Assets/Scenes/NewLayer 4.terrainlayer
  artifactKey: Guid(03f038e3943fd97448b46856ef561b23) Importer(815301076,1909f56bfc062723c751e8b465ee728b)
Start importing Assets/Scenes/NewLayer 4.terrainlayer using Guid(03f038e3943fd97448b46856ef561b23) Importer(815301076,1909f56bfc062723c751e8b465ee728b)  -> (artifact id: 'cd5f4a3992698753709cad25ed463e34') in 0.016724 seconds 
Number of updated asset objects reloaded before import = 0
Number of asset objects unloaded after import = 4
========================================================================
Received Import Request.
  Time since last request: 3.792446 seconds.
  path: Assets/Scenes/ゲーム制作物理部.unity
  artifactKey: Guid(c71d64d363823b745b4a4b7eb793bb8c) Importer(815301076,1909f56bfc062723c751e8b465ee728b)
Start importing Assets/Scenes/ゲーム制作物理部.unity using Guid(c71d64d363823b745b4a4b7eb793bb8c) Importer(815301076,1909f56bfc062723c751e8b465ee728b)  -> (artifact id: '68dd268ef7dea1229495347e8a53e597') in 0.001008 seconds 
Number of updated asset objects reloaded before import = 0
Number of asset objects unloaded after import = 0
========================================================================
Received Import Request.
  Time since last request: 141.987647 seconds.
  path: Assets/AZURE Nature/Textures/Terrain/Winter/AN_Win_Ice_2_Albedo.png
  artifactKey: Guid(8bb3f4539447c67469248eba749f3be6) Importer(815301076,1909f56bfc062723c751e8b465ee728b)
Start importing Assets/AZURE Nature/Textures/Terrain/Winter/AN_Win_Ice_2_Albedo.png using Guid(8bb3f4539447c67469248eba749f3be6) Importer(815301076,1909f56bfc062723c751e8b465ee728b)  -> (artifact id: 'a0606504d05743e92099d4f79128cb7d') in 0.016811 seconds 
Number of updated asset objects reloaded before import = 0
Number of asset objects unloaded after import = 2
========================================================================
Received Import Request.
  Time since last request: 290.628985 seconds.
  path: Assets/IL3DN/Graphics/Prefabs/IL3DN_Dead_Leaf_01.prefab
  artifactKey: Guid(1bd341bc63a86f741b6dc0393f56b60d) Importer(815301076,1909f56bfc062723c751e8b465ee728b)
Start importing Assets/IL3DN/Graphics/Prefabs/IL3DN_Dead_Leaf_01.prefab using Guid(1bd341bc63a86f741b6dc0393f56b60d) Importer(815301076,1909f56bfc062723c751e8b465ee728b)  -> (artifact id: '9476e4fe895634b733a9cc9addef6fe0') in 1.362159 seconds 
Number of updated asset objects reloaded before import = 0
Number of asset objects unloaded after import = 12
========================================================================
Received Import Request.
  Time since last request: 0.000027 seconds.
  path: Assets/AZURE Nature/Prefabs/AN_Fir_1.prefab
  artifactKey: Guid(81a4ae3b32471cc469f44a6af7acd727) Importer(815301076,1909f56bfc062723c751e8b465ee728b)
Start importing Assets/AZURE Nature/Prefabs/AN_Fir_1.prefab using Guid(81a4ae3b32471cc469f44a6af7acd727) Importer(815301076,1909f56bfc062723c751e8b465ee728b)  -> (artifact id: '3209bef46ce577695d8556cc5ca6b41a') in 0.094782 seconds 
Number of updated asset objects reloaded before import = 0
Number of asset objects unloaded after import = 31
========================================================================
Received Import Request.
  Time since last request: 0.000051 seconds.
  path: Assets/IL3DN/Graphics/Prefabs/IL3DN_Rock_Boulder_01.prefab
  artifactKey: Guid(ae95750e4caabeb47993e78d5c6ba9f4) Importer(815301076,1909f56bfc062723c751e8b465ee728b)
Start importing Assets/IL3DN/Graphics/Prefabs/IL3DN_Rock_Boulder_01.prefab using Guid(ae95750e4caabeb47993e78d5c6ba9f4) Importer(815301076,1909f56bfc062723c751e8b465ee728b)  -> (artifact id: '095d53007ea82c849a0ecf7b483edf80') in 0.055418 seconds 
Number of updated asset objects reloaded before import = 0
Number of asset objects unloaded after import = 14
========================================================================
Received Import Request.
  Time since last request: 0.000030 seconds.
  path: Assets/IL3DN/Graphics/Prefabs/IL3DN_Plant_Flower_01.prefab
  artifactKey: Guid(ab2c917d4ca684e46a7d6f1d7c10371c) Importer(815301076,1909f56bfc062723c751e8b465ee728b)
Start importing Assets/IL3DN/Graphics/Prefabs/IL3DN_Plant_Flower_01.prefab using Guid(ab2c917d4ca684e46a7d6f1d7c10371c) Importer(815301076,1909f56bfc062723c751e8b465ee728b)  -> (artifact id: '16aef017c421e57d144dfce70f9bec99') in 0.045494 seconds 
Number of updated asset objects reloaded before import = 0
Number of asset objects unloaded after import = 12
========================================================================
Received Import Request.
  Time since last request: 0.000033 seconds.
  path: Assets/IL3DN/Graphics/Prefabs/IL3DN_Tree_Birch_02.prefab
  artifactKey: Guid(5f1c3cedb6c289f43ab5c03965557bd8) Importer(815301076,1909f56bfc062723c751e8b465ee728b)
Start importing Assets/IL3DN/Graphics/Prefabs/IL3DN_Tree_Birch_02.prefab using Guid(5f1c3cedb6c289f43ab5c03965557bd8) Importer(815301076,1909f56bfc062723c751e8b465ee728b)  -> (artifact id: '126c16e032bfcd11086fa2d2b855eaaa') in 2.310504 seconds 
Number of updated asset objects reloaded before import = 0
Number of asset objects unloaded after import = 53
========================================================================
Received Import Request.
  Time since last request: 1.511449 seconds.
  path: Assets/IL3DN/Graphics/Meshes/IL3DN_Plant_Grass_03.fbx
  artifactKey: Guid(ec784c7b88655ec4cb66660887fc5230) Importer(815301076,1909f56bfc062723c751e8b465ee728b)
Start importing Assets/IL3DN/Graphics/Meshes/IL3DN_Plant_Grass_03.fbx using Guid(ec784c7b88655ec4cb66660887fc5230) Importer(815301076,1909f56bfc062723c751e8b465ee728b)  -> (artifact id: '67971e8667d3cce5ce75c5234a402b29') in 0.141592 seconds 
Number of updated asset objects reloaded before import = 0
Number of asset objects unloaded after import = 23
=======
  Time since last request: 96737.623642 seconds.
  path: Assets/Scenes/test.cs
  artifactKey: Guid(f83ed2df6825e8d45aa86b6853be2117) Importer(815301076,1909f56bfc062723c751e8b465ee728b)
Start importing Assets/Scenes/test.cs using Guid(f83ed2df6825e8d45aa86b6853be2117) Importer(815301076,1909f56bfc062723c751e8b465ee728b)  -> (artifact id: '65b42310c9882034fa1ec7d685f17473') in 0.029321 seconds 
Number of updated asset objects reloaded before import = 0
Number of asset objects unloaded after import = 0
========================================================================
Received Prepare
Begin MonoManager ReloadAssembly
Symbol file LoadedFromMemory doesn't match image C:\3Dgame\NIR-A-game-\NIR-A-game-\Library\PackageCache\com.unity.visualscripting@1.8.0\Editor\VisualScripting.Core\Dependencies\YamlDotNet\Unity.VisualScripting.YamlDotNet.dll
Symbol file LoadedFromMemory doesn't match image C:\3Dgame\NIR-A-game-\NIR-A-game-\Library\PackageCache\com.unity.visualscripting@1.8.0\Editor\VisualScripting.Core\Dependencies\DotNetZip\Unity.VisualScripting.IonicZip.dll
- Loaded All Assemblies, in  2.300 seconds
Refreshing native plugins compatible for Editor in 9.24 ms, found 7 plugins.
Native extension for WindowsStandalone target not found
Native extension for Android target not found
Native extension for WebGL target not found
[MODES] ModeService[none].Initialize
[MODES] ModeService[none].LoadModes
[MODES] Loading mode Default (0) for mode-current-id-New main project
Mono: successfully reloaded assembly
- Finished resetting the current domain, in  4.436 seconds
Domain Reload Profiling:
	ReloadAssembly (831ms)
		BeginReloadAssembly (539ms)
			ExecutionOrderSort (0ms)
			DisableScriptedObjects (26ms)
			BackupInstance (0ms)
			ReleaseScriptingObjects (1ms)
			CreateAndSetChildDomain (299ms)
		LoadAllAssembliesAndSetupDomain (1464ms)
			LoadAssemblies (1107ms)
			RebuildTransferFunctionScriptingTraits (0ms)
			SetupTypeCache (481ms)
				TypeCache.Initialize (442ms)
					TypeCache.ScanAssembly (425ms)
				ResolveRequiredComponents (23ms)
		FinalizeReload (0ms)
			ReleaseScriptCaches (0ms)
			RebuildScriptCaches (0ms)
			SetupLoadedEditorAssemblies (1999ms)
				LogAssemblyErrors (0ms)
				InitializePlatformSupportModulesInManaged (39ms)
				SetLoadedEditorAssemblies (9ms)
				RefreshPlugins (0ms)
				BeforeProcessingInitializeOnLoad (175ms)
				ProcessInitializeOnLoadAttributes (1669ms)
				ProcessInitializeOnLoadMethodAttributes (100ms)
				AfterProcessingInitializeOnLoad (6ms)
				EditorAssembliesLoaded (1ms)
			ExecutionOrderSort2 (0ms)
			AwakeInstancesAfterBackupRestoration (35ms)
Script is not up to date after domain reload: guid(f83ed2df6825e8d45aa86b6853be2117) path("Assets/Scenes/test.cs") state(2)
Shader 'IL3DN/Leaf': fallback shader 'False' not found
Shader 'IL3DN/Branch': fallback shader 'False' not found
Refreshing native plugins compatible for Editor in 13.04 ms, found 7 plugins.
Preloading 0 native plugins for Editor in 0.00 ms.
Unloading 6566 Unused Serialized files (Serialized files now loaded: 0)
Unloading 72 unused Assets / (2.2 MB). Loaded Objects now: 7343.
Memory consumption went from 238.5 MB to 236.3 MB.
Total: 12.898400 ms (FindLiveObjects: 0.649200 ms CreateObjectMapping: 0.339900 ms MarkObjects: 9.311700 ms  DeleteObjects: 2.595900 ms)

Prepare: number of updated asset objects reloaded= 0
AssetImportParameters requested are different than current active one (requested -> active):
  custom:container-demuxer-ogg: 62fdf1f143b41e24485cea50d1cbac27 -> 
  custom:framework-win-MediaFoundation: 216162199b28c13a410421893ffa2e32 -> 
  custom:container-muxer-webm: aa71ff27fc2769a1b78a27578f13a17b -> 
  custom:video-decoder-webm-vp8: 9c59270c3fd7afecdb556c50c9e8de78 -> 
  custom:AudioImporter_EditorPlatform: d09bf68614088b80899f8185d706f6e7 -> 
  custom:audio-decoder-ogg-vorbis: bf7c407c2cedff20999df2af8eb42d56 -> 
  custom:audio-encoder-webm-vorbis: bf7c407c2cedff20999df2af8eb42d56 -> 
  custom:video-codec-MediaFoundation-h265: 746d11721c4dcdbdad8f713fa42b33f4 -> 
  custom:video-decoder-ogg-theora: a1e56fd34408186e4bbccfd4996cb3dc -> 
  custom:container-demuxer-webm: 4f35f7cbe854078d1ac9338744f61a02 -> 
  custom:video-encoder-webm-vp8: eb34c28f22e8b96e1ab97ce403110664 -> 
========================================================================
Received Prepare
Begin MonoManager ReloadAssembly
Symbol file LoadedFromMemory doesn't match image C:\3Dgame\NIR-A-game-\NIR-A-game-\Library\PackageCache\com.unity.visualscripting@1.8.0\Editor\VisualScripting.Core\Dependencies\YamlDotNet\Unity.VisualScripting.YamlDotNet.dll
Symbol file LoadedFromMemory doesn't match image C:\3Dgame\NIR-A-game-\NIR-A-game-\Library\PackageCache\com.unity.visualscripting@1.8.0\Editor\VisualScripting.Core\Dependencies\DotNetZip\Unity.VisualScripting.IonicZip.dll
- Loaded All Assemblies, in  0.902 seconds
Refreshing native plugins compatible for Editor in 6.76 ms, found 7 plugins.
Native extension for WindowsStandalone target not found
Native extension for Android target not found
Native extension for WebGL target not found
Error loading file Library/StateCache/LayerSettings/9e/9ecc5c3c162a7aba29bafa64c8b94b7c.json. Error: System.IO.IOException: Sharing violation on path C:\3Dgame\NIR-A-game-\NIR-A-game-\Library\StateCache\LayerSettings\9e\9ecc5c3c162a7aba29bafa64c8b94b7c.json
  at System.IO.FileStream..ctor (System.String path, System.IO.FileMode mode, System.IO.FileAccess access, System.IO.FileShare share, System.Int32 bufferSize, System.Boolean anonymous, System.IO.FileOptions options) [0x0019e] in <27586baf39bf4babbfd8a2caabe8e228>:0 
  at System.IO.FileStream..ctor (System.String path, System.IO.FileMode mode, System.IO.FileAccess access, System.IO.FileShare share, System.Int32 bufferSize, System.IO.FileOptions options) [0x00000] in <27586baf39bf4babbfd8a2caabe8e228>:0 
  at (wrapper remoting-invoke-with-check) System.IO.FileStream..ctor(string,System.IO.FileMode,System.IO.FileAccess,System.IO.FileShare,int,System.IO.FileOptions)
  at System.IO.StreamReader..ctor (System.String path, System.Text.Encoding encoding, System.Boolean detectEncodingFromByteOrderMarks, System.Int32 bufferSize) [0x00055] in <27586baf39bf4babbfd8a2caabe8e228>:0 
  at System.IO.StreamReader..ctor (System.String path, System.Text.Encoding encoding, System.Boolean detectEncodingFromByteOrderMarks) [0x00000] in <27586baf39bf4babbfd8a2caabe8e228>:0 
  at (wrapper remoting-invoke-with-check) System.IO.StreamReader..ctor(string,System.Text.Encoding,bool)
  at System.IO.File.InternalReadAllText (System.String path, System.Text.Encoding encoding) [0x00000] in <27586baf39bf4babbfd8a2caabe8e228>:0 
  at System.IO.File.ReadAllText (System.String path, System.Text.Encoding encoding) [0x00034] in <27586baf39bf4babbfd8a2caabe8e228>:0 
  at UnityEditor.StateCache`1[T].GetState (UnityEngine.Hash128 key, T defaultValue) [0x00041] in <ae93fefe62eb49e6b9ef3807ffd33dc7>:0 
UnityEngine.StackTraceUtility:ExtractStackTrace ()
UnityEngine.DebugLogHandler:LogFormat (UnityEngine.LogType,UnityEngine.Object,string,object[])
UnityEngine.Logger:Log (UnityEngine.LogType,object)
UnityEngine.Debug:LogError (object)
UnityEditor.StateCache`1<UnityEditor.Tools/LayerSettings>:GetState (UnityEngine.Hash128,UnityEditor.Tools/LayerSettings)
UnityEditor.Tools:OnEnable ()
UnityEngine.ScriptableObject:CreateInstance (System.Type)
UnityEngine.ScriptableObject:CreateInstance<UnityEditor.Tools> ()
UnityEditor.Tools:get_get ()
UnityEditor.Tools:get_visibleLayers ()
UnityEditor.Animations.Rigging.BoneRendererUtils:.cctor () (at ./Library/PackageCache/com.unity.animation.rigging@1.2.1/Editor/Utils/BoneRendererUtils.cs:121)
System.Runtime.CompilerServices.RuntimeHelpers:RunClassConstructor (System.RuntimeTypeHandle)
UnityEditor.EditorAssemblies:ProcessInitializeOnLoadAttributes (System.Type[])

(Filename: ./Library/PackageCache/com.unity.animation.rigging@1.2.1/Editor/Utils/BoneRendererUtils.cs Line: 121)

[MODES] ModeService[none].Initialize
[MODES] ModeService[none].LoadModes
[MODES] Loading mode Default (0) for mode-current-id-New main project
Mono: successfully reloaded assembly
- Finished resetting the current domain, in  2.145 seconds
Domain Reload Profiling:
	ReloadAssembly (248ms)
		BeginReloadAssembly (161ms)
			ExecutionOrderSort (0ms)
			DisableScriptedObjects (6ms)
			BackupInstance (0ms)
			ReleaseScriptingObjects (0ms)
			CreateAndSetChildDomain (52ms)
		LoadAllAssembliesAndSetupDomain (652ms)
			LoadAssemblies (337ms)
			RebuildTransferFunctionScriptingTraits (0ms)
			SetupTypeCache (379ms)
				TypeCache.Initialize (344ms)
					TypeCache.ScanAssembly (334ms)
				ResolveRequiredComponents (27ms)
		FinalizeReload (0ms)
			ReleaseScriptCaches (0ms)
			RebuildScriptCaches (0ms)
			SetupLoadedEditorAssemblies (659ms)
				LogAssemblyErrors (0ms)
				InitializePlatformSupportModulesInManaged (25ms)
				SetLoadedEditorAssemblies (6ms)
				RefreshPlugins (0ms)
				BeforeProcessingInitializeOnLoad (93ms)
				ProcessInitializeOnLoadAttributes (469ms)
				ProcessInitializeOnLoadMethodAttributes (61ms)
				AfterProcessingInitializeOnLoad (5ms)
				EditorAssembliesLoaded (1ms)
			ExecutionOrderSort2 (0ms)
			AwakeInstancesAfterBackupRestoration (21ms)
Shader 'IL3DN/Leaf': fallback shader 'False' not found
Shader 'IL3DN/Branch': fallback shader 'False' not found
Refreshing native plugins compatible for Editor in 21.63 ms, found 7 plugins.
Preloading 0 native plugins for Editor in 0.00 ms.
Unloading 6567 Unused Serialized files (Serialized files now loaded: 0)
Unloading 72 unused Assets / (2.2 MB). Loaded Objects now: 7361.
Memory consumption went from 238.7 MB to 236.5 MB.
Total: 13.495900 ms (FindLiveObjects: 1.086500 ms CreateObjectMapping: 0.835100 ms MarkObjects: 9.560000 ms  DeleteObjects: 2.011700 ms)

Prepare: number of updated asset objects reloaded= 0
AssetImportParameters requested are different than current active one (requested -> active):
  custom:container-demuxer-ogg: 62fdf1f143b41e24485cea50d1cbac27 -> 
  custom:framework-win-MediaFoundation: 216162199b28c13a410421893ffa2e32 -> 
  custom:container-muxer-webm: aa71ff27fc2769a1b78a27578f13a17b -> 
  custom:video-decoder-webm-vp8: 9c59270c3fd7afecdb556c50c9e8de78 -> 
  custom:AudioImporter_EditorPlatform: d09bf68614088b80899f8185d706f6e7 -> 
  custom:audio-decoder-ogg-vorbis: bf7c407c2cedff20999df2af8eb42d56 -> 
  custom:audio-encoder-webm-vorbis: bf7c407c2cedff20999df2af8eb42d56 -> 
  custom:video-codec-MediaFoundation-h265: 746d11721c4dcdbdad8f713fa42b33f4 -> 
  custom:video-decoder-ogg-theora: a1e56fd34408186e4bbccfd4996cb3dc -> 
  custom:container-demuxer-webm: 4f35f7cbe854078d1ac9338744f61a02 -> 
  custom:video-encoder-webm-vp8: eb34c28f22e8b96e1ab97ce403110664 -> 
========================================================================
Received Prepare
Begin MonoManager ReloadAssembly
Symbol file LoadedFromMemory doesn't match image C:\3Dgame\NIR-A-game-\NIR-A-game-\Library\PackageCache\com.unity.visualscripting@1.8.0\Editor\VisualScripting.Core\Dependencies\YamlDotNet\Unity.VisualScripting.YamlDotNet.dll
Symbol file LoadedFromMemory doesn't match image C:\3Dgame\NIR-A-game-\NIR-A-game-\Library\PackageCache\com.unity.visualscripting@1.8.0\Editor\VisualScripting.Core\Dependencies\DotNetZip\Unity.VisualScripting.IonicZip.dll
- Loaded All Assemblies, in  1.115 seconds
Refreshing native plugins compatible for Editor in 10.65 ms, found 7 plugins.
Native extension for WindowsStandalone target not found
Native extension for Android target not found
Native extension for WebGL target not found
[MODES] ModeService[none].Initialize
[MODES] ModeService[none].LoadModes
[MODES] Loading mode Default (0) for mode-current-id-New main project
Mono: successfully reloaded assembly
- Finished resetting the current domain, in  2.132 seconds
Domain Reload Profiling:
	ReloadAssembly (271ms)
		BeginReloadAssembly (181ms)
			ExecutionOrderSort (0ms)
			DisableScriptedObjects (6ms)
			BackupInstance (0ms)
			ReleaseScriptingObjects (0ms)
			CreateAndSetChildDomain (73ms)
		LoadAllAssembliesAndSetupDomain (841ms)
			LoadAssemblies (475ms)
			RebuildTransferFunctionScriptingTraits (0ms)
			SetupTypeCache (431ms)
				TypeCache.Initialize (383ms)
					TypeCache.ScanAssembly (371ms)
				ResolveRequiredComponents (29ms)
		FinalizeReload (0ms)
			ReleaseScriptCaches (0ms)
			RebuildScriptCaches (0ms)
			SetupLoadedEditorAssemblies (609ms)
				LogAssemblyErrors (0ms)
				InitializePlatformSupportModulesInManaged (21ms)
				SetLoadedEditorAssemblies (5ms)
				RefreshPlugins (0ms)
				BeforeProcessingInitializeOnLoad (89ms)
				ProcessInitializeOnLoadAttributes (425ms)
				ProcessInitializeOnLoadMethodAttributes (64ms)
				AfterProcessingInitializeOnLoad (4ms)
				EditorAssembliesLoaded (0ms)
			ExecutionOrderSort2 (0ms)
			AwakeInstancesAfterBackupRestoration (26ms)
Shader 'IL3DN/Leaf': fallback shader 'False' not found
Shader 'IL3DN/Branch': fallback shader 'False' not found
Refreshing native plugins compatible for Editor in 4.97 ms, found 7 plugins.
Preloading 0 native plugins for Editor in 0.00 ms.
Unloading 6567 Unused Serialized files (Serialized files now loaded: 0)
Unloading 72 unused Assets / (2.2 MB). Loaded Objects now: 7378.
Memory consumption went from 238.7 MB to 236.5 MB.
Total: 4.891400 ms (FindLiveObjects: 0.463700 ms CreateObjectMapping: 0.282800 ms MarkObjects: 3.264100 ms  DeleteObjects: 0.878900 ms)

Prepare: number of updated asset objects reloaded= 0
AssetImportParameters requested are different than current active one (requested -> active):
  custom:container-demuxer-ogg: 62fdf1f143b41e24485cea50d1cbac27 -> 
  custom:framework-win-MediaFoundation: 216162199b28c13a410421893ffa2e32 -> 
  custom:container-muxer-webm: aa71ff27fc2769a1b78a27578f13a17b -> 
  custom:video-decoder-webm-vp8: 9c59270c3fd7afecdb556c50c9e8de78 -> 
  custom:AudioImporter_EditorPlatform: d09bf68614088b80899f8185d706f6e7 -> 
  custom:audio-decoder-ogg-vorbis: bf7c407c2cedff20999df2af8eb42d56 -> 
  custom:audio-encoder-webm-vorbis: bf7c407c2cedff20999df2af8eb42d56 -> 
  custom:video-codec-MediaFoundation-h265: 746d11721c4dcdbdad8f713fa42b33f4 -> 
  custom:video-decoder-ogg-theora: a1e56fd34408186e4bbccfd4996cb3dc -> 
  custom:container-demuxer-webm: 4f35f7cbe854078d1ac9338744f61a02 -> 
  custom:video-encoder-webm-vp8: eb34c28f22e8b96e1ab97ce403110664 -> 
========================================================================
Received Prepare
Begin MonoManager ReloadAssembly
Symbol file LoadedFromMemory doesn't match image C:\3Dgame\NIR-A-game-\NIR-A-game-\Library\PackageCache\com.unity.visualscripting@1.8.0\Editor\VisualScripting.Core\Dependencies\YamlDotNet\Unity.VisualScripting.YamlDotNet.dll
Symbol file LoadedFromMemory doesn't match image C:\3Dgame\NIR-A-game-\NIR-A-game-\Library\PackageCache\com.unity.visualscripting@1.8.0\Editor\VisualScripting.Core\Dependencies\DotNetZip\Unity.VisualScripting.IonicZip.dll
- Loaded All Assemblies, in  1.195 seconds
Refreshing native plugins compatible for Editor in 5.50 ms, found 7 plugins.
Native extension for WindowsStandalone target not found
Native extension for Android target not found
Native extension for WebGL target not found
[MODES] ModeService[none].Initialize
[MODES] ModeService[none].LoadModes
[MODES] Loading mode Default (0) for mode-current-id-New main project
Error saving file Library/StateCache/LayerSettings/9e/9ecc5c3c162a7aba29bafa64c8b94b7c.json. Error: System.IO.IOException: Sharing violation on path C:\3Dgame\NIR-A-game-\NIR-A-game-\Library\StateCache\LayerSettings\9e\9ecc5c3c162a7aba29bafa64c8b94b7c.json
  at System.IO.FileStream..ctor (System.String path, System.IO.FileMode mode, System.IO.FileAccess access, System.IO.FileShare share, System.Int32 bufferSize, System.Boolean anonymous, System.IO.FileOptions options) [0x0019e] in <27586baf39bf4babbfd8a2caabe8e228>:0 
  at System.IO.FileStream..ctor (System.String path, System.IO.FileMode mode, System.IO.FileAccess access, System.IO.FileShare share, System.Int32 bufferSize, System.IO.FileOptions options) [0x00000] in <27586baf39bf4babbfd8a2caabe8e228>:0 
  at (wrapper remoting-invoke-with-check) System.IO.FileStream..ctor(string,System.IO.FileMode,System.IO.FileAccess,System.IO.FileShare,int,System.IO.FileOptions)
  at System.IO.StreamWriter..ctor (System.String path, System.Boolean append, System.Text.Encoding encoding, System.Int32 bufferSize) [0x00055] in <27586baf39bf4babbfd8a2caabe8e228>:0 
  at System.IO.StreamWriter..ctor (System.String path, System.Boolean append, System.Text.Encoding encoding) [0x00000] in <27586baf39bf4babbfd8a2caabe8e228>:0 
  at (wrapper remoting-invoke-with-check) System.IO.StreamWriter..ctor(string,bool,System.Text.Encoding)
  at System.IO.File.WriteAllText (System.String path, System.String contents, System.Text.Encoding encoding) [0x00034] in <27586baf39bf4babbfd8a2caabe8e228>:0 
  at UnityEditor.StateCache`1[T].SetState (UnityEngine.Hash128 key, T obj) [0x0004b] in <ae93fefe62eb49e6b9ef3807ffd33dc7>:0 
UnityEngine.StackTraceUtility:ExtractStackTrace ()
UnityEngine.DebugLogHandler:LogFormat (UnityEngine.LogType,UnityEngine.Object,string,object[])
UnityEngine.Logger:Log (UnityEngine.LogType,object)
UnityEngine.Debug:LogError (object)
UnityEditor.StateCache`1<UnityEditor.Tools/LayerSettings>:SetState (UnityEngine.Hash128,UnityEditor.Tools/LayerSettings)
UnityEditor.Tools:set_lockedLayers (int)
UnityEditor.Tools:OnEnable ()

Mono: successfully reloaded assembly
- Finished resetting the current domain, in  1.604 seconds
Domain Reload Profiling:
	ReloadAssembly (433ms)
		BeginReloadAssembly (356ms)
			ExecutionOrderSort (0ms)
			DisableScriptedObjects (19ms)
			BackupInstance (0ms)
			ReleaseScriptingObjects (0ms)
			CreateAndSetChildDomain (178ms)
		LoadAllAssembliesAndSetupDomain (789ms)
			LoadAssemblies (364ms)
			RebuildTransferFunctionScriptingTraits (0ms)
			SetupTypeCache (487ms)
				TypeCache.Initialize (400ms)
					TypeCache.ScanAssembly (381ms)
				ResolveRequiredComponents (33ms)
		FinalizeReload (0ms)
			ReleaseScriptCaches (0ms)
			RebuildScriptCaches (0ms)
			SetupLoadedEditorAssemblies (661ms)
				LogAssemblyErrors (0ms)
				InitializePlatformSupportModulesInManaged (23ms)
				SetLoadedEditorAssemblies (5ms)
				RefreshPlugins (0ms)
				BeforeProcessingInitializeOnLoad (75ms)
				ProcessInitializeOnLoadAttributes (476ms)
				ProcessInitializeOnLoadMethodAttributes (76ms)
				AfterProcessingInitializeOnLoad (5ms)
				EditorAssembliesLoaded (0ms)
			ExecutionOrderSort2 (0ms)
			AwakeInstancesAfterBackupRestoration (36ms)
Shader 'IL3DN/Leaf': fallback shader 'False' not found
Shader 'IL3DN/Branch': fallback shader 'False' not found
Refreshing native plugins compatible for Editor in 25.05 ms, found 7 plugins.
Preloading 0 native plugins for Editor in 0.00 ms.
Unloading 6567 Unused Serialized files (Serialized files now loaded: 0)
Unloading 72 unused Assets / (2.2 MB). Loaded Objects now: 7395.
Memory consumption went from 238.8 MB to 236.5 MB.
Total: 11.731300 ms (FindLiveObjects: 0.977200 ms CreateObjectMapping: 1.213500 ms MarkObjects: 8.328500 ms  DeleteObjects: 1.210000 ms)

Prepare: number of updated asset objects reloaded= 0
AssetImportParameters requested are different than current active one (requested -> active):
  custom:container-demuxer-ogg: 62fdf1f143b41e24485cea50d1cbac27 -> 
  custom:framework-win-MediaFoundation: 216162199b28c13a410421893ffa2e32 -> 
  custom:container-muxer-webm: aa71ff27fc2769a1b78a27578f13a17b -> 
  custom:video-decoder-webm-vp8: 9c59270c3fd7afecdb556c50c9e8de78 -> 
  custom:AudioImporter_EditorPlatform: d09bf68614088b80899f8185d706f6e7 -> 
  custom:audio-decoder-ogg-vorbis: bf7c407c2cedff20999df2af8eb42d56 -> 
  custom:audio-encoder-webm-vorbis: bf7c407c2cedff20999df2af8eb42d56 -> 
  custom:video-codec-MediaFoundation-h265: 746d11721c4dcdbdad8f713fa42b33f4 -> 
  custom:video-decoder-ogg-theora: a1e56fd34408186e4bbccfd4996cb3dc -> 
  custom:container-demuxer-webm: 4f35f7cbe854078d1ac9338744f61a02 -> 
  custom:video-encoder-webm-vp8: eb34c28f22e8b96e1ab97ce403110664 -> 
>>>>>>> Stashed changes
