Using pre-set license
Built from '2022.3/staging' branch; Version is '2022.3.4f1 (35713cd46cd7) revision 3502396'; Using compiler version '192829333'; Build Type 'Release'
OS: 'Windows 11  (10.0.22621) 64bit Core' Language: 'ja' Physical Memory: 7831 MB
BatchMode: 1, IsHumanControllingUs: 0, StartBugReporterOnCrash: 0, Is64bit: 1, IsPro: 1

COMMAND LINE ARGUMENTS:
C:\Program Files\Unity\Hub\Editor\2022.3.4f1\Editor\Unity.exe
-adb2
-batchMode
-noUpm
-name
AssetImportWorker2
-projectPath
C:/3Dgame/NIR-A-game-/NIR-A-game-
-logFile
Logs/AssetImportWorker2.log
-srvPort
59515
Successfully changed project path to: C:/3Dgame/NIR-A-game-/NIR-A-game-
C:/3Dgame/NIR-A-game-/NIR-A-game-
[UnityMemory] Configuration Parameters - Can be set up in boot.config
    "memorysetup-bucket-allocator-granularity=16"
    "memorysetup-bucket-allocator-bucket-count=8"
    "memorysetup-bucket-allocator-block-size=33554432"
    "memorysetup-bucket-allocator-block-count=8"
    "memorysetup-main-allocator-block-size=16777216"
    "memorysetup-thread-allocator-block-size=16777216"
    "memorysetup-gfx-main-allocator-block-size=16777216"
    "memorysetup-gfx-thread-allocator-block-size=16777216"
    "memorysetup-cache-allocator-block-size=4194304"
    "memorysetup-typetree-allocator-block-size=2097152"
    "memorysetup-profiler-bucket-allocator-granularity=16"
    "memorysetup-profiler-bucket-allocator-bucket-count=8"
    "memorysetup-profiler-bucket-allocator-block-size=33554432"
    "memorysetup-profiler-bucket-allocator-block-count=8"
    "memorysetup-profiler-allocator-block-size=16777216"
    "memorysetup-profiler-editor-allocator-block-size=1048576"
    "memorysetup-temp-allocator-size-main=16777216"
    "memorysetup-job-temp-allocator-block-size=2097152"
    "memorysetup-job-temp-allocator-block-size-background=1048576"
    "memorysetup-job-temp-allocator-reduction-small-platforms=262144"
    "memorysetup-allocator-temp-initial-block-size-main=262144"
    "memorysetup-allocator-temp-initial-block-size-worker=262144"
    "memorysetup-temp-allocator-size-background-worker=32768"
    "memorysetup-temp-allocator-size-job-worker=262144"
    "memorysetup-temp-allocator-size-preload-manager=33554432"
    "memorysetup-temp-allocator-size-nav-mesh-worker=65536"
    "memorysetup-temp-allocator-size-audio-worker=65536"
    "memorysetup-temp-allocator-size-cloud-worker=32768"
    "memorysetup-temp-allocator-size-gi-baking-worker=262144"
    "memorysetup-temp-allocator-size-gfx=262144"
Player connection [10976] Host "[IP] 192.168.11.2 [Port] 0 [Flags] 2 [Guid] 1957271271 [EditorId] 1957271271 [Version] 1048832 [Id] WindowsEditor(7,meganenomegane) [Debug] 1 [PackageName] WindowsEditor [ProjectName] Editor" joined multi-casting on [225.0.0.222:54997]...

Player connection [10976] Host "[IP] 192.168.11.2 [Port] 0 [Flags] 2 [Guid] 1957271271 [EditorId] 1957271271 [Version] 1048832 [Id] WindowsEditor(7,meganenomegane) [Debug] 1 [PackageName] WindowsEditor [ProjectName] Editor" joined alternative multi-casting on [225.0.0.222:34997]...

Refreshing native plugins compatible for Editor in 106.47 ms, found 7 plugins.
Preloading 0 native plugins for Editor in 0.00 ms.
Initialize engine version: 2022.3.4f1 (35713cd46cd7)
[Subsystems] Discovering subsystems at path C:/Program Files/Unity/Hub/Editor/2022.3.4f1/Editor/Data/Resources/UnitySubsystems
[Subsystems] Discovering subsystems at path C:/3Dgame/NIR-A-game-/NIR-A-game-/Assets
GfxDevice: creating device client; threaded=0; jobified=0
Direct3D:
    Version:  Direct3D 11.0 [level 11.1]
    Renderer: Intel(R) Iris(R) Xe Graphics (ID=0x9a49)
    Vendor:   Intel
    VRAM:     3915 MB
    Driver:   31.0.101.4314
Shader 'IL3DN/Branch': fallback shader 'False' not found
Shader 'IL3DN/Leaf': fallback shader 'False' not found
Initialize mono
Mono path[0] = 'C:/Program Files/Unity/Hub/Editor/2022.3.4f1/Editor/Data/Managed'
Mono path[1] = 'C:/Program Files/Unity/Hub/Editor/2022.3.4f1/Editor/Data/MonoBleedingEdge/lib/mono/unityjit-win32'
Mono config path = 'C:/Program Files/Unity/Hub/Editor/2022.3.4f1/Editor/Data/MonoBleedingEdge/etc'
Using monoOptions --debugger-agent=transport=dt_socket,embedding=1,server=y,suspend=n,address=127.0.0.1:56564
Begin MonoManager ReloadAssembly
Registering precompiled unity dll's ...
Register platform support module: C:/Program Files/Unity/Hub/Editor/2022.3.4f1/Editor/Data/PlaybackEngines/WebGLSupport/UnityEditor.WebGL.Extensions.dll
Register platform support module: C:/Program Files/Unity/Hub/Editor/2022.3.4f1/Editor/Data/PlaybackEngines/AndroidPlayer/UnityEditor.Android.Extensions.dll
Register platform support module: C:/Program Files/Unity/Hub/Editor/2022.3.4f1/Editor/Data/PlaybackEngines/iOSSupport/UnityEditor.iOS.Extensions.dll
Register platform support module: C:/Program Files/Unity/Hub/Editor/2022.3.4f1/Editor/Data/PlaybackEngines/WindowsStandaloneSupport/UnityEditor.WindowsStandalone.Extensions.dll
Register platform support module: C:/Program Files/Unity/Hub/Editor/2022.3.4f1/Editor/Data/PlaybackEngines/MetroSupport/UnityEditor.UWP.Extensions.dll
Registered in 0.018701 seconds.
- Loaded All Assemblies, in  0.747 seconds
Native extension for UWP target not found
Native extension for WindowsStandalone target not found
[usbmuxd] Start listen thread
[usbmuxd] Listen thread started
Native extension for iOS target not found
Native extension for Android target not found
Android Extension - Scanning For ADB Devices 2255 ms
Native extension for WebGL target not found
Mono: successfully reloaded assembly
- Finished resetting the current domain, in  4.660 seconds
Domain Reload Profiling: 5405ms
	BeginReloadAssembly (167ms)
		ExecutionOrderSort (0ms)
		DisableScriptedObjects (0ms)
		BackupInstance (0ms)
		ReleaseScriptingObjects (0ms)
		CreateAndSetChildDomain (2ms)
	RebuildCommonClasses (71ms)
	RebuildNativeTypeToScriptingClass (24ms)
	initialDomainReloadingComplete (105ms)
	LoadAllAssembliesAndSetupDomain (376ms)
		LoadAssemblies (164ms)
		RebuildTransferFunctionScriptingTraits (0ms)
		AnalyzeDomain (365ms)
			TypeCache.Refresh (359ms)
				TypeCache.ScanAssembly (295ms)
			ScanForSourceGeneratedMonoScriptInfo (2ms)
			ResolveRequiredComponents (3ms)
	FinalizeReload (4661ms)
		ReleaseScriptCaches (0ms)
		RebuildScriptCaches (0ms)
		SetupLoadedEditorAssemblies (4301ms)
			LogAssemblyErrors (0ms)
			InitializePlatformSupportModulesInManaged (3148ms)
			SetLoadedEditorAssemblies (32ms)
			RefreshPlugins (0ms)
			BeforeProcessingInitializeOnLoad (19ms)
			ProcessInitializeOnLoadAttributes (804ms)
			ProcessInitializeOnLoadMethodAttributes (297ms)
			AfterProcessingInitializeOnLoad (0ms)
			EditorAssembliesLoaded (0ms)
		ExecutionOrderSort2 (0ms)
		AwakeInstancesAfterBackupRestoration (0ms)
========================================================================
Worker process is ready to serve import requests
Begin MonoManager ReloadAssembly
Symbol file LoadedFromMemory doesn't match image C:\3Dgame\NIR-A-game-\NIR-A-game-\Library\PackageCache\com.unity.visualscripting@1.8.0\Editor\VisualScripting.Core\Dependencies\YamlDotNet\Unity.VisualScripting.YamlDotNet.dll
Symbol file LoadedFromMemory doesn't match image C:\3Dgame\NIR-A-game-\NIR-A-game-\Library\PackageCache\com.unity.visualscripting@1.8.0\Editor\VisualScripting.Core\Dependencies\DotNetZip\Unity.VisualScripting.IonicZip.dll
- Loaded All Assemblies, in 28.969 seconds
Refreshing native plugins compatible for Editor in 14.02 ms, found 7 plugins.
Native extension for UWP target not found
Native extension for WindowsStandalone target not found
Native extension for iOS target not found
Native extension for Android target not found
Native extension for WebGL target not found
Error saving file Library/StateCache/LayerSettings/9e/9ecc5c3c162a7aba29bafa64c8b94b7c.json. Error: System.IO.IOException: Sharing violation on path C:\3Dgame\NIR-A-game-\NIR-A-game-\Library\StateCache\LayerSettings\9e\9ecc5c3c162a7aba29bafa64c8b94b7c.json
  at System.IO.FileStream..ctor (System.String path, System.IO.FileMode mode, System.IO.FileAccess access, System.IO.FileShare share, System.Int32 bufferSize, System.Boolean anonymous, System.IO.FileOptions options) [0x0019e] in <605bf8b31fcb444b85176da963870aa7>:0 
  at System.IO.FileStream..ctor (System.String path, System.IO.FileMode mode, System.IO.FileAccess access, System.IO.FileShare share, System.Int32 bufferSize, System.IO.FileOptions options) [0x00000] in <605bf8b31fcb444b85176da963870aa7>:0 
  at (wrapper remoting-invoke-with-check) System.IO.FileStream..ctor(string,System.IO.FileMode,System.IO.FileAccess,System.IO.FileShare,int,System.IO.FileOptions)
  at System.IO.StreamWriter..ctor (System.String path, System.Boolean append, System.Text.Encoding encoding, System.Int32 bufferSize) [0x00055] in <605bf8b31fcb444b85176da963870aa7>:0 
  at System.IO.StreamWriter..ctor (System.String path, System.Boolean append, System.Text.Encoding encoding) [0x00000] in <605bf8b31fcb444b85176da963870aa7>:0 
  at (wrapper remoting-invoke-with-check) System.IO.StreamWriter..ctor(string,bool,System.Text.Encoding)
  at System.IO.File.WriteAllText (System.String path, System.String contents, System.Text.Encoding encoding) [0x00034] in <605bf8b31fcb444b85176da963870aa7>:0 
  at UnityEditor.StateCache`1[T].SetState (UnityEngine.Hash128 key, T obj) [0x0004b] in <da771086bc2e4cfc9ad0a72e083a7f98>:0 
UnityEngine.StackTraceUtility:ExtractStackTrace ()
UnityEngine.DebugLogHandler:LogFormat (UnityEngine.LogType,UnityEngine.Object,string,object[])
UnityEngine.Logger:Log (UnityEngine.LogType,object)
UnityEngine.Debug:LogError (object)
UnityEditor.StateCache`1<UnityEditor.Tools/LayerSettings>:SetState (UnityEngine.Hash128,UnityEditor.Tools/LayerSettings)
UnityEditor.Tools:set_lockedLayers (int)
UnityEditor.Tools:OnEnable ()
UnityEngine.ScriptableObject:CreateInstance (System.Type)
UnityEngine.ScriptableObject:CreateInstance<UnityEditor.Tools> ()
UnityEditor.Tools:get_get ()
UnityEditor.Tools:get_visibleLayers ()
UnityEditor.Animations.Rigging.BoneRendererUtils:.cctor () (at ./Library/PackageCache/com.unity.animation.rigging@1.2.1/Editor/Utils/BoneRendererUtils.cs:121)
System.Runtime.CompilerServices.RuntimeHelpers:RunClassConstructor (System.RuntimeTypeHandle)
UnityEditor.EditorAssemblies:ProcessInitializeOnLoadAttributes (System.Type[])

(Filename: ./Library/PackageCache/com.unity.animation.rigging@1.2.1/Editor/Utils/BoneRendererUtils.cs Line: 121)

[MODES] ModeService[none].Initialize
[MODES] ModeService[none].LoadModes
[MODES] Loading mode Default (0) for mode-current-id-New main project
Mono: successfully reloaded assembly
- Finished resetting the current domain, in  4.331 seconds
Domain Reload Profiling: 33298ms
	BeginReloadAssembly (434ms)
		ExecutionOrderSort (0ms)
		DisableScriptedObjects (17ms)
		BackupInstance (0ms)
		ReleaseScriptingObjects (1ms)
		CreateAndSetChildDomain (50ms)
	RebuildCommonClasses (76ms)
	RebuildNativeTypeToScriptingClass (23ms)
	initialDomainReloadingComplete (74ms)
	LoadAllAssembliesAndSetupDomain (28358ms)
		LoadAssemblies (26701ms)
		RebuildTransferFunctionScriptingTraits (0ms)
		AnalyzeDomain (1865ms)
			TypeCache.Refresh (1731ms)
				TypeCache.ScanAssembly (1571ms)
			ScanForSourceGeneratedMonoScriptInfo (73ms)
			ResolveRequiredComponents (61ms)
	FinalizeReload (4332ms)
		ReleaseScriptCaches (0ms)
		RebuildScriptCaches (0ms)
		SetupLoadedEditorAssemblies (3875ms)
			LogAssemblyErrors (0ms)
			InitializePlatformSupportModulesInManaged (84ms)
			SetLoadedEditorAssemblies (9ms)
			RefreshPlugins (0ms)
			BeforeProcessingInitializeOnLoad (174ms)
			ProcessInitializeOnLoadAttributes (3444ms)
			ProcessInitializeOnLoadMethodAttributes (151ms)
			AfterProcessingInitializeOnLoad (12ms)
			EditorAssembliesLoaded (1ms)
		ExecutionOrderSort2 (0ms)
		AwakeInstancesAfterBackupRestoration (17ms)
Shader 'IL3DN/Branch': fallback shader 'False' not found
Shader 'IL3DN/Leaf': fallback shader 'False' not found
Launched and connected shader compiler UnityShaderCompiler.exe after 0.19 seconds
Refreshing native plugins compatible for Editor in 14.06 ms, found 7 plugins.
Preloading 0 native plugins for Editor in 0.00 ms.
Unloading 7103 Unused Serialized files (Serialized files now loaded: 0)
Unloading 128 unused Assets / (2.4 MB). Loaded Objects now: 7567.
Memory consumption went from 312.2 MB to 309.8 MB.
Total: 13.804200 ms (FindLiveObjects: 0.988000 ms CreateObjectMapping: 0.733900 ms MarkObjects: 10.369800 ms  DeleteObjects: 1.706000 ms)

AssetImportParameters requested are different than current active one (requested -> active):
  custom:container-demuxer-ogg: 62fdf1f143b41e24485cea50d1cbac27 -> 
  custom:framework-win-MediaFoundation: 216162199b28c13a410421893ffa2e32 -> 
  custom:container-muxer-webm: aa71ff27fc2769a1b78a27578f13a17b -> 
  custom:video-decoder-webm-vp8: 9c59270c3fd7afecdb556c50c9e8de78 -> 
  custom:AudioImporter_EditorPlatform: d09bf68614088b80899f8185d706f6e7 -> 
  custom:audio-decoder-ogg-vorbis: bf7c407c2cedff20999df2af8eb42d56 -> 
  custom:audio-encoder-webm-vorbis: bf7c407c2cedff20999df2af8eb42d56 -> 
  custom:video-codec-MediaFoundation-h265: 746d11721c4dcdbdad8f713fa42b33f4 -> 
  custom:video-decoder-ogg-theora: a1e56fd34408186e4bbccfd4996cb3dc -> 
  custom:CustomObjectIndexerAttribute: a3ef5dd2817f97addfee359851a9dba5 -> 
  custom:container-demuxer-webm: 4f35f7cbe854078d1ac9338744f61a02 -> 
  custom:video-encoder-webm-vp8: eb34c28f22e8b96e1ab97ce403110664 -> 
========================================================================
Received Import Request.
  Time since last request: 69728.372574 seconds.
  path: Assets/雄太/chara/character/Animators/chaiser-4.fbx
  artifactKey: Guid(c86fd8acb66e259448cc89f3ef1cc8c8) Importer(815301076,1909f56bfc062723c751e8b465ee728b)
Start importing Assets/雄太/chara/character/Animators/chaiser-4.fbx using Guid(c86fd8acb66e259448cc89f3ef1cc8c8) Importer(815301076,1909f56bfc062723c751e8b465ee728b)  -> (artifact id: '270f46523f560ec90f1588776b54d5f2') in 0.122479 seconds
Number of updated asset objects reloaded before import = 0
Number of asset objects unloaded after import = 339
========================================================================
Received Import Request.
  Time since last request: 0.000031 seconds.
  path: Assets/雄太/chara/character/Animators/chaiser-3.fbx
  artifactKey: Guid(d059ded587ae23f4bb7c6f8081a2d290) Importer(815301076,1909f56bfc062723c751e8b465ee728b)
Start importing Assets/雄太/chara/character/Animators/chaiser-3.fbx using Guid(d059ded587ae23f4bb7c6f8081a2d290) Importer(815301076,1909f56bfc062723c751e8b465ee728b)  -> (artifact id: '344c0cd9010923211ea166ad2cf366f3') in 0.028426 seconds
Number of updated asset objects reloaded before import = 0
Number of asset objects unloaded after import = 338
========================================================================
Received Import Request.
  Time since last request: 0.000039 seconds.
  path: Assets/雄太/chara/character/Animators/chaiser-2.fbx
  artifactKey: Guid(d0480de91c945e44284d8cf6d114d012) Importer(815301076,1909f56bfc062723c751e8b465ee728b)
Start importing Assets/雄太/chara/character/Animators/chaiser-2.fbx using Guid(d0480de91c945e44284d8cf6d114d012) Importer(815301076,1909f56bfc062723c751e8b465ee728b)  -> (artifact id: 'c1201dca63c19a885db7619b97ef3877') in 0.027630 seconds
Number of updated asset objects reloaded before import = 0
Number of asset objects unloaded after import = 341
========================================================================
Received Import Request.
  Time since last request: 0.000035 seconds.
  path: Assets/雄太/chara/character/Animators/Mainn Chara Weapon Layer.mask
  artifactKey: Guid(c3ef605be73dc724483d56cce4101f4d) Importer(815301076,1909f56bfc062723c751e8b465ee728b)
Start importing Assets/雄太/chara/character/Animators/Mainn Chara Weapon Layer.mask using Guid(c3ef605be73dc724483d56cce4101f4d) Importer(815301076,1909f56bfc062723c751e8b465ee728b)  -> (artifact id: 'a764bc4bb56e92dbb7eb27c4618028c0') in 0.002899 seconds
Number of updated asset objects reloaded before import = 0
Number of asset objects unloaded after import = 1
========================================================================
Received Import Request.
  Time since last request: 0.000035 seconds.
  path: Assets/雄太/kari .prefab
  artifactKey: Guid(479e4f3705c621246aa36c5b5e564be9) Importer(815301076,1909f56bfc062723c751e8b465ee728b)
Start importing Assets/雄太/kari .prefab using Guid(479e4f3705c621246aa36c5b5e564be9) Importer(815301076,1909f56bfc062723c751e8b465ee728b)  -> (artifact id: '237d80e166550c1a6d432d581c4730ab') in 3.584712 seconds
Number of updated asset objects reloaded before import = 0
Number of asset objects unloaded after import = 4134
========================================================================
Received Import Request.
  Time since last request: 981.675238 seconds.
  path: Assets/雄太/chara/character/Animators
  artifactKey: Guid(478602bdad9c3f34bbd87e4679023a79) Importer(815301076,1909f56bfc062723c751e8b465ee728b)
Start importing Assets/雄太/chara/character/Animators using Guid(478602bdad9c3f34bbd87e4679023a79) Importer(815301076,1909f56bfc062723c751e8b465ee728b)  -> (artifact id: '402abb4e6df9d62abc747f969c0d0b00') in 0.028095 seconds
Number of updated asset objects reloaded before import = 0
Number of asset objects unloaded after import = 0
========================================================================
Received Import Request.
  Time since last request: 8.514560 seconds.
  path: Assets/雄太/chara/character/Animators/鎌
  artifactKey: Guid(62288dd2fb832574583e01d4d0ce3683) Importer(815301076,1909f56bfc062723c751e8b465ee728b)
Start importing Assets/雄太/chara/character/Animators/鎌 using Guid(62288dd2fb832574583e01d4d0ce3683) Importer(815301076,1909f56bfc062723c751e8b465ee728b)  -> (artifact id: 'e3a46b1ff1ec73212ad9e5a2bc551d77') in 0.001539 seconds
Number of updated asset objects reloaded before import = 0
Number of asset objects unloaded after import = 0
========================================================================
Received Import Request.
  Time since last request: 2.394152 seconds.
  path: Assets/雄太/chara/character/Animators/鎌通常4-4.anim
  artifactKey: Guid(9c26e8c160789ab45abde2ad34016347) Importer(815301076,1909f56bfc062723c751e8b465ee728b)
Start importing Assets/雄太/chara/character/Animators/鎌通常4-4.anim using Guid(9c26e8c160789ab45abde2ad34016347) Importer(815301076,1909f56bfc062723c751e8b465ee728b)  -> (artifact id: '57705565e85d3a1a87f42fcb73d9fda0') in 0.035278 seconds
Number of updated asset objects reloaded before import = 0
Number of asset objects unloaded after import = 1
========================================================================
Received Import Request.
  Time since last request: 4.113001 seconds.
  path: Assets/雄太/chara/character/Animators/槍終了.anim
  artifactKey: Guid(9c53fb33ace81f64cb9fc9f165933ac0) Importer(815301076,1909f56bfc062723c751e8b465ee728b)
Start importing Assets/雄太/chara/character/Animators/槍終了.anim using Guid(9c53fb33ace81f64cb9fc9f165933ac0) Importer(815301076,1909f56bfc062723c751e8b465ee728b)  -> (artifact id: '761bdc70998b32e34615b54bf35df289') in 0.022847 seconds
Number of updated asset objects reloaded before import = 0
Number of asset objects unloaded after import = 1
========================================================================
Received Import Request.
  Time since last request: 1.096867 seconds.
  path: Assets/雄太/chara/character/Animators/槍通常2.anim
  artifactKey: Guid(c7d294be9f8717f4cba0c36e6518b674) Importer(815301076,1909f56bfc062723c751e8b465ee728b)
Start importing Assets/雄太/chara/character/Animators/槍通常2.anim using Guid(c7d294be9f8717f4cba0c36e6518b674) Importer(815301076,1909f56bfc062723c751e8b465ee728b)  -> (artifact id: 'c86f215169c220e78f607fc960693449') in 0.049946 seconds
Number of updated asset objects reloaded before import = 0
Number of asset objects unloaded after import = 1
========================================================================
Received Import Request.
  Time since last request: 22.312723 seconds.
  path: Assets/雄太/chara/character/Animators/元データ
  artifactKey: Guid(03b5541fc2f8fc54cb1766fdc966d9dc) Importer(815301076,1909f56bfc062723c751e8b465ee728b)
Start importing Assets/雄太/chara/character/Animators/元データ using Guid(03b5541fc2f8fc54cb1766fdc966d9dc) Importer(815301076,1909f56bfc062723c751e8b465ee728b)  -> (artifact id: '87c69bf05d0cbc75b9dc496f33b66180') in 0.000832 seconds
Number of updated asset objects reloaded before import = 0
Number of asset objects unloaded after import = 0
========================================================================
Received Import Request.
  Time since last request: 39.414503 seconds.
  path: Assets/雄太/chara/character/Animators/Jump.fbx
  artifactKey: Guid(18ffcd602519ce4419500fca850d93f5) Importer(815301076,1909f56bfc062723c751e8b465ee728b)
Start importing Assets/雄太/chara/character/Animators/Jump.fbx using Guid(18ffcd602519ce4419500fca850d93f5) Importer(815301076,1909f56bfc062723c751e8b465ee728b)  -> (artifact id: '1d0f39565b5dc2c6255368faf2ee44ce') in 0.038438 seconds
Number of updated asset objects reloaded before import = 0
Number of asset objects unloaded after import = 144
========================================================================
Received Import Request.
  Time since last request: 9.491469 seconds.
  path: Assets/雄太/chara/character/Animators/mixamo.com.anim
  artifactKey: Guid(0d10450ae6101984cbd999eec91a23e1) Importer(815301076,1909f56bfc062723c751e8b465ee728b)
Start importing Assets/雄太/chara/character/Animators/mixamo.com.anim using Guid(0d10450ae6101984cbd999eec91a23e1) Importer(815301076,1909f56bfc062723c751e8b465ee728b)  -> (artifact id: '42fe75a3c4c7972749ace2c6eb8662d8') in 0.008984 seconds
Number of updated asset objects reloaded before import = 0
Number of asset objects unloaded after import = 1
========================================================================
Received Import Request.
  Time since last request: 17.196564 seconds.
  path: Assets/雄太/chara/character/Animators/Run_notransform.anim
  artifactKey: Guid(c5ab459bb60b3d74da77168ea36f5874) Importer(815301076,1909f56bfc062723c751e8b465ee728b)
Start importing Assets/雄太/chara/character/Animators/Run_notransform.anim using Guid(c5ab459bb60b3d74da77168ea36f5874) Importer(815301076,1909f56bfc062723c751e8b465ee728b)  -> (artifact id: 'd4c908580f367bae394b5c7773f7d529') in 0.103271 seconds
Number of updated asset objects reloaded before import = 0
Number of asset objects unloaded after import = 1
========================================================================
Received Import Request.
  Time since last request: 9.550488 seconds.
  path: Assets/雄太/chara/character/Animators/main.anim
  artifactKey: Guid(0d10450ae6101984cbd999eec91a23e1) Importer(815301076,1909f56bfc062723c751e8b465ee728b)
Start importing Assets/雄太/chara/character/Animators/main.anim using Guid(0d10450ae6101984cbd999eec91a23e1) Importer(815301076,1909f56bfc062723c751e8b465ee728b)  -> (artifact id: '29941d5f037cf22bca216766e92a02f2') in 0.008803 seconds
Number of updated asset objects reloaded before import = 0
Number of asset objects unloaded after import = 1
========================================================================
Received Import Request.
  Time since last request: 18.735278 seconds.
  path: Assets/雄太/chara/character/Animators/Jump.anim
  artifactKey: Guid(a28f9624c66721d4a958ca93bd85635c) Importer(815301076,1909f56bfc062723c751e8b465ee728b)
Start importing Assets/雄太/chara/character/Animators/Jump.anim using Guid(a28f9624c66721d4a958ca93bd85635c) Importer(815301076,1909f56bfc062723c751e8b465ee728b)  -> (artifact id: 'f6ffa41400605c3ba02cefcff8ea48f5') in 0.015683 seconds
Number of updated asset objects reloaded before import = 0
Number of asset objects unloaded after import = 1
========================================================================
Received Import Request.
  Time since last request: 21.781909 seconds.
  path: Assets/雄太/chara/character/Animators/jump.anim
  artifactKey: Guid(0d10450ae6101984cbd999eec91a23e1) Importer(815301076,1909f56bfc062723c751e8b465ee728b)
Start importing Assets/雄太/chara/character/Animators/jump.anim using Guid(0d10450ae6101984cbd999eec91a23e1) Importer(815301076,1909f56bfc062723c751e8b465ee728b)  -> (artifact id: 'f0416f6069c7ef379eb0264a9132c363') in 0.007526 seconds
Number of updated asset objects reloaded before import = 0
Number of asset objects unloaded after import = 1
========================================================================
Received Import Request.
  Time since last request: 21.154236 seconds.
  path: Assets/雄太/chara/character/Animators/Jump.fbx
  artifactKey: Guid(18ffcd602519ce4419500fca850d93f5) Importer(815301076,1909f56bfc062723c751e8b465ee728b)
Start importing Assets/雄太/chara/character/Animators/Jump.fbx using Guid(18ffcd602519ce4419500fca850d93f5) Importer(815301076,1909f56bfc062723c751e8b465ee728b)  -> (artifact id: '04884e5f8b4d7afc932367a995a28c3b') in 0.066813 seconds
Number of updated asset objects reloaded before import = 0
Number of asset objects unloaded after import = 146
========================================================================
Received Import Request.
  Time since last request: 20.530696 seconds.
  path: Assets/雄太/chara/character/Animators/mixamo.com.anim
  artifactKey: Guid(7bafd61c782c12743b1ecc6cb58a530b) Importer(815301076,1909f56bfc062723c751e8b465ee728b)
Start importing Assets/雄太/chara/character/Animators/mixamo.com.anim using Guid(7bafd61c782c12743b1ecc6cb58a530b) Importer(815301076,1909f56bfc062723c751e8b465ee728b)  -> (artifact id: 'e5937d587bc443e92bc199866ee24162') in 0.015053 seconds
Number of updated asset objects reloaded before import = 0
Number of asset objects unloaded after import = 1
========================================================================
Received Import Request.
  Time since last request: 4.533488 seconds.
  path: Assets/雄太/chara/character/Animators/jump.anim
  artifactKey: Guid(7bafd61c782c12743b1ecc6cb58a530b) Importer(815301076,1909f56bfc062723c751e8b465ee728b)
Start importing Assets/雄太/chara/character/Animators/jump.anim using Guid(7bafd61c782c12743b1ecc6cb58a530b) Importer(815301076,1909f56bfc062723c751e8b465ee728b)  -> (artifact id: '72716c9e132324b42830123354255f86') in 0.016375 seconds
Number of updated asset objects reloaded before import = 0
Number of asset objects unloaded after import = 1
========================================================================
Received Import Request.
  Time since last request: 184.361167 seconds.
  path: Assets/雄太/chara/character/Animators/jump 1.anim
  artifactKey: Guid(0e4794cc7cf37aa4287e41eae06e4afc) Importer(815301076,1909f56bfc062723c751e8b465ee728b)
Start importing Assets/雄太/chara/character/Animators/jump 1.anim using Guid(0e4794cc7cf37aa4287e41eae06e4afc) Importer(815301076,1909f56bfc062723c751e8b465ee728b)  -> (artifact id: 'f588c543f859d05922939117f1b89058') in 0.012494 seconds
Number of updated asset objects reloaded before import = 0
Number of asset objects unloaded after import = 1
========================================================================
Received Import Request.
  Time since last request: 5.073756 seconds.
  path: Assets/雄太/chara/character/Animators/jump_up.anim
  artifactKey: Guid(0e4794cc7cf37aa4287e41eae06e4afc) Importer(815301076,1909f56bfc062723c751e8b465ee728b)
Start importing Assets/雄太/chara/character/Animators/jump_up.anim using Guid(0e4794cc7cf37aa4287e41eae06e4afc) Importer(815301076,1909f56bfc062723c751e8b465ee728b)  -> (artifact id: 'e50f3ad0145104bcadbffa768dad7653') in 0.012165 seconds
Number of updated asset objects reloaded before import = 0
Number of asset objects unloaded after import = 1
========================================================================
Received Import Request.
  Time since last request: 2.245087 seconds.
  path: Assets/雄太/chara/character/Animators/jump_up 1.anim
  artifactKey: Guid(945ebd4489ac2d841a0b0410c5ea9ad2) Importer(815301076,1909f56bfc062723c751e8b465ee728b)
Start importing Assets/雄太/chara/character/Animators/jump_up 1.anim using Guid(945ebd4489ac2d841a0b0410c5ea9ad2) Importer(815301076,1909f56bfc062723c751e8b465ee728b)  -> (artifact id: '8d69acf1eab432c820d5bceb9bf32fcd') in 0.015120 seconds
Number of updated asset objects reloaded before import = 0
Number of asset objects unloaded after import = 1
========================================================================
Received Import Request.
  Time since last request: 5.607053 seconds.
  path: Assets/雄太/chara/character/Animators/jump_fall.anim
  artifactKey: Guid(945ebd4489ac2d841a0b0410c5ea9ad2) Importer(815301076,1909f56bfc062723c751e8b465ee728b)
Start importing Assets/雄太/chara/character/Animators/jump_fall.anim using Guid(945ebd4489ac2d841a0b0410c5ea9ad2) Importer(815301076,1909f56bfc062723c751e8b465ee728b)  -> (artifact id: '0b909e60e5a129859f496c9a2277dba9') in 0.015714 seconds
Number of updated asset objects reloaded before import = 0
Number of asset objects unloaded after import = 1
========================================================================
Received Import Request.
  Time since last request: 1.865217 seconds.
  path: Assets/雄太/chara/character/Animators/jump_fall 1.anim
  artifactKey: Guid(745b39b9dd2b818458239f9abc5645f1) Importer(815301076,1909f56bfc062723c751e8b465ee728b)
Start importing Assets/雄太/chara/character/Animators/jump_fall 1.anim using Guid(745b39b9dd2b818458239f9abc5645f1) Importer(815301076,1909f56bfc062723c751e8b465ee728b)  -> (artifact id: '061f5a90c0c8dc6d05af3051e54b6feb') in 0.013536 seconds
Number of updated asset objects reloaded before import = 0
Number of asset objects unloaded after import = 1
========================================================================
Received Import Request.
  Time since last request: 13.802059 seconds.
  path: Assets/雄太/chara/character/Animators/jump_landing.anim
  artifactKey: Guid(745b39b9dd2b818458239f9abc5645f1) Importer(815301076,1909f56bfc062723c751e8b465ee728b)
Start importing Assets/雄太/chara/character/Animators/jump_landing.anim using Guid(745b39b9dd2b818458239f9abc5645f1) Importer(815301076,1909f56bfc062723c751e8b465ee728b)  -> (artifact id: '1ab81e81855ceb8a6fc7424a41c381e6') in 0.013478 seconds
Number of updated asset objects reloaded before import = 0
Number of asset objects unloaded after import = 1
========================================================================
Received Import Request.
  Time since last request: 22.469895 seconds.
  path: Assets/雄太/chara/character/Animators/Chaiser-Hero_arm_chaiser-1_bone 4.anim
  artifactKey: Guid(ab0f2d3097adf644090d68c90b4aa312) Importer(815301076,1909f56bfc062723c751e8b465ee728b)
Start importing Assets/雄太/chara/character/Animators/Chaiser-Hero_arm_chaiser-1_bone 4.anim using Guid(ab0f2d3097adf644090d68c90b4aa312) Importer(815301076,1909f56bfc062723c751e8b465ee728b)  -> (artifact id: '70d909a80cabdafa16cd22854dd6131f') in 0.012101 seconds
Number of updated asset objects reloaded before import = 0
Number of asset objects unloaded after import = 1
========================================================================
Received Import Request.
  Time since last request: 801.039078 seconds.
  path: Assets/雄太/chara/character/Animators/jum_fall.fbx
  artifactKey: Guid(7c194760737b0f047b6817dd39af2ba6) Importer(815301076,1909f56bfc062723c751e8b465ee728b)
Start importing Assets/雄太/chara/character/Animators/jum_fall.fbx using Guid(7c194760737b0f047b6817dd39af2ba6) Importer(815301076,1909f56bfc062723c751e8b465ee728b)  -> (artifact id: '63e808c04b3e17277c6daf240fc2979c') in 0.184705 seconds
Number of updated asset objects reloaded before import = 0
Number of asset objects unloaded after import = 144
========================================================================
Received Import Request.
  Time since last request: 9.082077 seconds.
  path: Assets/雄太/chara/character/Animators/jum_fall.fbx
  artifactKey: Guid(7c194760737b0f047b6817dd39af2ba6) Importer(815301076,1909f56bfc062723c751e8b465ee728b)
Start importing Assets/雄太/chara/character/Animators/jum_fall.fbx using Guid(7c194760737b0f047b6817dd39af2ba6) Importer(815301076,1909f56bfc062723c751e8b465ee728b)  -> (artifact id: 'f4d20064be0742e4e71c5227c21df36f') in 0.025249 seconds
Number of updated asset objects reloaded before import = 0
Number of asset objects unloaded after import = 146
========================================================================
Received Import Request.
  Time since last request: 7.368963 seconds.
  path: Assets/雄太/chara/character/Animators/mixamo.com.anim
  artifactKey: Guid(56a1ad7bd12e0dd42b242599ddecdd4a) Importer(815301076,1909f56bfc062723c751e8b465ee728b)
Start importing Assets/雄太/chara/character/Animators/mixamo.com.anim using Guid(56a1ad7bd12e0dd42b242599ddecdd4a) Importer(815301076,1909f56bfc062723c751e8b465ee728b)  -> (artifact id: '4b603ecac27ba876036c723a72eabd5a') in 0.024701 seconds
Number of updated asset objects reloaded before import = 0
Number of asset objects unloaded after import = 1
========================================================================
Received Import Request.
  Time since last request: 5.220228 seconds.
  path: Assets/雄太/chara/character/Animators/jump_fall.anim
  artifactKey: Guid(56a1ad7bd12e0dd42b242599ddecdd4a) Importer(815301076,1909f56bfc062723c751e8b465ee728b)
Start importing Assets/雄太/chara/character/Animators/jump_fall.anim using Guid(56a1ad7bd12e0dd42b242599ddecdd4a) Importer(815301076,1909f56bfc062723c751e8b465ee728b)  -> (artifact id: 'ef400106ac5f6c4853c03a984eacba17') in 0.012838 seconds
Number of updated asset objects reloaded before import = 0
Number of asset objects unloaded after import = 1
========================================================================
Received Import Request.
  Time since last request: 228.737939 seconds.
  path: Assets/雄太/chara/character/Animators/jump_up.anim
  artifactKey: Guid(0e4794cc7cf37aa4287e41eae06e4afc) Importer(815301076,1909f56bfc062723c751e8b465ee728b)
Start importing Assets/雄太/chara/character/Animators/jump_up.anim using Guid(0e4794cc7cf37aa4287e41eae06e4afc) Importer(815301076,1909f56bfc062723c751e8b465ee728b)  -> (artifact id: 'f47b01cb7afc4d122d582b78c1001bdf') in 0.036719 seconds
Number of updated asset objects reloaded before import = 0
Number of asset objects unloaded after import = 1
========================================================================
Received Import Request.
  Time since last request: 20.026195 seconds.
  path: Assets/雄太/chara/character/Animators/jump_landing.anim
  artifactKey: Guid(745b39b9dd2b818458239f9abc5645f1) Importer(815301076,1909f56bfc062723c751e8b465ee728b)
Start importing Assets/雄太/chara/character/Animators/jump_landing.anim using Guid(745b39b9dd2b818458239f9abc5645f1) Importer(815301076,1909f56bfc062723c751e8b465ee728b)  -> (artifact id: '39fe9da70469e99ff6f60ee03fdd632f') in 0.017016 seconds
Number of updated asset objects reloaded before import = 0
Number of asset objects unloaded after import = 1
========================================================================
Received Import Request.
  Time since last request: 0.768396 seconds.
  path: Assets/雄太/chara/character/Animators/jump_fall.anim
  artifactKey: Guid(56a1ad7bd12e0dd42b242599ddecdd4a) Importer(815301076,1909f56bfc062723c751e8b465ee728b)
Start importing Assets/雄太/chara/character/Animators/jump_fall.anim using Guid(56a1ad7bd12e0dd42b242599ddecdd4a) Importer(815301076,1909f56bfc062723c751e8b465ee728b)  -> (artifact id: '54916ef1cb5b26b92c9e22784d1af520') in 0.013591 seconds
Number of updated asset objects reloaded before import = 0
Number of asset objects unloaded after import = 1
========================================================================
Received Import Request.
  Time since last request: 30.609324 seconds.
  path: Assets/雄太/chara/character/Main Charactor.controller
  artifactKey: Guid(adde6c5ae3621d94e9307eeb95563b7a) Importer(815301076,1909f56bfc062723c751e8b465ee728b)
Start importing Assets/雄太/chara/character/Main Charactor.controller using Guid(adde6c5ae3621d94e9307eeb95563b7a) Importer(815301076,1909f56bfc062723c751e8b465ee728b)  -> (artifact id: '59ae0fa78db76a579f33c3c4ccab4497') in 0.971345 seconds
Number of updated asset objects reloaded before import = 0
Number of asset objects unloaded after import = 225
========================================================================
Received Import Request.
  Time since last request: 760.493369 seconds.
  path: Assets/雄太/chara/character/Main Charactor.controller
  artifactKey: Guid(adde6c5ae3621d94e9307eeb95563b7a) Importer(815301076,1909f56bfc062723c751e8b465ee728b)
Start importing Assets/雄太/chara/character/Main Charactor.controller using Guid(adde6c5ae3621d94e9307eeb95563b7a) Importer(815301076,1909f56bfc062723c751e8b465ee728b)  -> (artifact id: '5749756fefbee43fdaefb3ecba83a3f1') in 0.751070 seconds
Number of updated asset objects reloaded before import = 0
Number of asset objects unloaded after import = 228
========================================================================
Received Import Request.
  Time since last request: 28.634579 seconds.
  path: Assets/雄太/chara/character/Animators/jump_up.anim
  artifactKey: Guid(0e4794cc7cf37aa4287e41eae06e4afc) Importer(815301076,1909f56bfc062723c751e8b465ee728b)
Start importing Assets/雄太/chara/character/Animators/jump_up.anim using Guid(0e4794cc7cf37aa4287e41eae06e4afc) Importer(815301076,1909f56bfc062723c751e8b465ee728b)  -> (artifact id: 'cb086fccd743a09e352358d67b3e27bf') in 0.013215 seconds
Number of updated asset objects reloaded before import = 0
Number of asset objects unloaded after import = 1
========================================================================
Received Import Request.
  Time since last request: 19.638652 seconds.
  path: Assets/雄太/chara/character/Animators/jump_fall.anim
  artifactKey: Guid(56a1ad7bd12e0dd42b242599ddecdd4a) Importer(815301076,1909f56bfc062723c751e8b465ee728b)
Start importing Assets/雄太/chara/character/Animators/jump_fall.anim using Guid(56a1ad7bd12e0dd42b242599ddecdd4a) Importer(815301076,1909f56bfc062723c751e8b465ee728b)  -> (artifact id: 'af44cbf9c0052d17db58b93b32ed17ef') in 0.011627 seconds
Number of updated asset objects reloaded before import = 0
Number of asset objects unloaded after import = 1
