Using pre-set license
Built from '2022.2/staging' branch; Version is '2022.2.12f1 (022dac4955a3) revision 142764'; Using compiler version '192829333'; Build Type 'Release'
OS: 'Windows 11  (10.0.22621) 64bit Core' Language: 'ja' Physical Memory: 7831 MB
BatchMode: 1, IsHumanControllingUs: 0, StartBugReporterOnCrash: 0, Is64bit: 1, IsPro: 1

COMMAND LINE ARGUMENTS:
C:\Program Files\Unity\Hub\Editor\2022.2.12f1\Editor\Unity.exe
-adb2
-batchMode
-noUpm
-name
AssetImportWorker2
-projectPath
C:/3Dgame/NIR-A-game-/NIR-A-game-
-logFile
Logs/AssetImportWorker2.log
-srvPort
57290
Successfully changed project path to: C:/3Dgame/NIR-A-game-/NIR-A-game-
C:/3Dgame/NIR-A-game-/NIR-A-game-
[UnityMemory] Configuration Parameters - Can be set up in boot.config
    "memorysetup-bucket-allocator-granularity=16"
    "memorysetup-bucket-allocator-bucket-count=8"
    "memorysetup-bucket-allocator-block-size=33554432"
    "memorysetup-bucket-allocator-block-count=8"
    "memorysetup-main-allocator-block-size=16777216"
    "memorysetup-thread-allocator-block-size=16777216"
    "memorysetup-gfx-main-allocator-block-size=16777216"
    "memorysetup-gfx-thread-allocator-block-size=16777216"
    "memorysetup-cache-allocator-block-size=4194304"
    "memorysetup-typetree-allocator-block-size=2097152"
    "memorysetup-profiler-bucket-allocator-granularity=16"
    "memorysetup-profiler-bucket-allocator-bucket-count=8"
    "memorysetup-profiler-bucket-allocator-block-size=33554432"
    "memorysetup-profiler-bucket-allocator-block-count=8"
    "memorysetup-profiler-allocator-block-size=16777216"
    "memorysetup-profiler-editor-allocator-block-size=1048576"
    "memorysetup-temp-allocator-size-main=16777216"
    "memorysetup-job-temp-allocator-block-size=2097152"
    "memorysetup-job-temp-allocator-block-size-background=1048576"
    "memorysetup-job-temp-allocator-reduction-small-platforms=262144"
    "memorysetup-temp-allocator-size-background-worker=32768"
    "memorysetup-temp-allocator-size-job-worker=262144"
    "memorysetup-temp-allocator-size-preload-manager=33554432"
    "memorysetup-temp-allocator-size-nav-mesh-worker=65536"
    "memorysetup-temp-allocator-size-audio-worker=65536"
    "memorysetup-temp-allocator-size-cloud-worker=32768"
    "memorysetup-temp-allocator-size-gi-baking-worker=262144"
    "memorysetup-temp-allocator-size-gfx=262144"
Player connection [14340] Host "[IP] 192.168.11.2 [Port] 0 [Flags] 2 [Guid] 1805905206 [EditorId] 1805905206 [Version] 1048832 [Id] WindowsEditor(7,meganenomegane) [Debug] 1 [PackageName] WindowsEditor [ProjectName] Editor" joined multi-casting on [225.0.0.222:54997]...

Player connection [14340] Host "[IP] 192.168.11.2 [Port] 0 [Flags] 2 [Guid] 1805905206 [EditorId] 1805905206 [Version] 1048832 [Id] WindowsEditor(7,meganenomegane) [Debug] 1 [PackageName] WindowsEditor [ProjectName] Editor" joined alternative multi-casting on [225.0.0.222:34997]...

Refreshing native plugins compatible for Editor in 19.03 ms, found 7 plugins.
Preloading 0 native plugins for Editor in 0.00 ms.
Initialize engine version: 2022.2.12f1 (022dac4955a3)
[Subsystems] Discovering subsystems at path C:/Program Files/Unity/Hub/Editor/2022.2.12f1/Editor/Data/Resources/UnitySubsystems
[Subsystems] Discovering subsystems at path C:/3Dgame/NIR-A-game-/NIR-A-game-/Assets
GfxDevice: creating device client; threaded=0; jobified=0
Direct3D:
    Version:  Direct3D 11.0 [level 11.1]
    Renderer: Intel(R) Iris(R) Xe Graphics (ID=0x9a49)
    Vendor:   Intel
    VRAM:     3915 MB
    Driver:   31.0.101.4314
Shader 'IL3DN/Branch': fallback shader 'False' not found
Shader 'IL3DN/Leaf': fallback shader 'False' not found
Initialize mono
Mono path[0] = 'C:/Program Files/Unity/Hub/Editor/2022.2.12f1/Editor/Data/Managed'
Mono path[1] = 'C:/Program Files/Unity/Hub/Editor/2022.2.12f1/Editor/Data/MonoBleedingEdge/lib/mono/unityjit-win32'
Mono config path = 'C:/Program Files/Unity/Hub/Editor/2022.2.12f1/Editor/Data/MonoBleedingEdge/etc'
Using monoOptions --debugger-agent=transport=dt_socket,embedding=1,server=y,suspend=n,address=127.0.0.1:56012
Begin MonoManager ReloadAssembly
Registering precompiled unity dll's ...
Register platform support module: C:/Program Files/Unity/Hub/Editor/2022.2.12f1/Editor/Data/PlaybackEngines/WebGLSupport/UnityEditor.WebGL.Extensions.dll
Register platform support module: C:/Program Files/Unity/Hub/Editor/2022.2.12f1/Editor/Data/PlaybackEngines/AndroidPlayer/UnityEditor.Android.Extensions.dll
Register platform support module: C:/Program Files/Unity/Hub/Editor/2022.2.12f1/Editor/Data/PlaybackEngines/WindowsStandaloneSupport/UnityEditor.WindowsStandalone.Extensions.dll
Registered in 0.039071 seconds.
- Loaded All Assemblies, in  2.957 seconds
Native extension for WindowsStandalone target not found
Native extension for Android target not found
Android Extension - Scanning For ADB Devices 1064 ms
Native extension for WebGL target not found
Mono: successfully reloaded assembly
- Finished resetting the current domain, in  2.050 seconds
Domain Reload Profiling:
	ReloadAssembly (2248ms)
		BeginReloadAssembly (1736ms)
			ExecutionOrderSort (0ms)
			DisableScriptedObjects (0ms)
			BackupInstance (0ms)
			ReleaseScriptingObjects (0ms)
			CreateAndSetChildDomain (5ms)
		LoadAllAssembliesAndSetupDomain (0ms)
			LoadAssemblies (1707ms)
			RebuildTransferFunctionScriptingTraits (0ms)
			SetupTypeCache (683ms)
				TypeCache.Initialize (676ms)
					TypeCache.ScanAssembly (663ms)
				ResolveRequiredComponents (5ms)
		FinalizeReload (0ms)
			ReleaseScriptCaches (0ms)
			RebuildScriptCaches (0ms)
			SetupLoadedEditorAssemblies (1855ms)
				LogAssemblyErrors (0ms)
				InitializePlatformSupportModulesInManaged (1447ms)
				SetLoadedEditorAssemblies (11ms)
				RefreshPlugins (0ms)
				BeforeProcessingInitializeOnLoad (2ms)
				ProcessInitializeOnLoadAttributes (296ms)
				ProcessInitializeOnLoadMethodAttributes (99ms)
				AfterProcessingInitializeOnLoad (0ms)
				EditorAssembliesLoaded (0ms)
			ExecutionOrderSort2 (0ms)
			AwakeInstancesAfterBackupRestoration (0ms)
========================================================================
Worker process is ready to serve import requests
Begin MonoManager ReloadAssembly
Symbol file LoadedFromMemory doesn't match image C:\3Dgame\NIR-A-game-\NIR-A-game-\Library\PackageCache\com.unity.visualscripting@1.8.0\Editor\VisualScripting.Core\Dependencies\YamlDotNet\Unity.VisualScripting.YamlDotNet.dll
Symbol file LoadedFromMemory doesn't match image C:\3Dgame\NIR-A-game-\NIR-A-game-\Library\PackageCache\com.unity.visualscripting@1.8.0\Editor\VisualScripting.Core\Dependencies\DotNetZip\Unity.VisualScripting.IonicZip.dll
- Loaded All Assemblies, in  4.027 seconds
Refreshing native plugins compatible for Editor in 46.65 ms, found 7 plugins.
Native extension for WindowsStandalone target not found
Native extension for Android target not found
Native extension for WebGL target not found
[MODES] ModeService[none].Initialize
[MODES] ModeService[none].LoadModes
[MODES] Loading mode Default (0) for mode-current-id-New main project
Mono: successfully reloaded assembly
- Finished resetting the current domain, in  5.907 seconds
Domain Reload Profiling:
	ReloadAssembly (977ms)
		BeginReloadAssembly (687ms)
			ExecutionOrderSort (0ms)
			DisableScriptedObjects (68ms)
			BackupInstance (0ms)
			ReleaseScriptingObjects (1ms)
			CreateAndSetChildDomain (99ms)
		LoadAllAssembliesAndSetupDomain (3057ms)
			LoadAssemblies (2016ms)
			RebuildTransferFunctionScriptingTraits (0ms)
			SetupTypeCache (1315ms)
				TypeCache.Initialize (1015ms)
					TypeCache.ScanAssembly (985ms)
				ResolveRequiredComponents (102ms)
		FinalizeReload (0ms)
			ReleaseScriptCaches (0ms)
			RebuildScriptCaches (0ms)
			SetupLoadedEditorAssemblies (4087ms)
				LogAssemblyErrors (0ms)
				InitializePlatformSupportModulesInManaged (81ms)
				SetLoadedEditorAssemblies (13ms)
				RefreshPlugins (0ms)
				BeforeProcessingInitializeOnLoad (253ms)
				ProcessInitializeOnLoadAttributes (3282ms)
				ProcessInitializeOnLoadMethodAttributes (397ms)
				AfterProcessingInitializeOnLoad (59ms)
				EditorAssembliesLoaded (1ms)
			ExecutionOrderSort2 (0ms)
			AwakeInstancesAfterBackupRestoration (60ms)
Shader 'IL3DN/Leaf': fallback shader 'False' not found
Shader 'IL3DN/Branch': fallback shader 'False' not found
Launched and connected shader compiler UnityShaderCompiler.exe after 0.17 seconds
Refreshing native plugins compatible for Editor in 29.82 ms, found 7 plugins.
Preloading 0 native plugins for Editor in 0.00 ms.
Unloading 7056 Unused Serialized files (Serialized files now loaded: 0)
Unloading 128 unused Assets / (2.4 MB). Loaded Objects now: 7514.
Memory consumption went from 300.2 MB to 297.8 MB.
Total: 23.414900 ms (FindLiveObjects: 2.174800 ms CreateObjectMapping: 1.246600 ms MarkObjects: 16.442800 ms  DeleteObjects: 3.546300 ms)

AssetImportParameters requested are different than current active one (requested -> active):
  custom:container-demuxer-ogg: 62fdf1f143b41e24485cea50d1cbac27 -> 
  custom:framework-win-MediaFoundation: 216162199b28c13a410421893ffa2e32 -> 
  custom:container-muxer-webm: aa71ff27fc2769a1b78a27578f13a17b -> 
  custom:video-decoder-webm-vp8: 9c59270c3fd7afecdb556c50c9e8de78 -> 
  custom:AudioImporter_EditorPlatform: d09bf68614088b80899f8185d706f6e7 -> 
  custom:audio-decoder-ogg-vorbis: bf7c407c2cedff20999df2af8eb42d56 -> 
  custom:audio-encoder-webm-vorbis: bf7c407c2cedff20999df2af8eb42d56 -> 
  custom:video-codec-MediaFoundation-h265: 746d11721c4dcdbdad8f713fa42b33f4 -> 
  custom:video-decoder-ogg-theora: a1e56fd34408186e4bbccfd4996cb3dc -> 
  custom:container-demuxer-webm: 4f35f7cbe854078d1ac9338744f61a02 -> 
  custom:video-encoder-webm-vp8: eb34c28f22e8b96e1ab97ce403110664 -> 
========================================================================
Received Import Request.
  Time since last request: 86452.532230 seconds.
  path: Assets/Scenes/NewLayer 2.terrainlayer
  artifactKey: Guid(40c252e39eb019047afec81ac190bf0d) Importer(815301076,1909f56bfc062723c751e8b465ee728b)
Start importing Assets/Scenes/NewLayer 2.terrainlayer using Guid(40c252e39eb019047afec81ac190bf0d) Importer(815301076,1909f56bfc062723c751e8b465ee728b)  -> (artifact id: 'cd7f29fb1c7acc682108522b3158d8b6') in 0.313586 seconds 
Number of updated asset objects reloaded before import = 0
Number of asset objects unloaded after import = 2
========================================================================
Received Import Request.
  Time since last request: 0.000230 seconds.
  path: Assets/Effekseer/Example/Effects/Simple_Sprite_FixedYAxis.asset
  artifactKey: Guid(ff4a665f8e43e7b46a28863f8a7f2a82) Importer(815301076,1909f56bfc062723c751e8b465ee728b)
Start importing Assets/Effekseer/Example/Effects/Simple_Sprite_FixedYAxis.asset using Guid(ff4a665f8e43e7b46a28863f8a7f2a82) Importer(815301076,1909f56bfc062723c751e8b465ee728b)  -> (artifact id: '55a0f1b897cc5c0e8d6a86dc9b5c7023') in 0.016529 seconds 
Number of updated asset objects reloaded before import = 0
Number of asset objects unloaded after import = 2
========================================================================
Received Import Request.
  Time since last request: 0.000224 seconds.
  path: Assets/NewLayer.terrainlayer
  artifactKey: Guid(96eae6312a719de48bf96cd43c40cabf) Importer(815301076,1909f56bfc062723c751e8b465ee728b)
Start importing Assets/NewLayer.terrainlayer using Guid(96eae6312a719de48bf96cd43c40cabf) Importer(815301076,1909f56bfc062723c751e8b465ee728b)  -> (artifact id: '0c2a36eb3e2132611d87813624294336') in 0.005064 seconds 
Number of updated asset objects reloaded before import = 0
Number of asset objects unloaded after import = 1
========================================================================
Received Import Request.
  Time since last request: 0.000338 seconds.
  path: Assets/Scenes/NewLayer.terrainlayer
  artifactKey: Guid(e89f8f4d8119b5449b80af7a54a581f5) Importer(815301076,1909f56bfc062723c751e8b465ee728b)
Start importing Assets/Scenes/NewLayer.terrainlayer using Guid(e89f8f4d8119b5449b80af7a54a581f5) Importer(815301076,1909f56bfc062723c751e8b465ee728b)  -> (artifact id: '98279432a98726d74c9390fefb57587c') in 0.043214 seconds 
Number of updated asset objects reloaded before import = 0
Number of asset objects unloaded after import = 2
========================================================================
Received Import Request.
  Time since last request: 0.000037 seconds.
  path: Assets/Effekseer/Example/Effects/片手剣通常攻撃　突き.asset
  artifactKey: Guid(11d1a450c09591148841b799a9aa8f94) Importer(815301076,1909f56bfc062723c751e8b465ee728b)
Start importing Assets/Effekseer/Example/Effects/片手剣通常攻撃　突き.asset using Guid(11d1a450c09591148841b799a9aa8f94) Importer(815301076,1909f56bfc062723c751e8b465ee728b)  -> (artifact id: '6e47fce4ab3b90380237fa2ad03dd24c') in 0.014467 seconds 
Number of updated asset objects reloaded before import = 0
Number of asset objects unloaded after import = 5
========================================================================
Received Import Request.
  Time since last request: 0.000022 seconds.
  path: Assets/Effekseer/Example/Effects/AttackAlarm.asset
  artifactKey: Guid(4aee901cb8fd2ba4c8dc348c3be81af7) Importer(815301076,1909f56bfc062723c751e8b465ee728b)
Start importing Assets/Effekseer/Example/Effects/AttackAlarm.asset using Guid(4aee901cb8fd2ba4c8dc348c3be81af7) Importer(815301076,1909f56bfc062723c751e8b465ee728b)  -> (artifact id: '1236b65c0edad23a810862de0f202f79') in 0.008638 seconds 
Number of updated asset objects reloaded before import = 0
Number of asset objects unloaded after import = 3
========================================================================
Received Import Request.
  Time since last request: 0.000042 seconds.
  path: Assets/Effekseer/Example/Effects/探索ポイント２.asset
  artifactKey: Guid(e1098f8482c01b9479a43d4937065b5d) Importer(815301076,1909f56bfc062723c751e8b465ee728b)
Start importing Assets/Effekseer/Example/Effects/探索ポイント２.asset using Guid(e1098f8482c01b9479a43d4937065b5d) Importer(815301076,1909f56bfc062723c751e8b465ee728b)  -> (artifact id: '75a46cd999d5aeb1429f5ae2d57579f6') in 0.039539 seconds 
Number of updated asset objects reloaded before import = 0
Number of asset objects unloaded after import = 6
========================================================================
Received Import Request.
  Time since last request: 0.000058 seconds.
  path: Assets/Effekseer/Example/Effects/雷2.asset
  artifactKey: Guid(18ead5d213988e347b43fe76e4ba3a79) Importer(815301076,1909f56bfc062723c751e8b465ee728b)
Start importing Assets/Effekseer/Example/Effects/雷2.asset using Guid(18ead5d213988e347b43fe76e4ba3a79) Importer(815301076,1909f56bfc062723c751e8b465ee728b)  -> (artifact id: 'a91f509fc3714172199b870f9d2b4809') in 0.003008 seconds 
Number of updated asset objects reloaded before import = 0
Number of asset objects unloaded after import = 1
========================================================================
Received Import Request.
  Time since last request: 0.000087 seconds.
  path: Assets/Effekseer/Example/Effects/雷1.asset
  artifactKey: Guid(471dd4bacd7fa544a81826a655029571) Importer(815301076,1909f56bfc062723c751e8b465ee728b)
Start importing Assets/Effekseer/Example/Effects/雷1.asset using Guid(471dd4bacd7fa544a81826a655029571) Importer(815301076,1909f56bfc062723c751e8b465ee728b)  -> (artifact id: 'cb6ccfd50042170caf5de4a652fbc11c') in 0.003347 seconds 
Number of updated asset objects reloaded before import = 0
Number of asset objects unloaded after import = 1
========================================================================
Received Import Request.
  Time since last request: 0.000025 seconds.
  path: Assets/Effekseer/Example/Effects/Simple_Ring_Shape2.asset
  artifactKey: Guid(fad22104bca673347b650dba0a20cc45) Importer(815301076,1909f56bfc062723c751e8b465ee728b)
Start importing Assets/Effekseer/Example/Effects/Simple_Ring_Shape2.asset using Guid(fad22104bca673347b650dba0a20cc45) Importer(815301076,1909f56bfc062723c751e8b465ee728b)  -> (artifact id: 'f0da6473fe3987ef4d214347f1dd8f8d') in 0.052327 seconds 
Number of updated asset objects reloaded before import = 0
Number of asset objects unloaded after import = 3
========================================================================
Received Import Request.
  Time since last request: 0.000030 seconds.
  path: Assets/Effekseer/Example/Effects/b5422a8886c6a692.asset
  artifactKey: Guid(3add5f0f22846504489568564a27cb0e) Importer(815301076,1909f56bfc062723c751e8b465ee728b)
Start importing Assets/Effekseer/Example/Effects/b5422a8886c6a692.asset using Guid(3add5f0f22846504489568564a27cb0e) Importer(815301076,1909f56bfc062723c751e8b465ee728b)  -> (artifact id: '8c0dad190f37b5beb458544ad95fd090') in 0.003949 seconds 
Number of updated asset objects reloaded before import = 0
Number of asset objects unloaded after import = 1
========================================================================
Received Import Request.
  Time since last request: 0.000416 seconds.
  path: Assets/Effekseer/Example/Effects/Simple_Track1.asset
  artifactKey: Guid(4dad153be0bd20d40be906d17bdeeb04) Importer(815301076,1909f56bfc062723c751e8b465ee728b)
Start importing Assets/Effekseer/Example/Effects/Simple_Track1.asset using Guid(4dad153be0bd20d40be906d17bdeeb04) Importer(815301076,1909f56bfc062723c751e8b465ee728b)  -> (artifact id: '526e00ddc686de42bb0dc750449d23d4') in 0.016281 seconds 
Number of updated asset objects reloaded before import = 0
Number of asset objects unloaded after import = 1
========================================================================
Received Import Request.
  Time since last request: 0.000346 seconds.
  path: Assets/Effekseer/Example/Effects/Simple_GeneratingPosition1.asset
  artifactKey: Guid(68a91b7f63f4d79459b7ce6de462cedc) Importer(815301076,1909f56bfc062723c751e8b465ee728b)
Start importing Assets/Effekseer/Example/Effects/Simple_GeneratingPosition1.asset using Guid(68a91b7f63f4d79459b7ce6de462cedc) Importer(815301076,1909f56bfc062723c751e8b465ee728b)  -> (artifact id: '7052cfed14107024f30ac479cde6a05d') in 0.010520 seconds 
Number of updated asset objects reloaded before import = 0
Number of asset objects unloaded after import = 2
========================================================================
Received Import Request.
  Time since last request: 0.000027 seconds.
  path: Assets/New Terrain 3.asset
  artifactKey: Guid(b896223c032e5dc409344d070f480dbd) Importer(815301076,1909f56bfc062723c751e8b465ee728b)
Start importing Assets/New Terrain 3.asset using Guid(b896223c032e5dc409344d070f480dbd) Importer(815301076,1909f56bfc062723c751e8b465ee728b)  -> (artifact id: '8b6bd8c161dc8df161633c7e38506a93') in 0.022865 seconds 
Number of updated asset objects reloaded before import = 0
Number of asset objects unloaded after import = 1
========================================================================
Received Import Request.
  Time since last request: 0.000031 seconds.
  path: Assets/Effekseer/Example/Effects/Simple_Distortion.asset
  artifactKey: Guid(f5e9cbba7daaf734585619635ff6a2eb) Importer(815301076,1909f56bfc062723c751e8b465ee728b)
Start importing Assets/Effekseer/Example/Effects/Simple_Distortion.asset using Guid(f5e9cbba7daaf734585619635ff6a2eb) Importer(815301076,1909f56bfc062723c751e8b465ee728b)  -> (artifact id: '8c02f4cbc04198136c7ed69246086e58') in 0.027999 seconds 
Number of updated asset objects reloaded before import = 0
Number of asset objects unloaded after import = 5
========================================================================
Received Import Request.
  Time since last request: 0.000027 seconds.
  path: Assets/NewLayer 4.terrainlayer
  artifactKey: Guid(91f1e50ae2bc15d4d80e40c5f63ef565) Importer(815301076,1909f56bfc062723c751e8b465ee728b)
Start importing Assets/NewLayer 4.terrainlayer using Guid(91f1e50ae2bc15d4d80e40c5f63ef565) Importer(815301076,1909f56bfc062723c751e8b465ee728b)  -> (artifact id: 'c1eee62cc4a890c1e8ad8030046858f9') in 0.047239 seconds 
Number of updated asset objects reloaded before import = 0
Number of asset objects unloaded after import = 2
========================================================================
Received Import Request.
  Time since last request: 0.000038 seconds.
  path: Assets/New Terrain 1.asset
  artifactKey: Guid(e46e47f81d7ff544c9c91c12a6a90b91) Importer(815301076,1909f56bfc062723c751e8b465ee728b)
Start importing Assets/New Terrain 1.asset using Guid(e46e47f81d7ff544c9c91c12a6a90b91) Importer(815301076,1909f56bfc062723c751e8b465ee728b)  -> (artifact id: '6d0393b558c4078047fef1748bac92f2') in 0.033012 seconds 
Number of updated asset objects reloaded before import = 0
Number of asset objects unloaded after import = 1
========================================================================
Received Import Request.
  Time since last request: 0.000129 seconds.
  path: Assets/Effekseer/Example/Effects/Laser01.asset
  artifactKey: Guid(8c570615699cc024e9f8a2da696f0e2b) Importer(815301076,1909f56bfc062723c751e8b465ee728b)
Start importing Assets/Effekseer/Example/Effects/Laser01.asset using Guid(8c570615699cc024e9f8a2da696f0e2b) Importer(815301076,1909f56bfc062723c751e8b465ee728b)  -> (artifact id: 'af8cf13277063ffd563c88bca66bbc44') in 0.073834 seconds 
Number of updated asset objects reloaded before import = 0
Number of asset objects unloaded after import = 5
========================================================================
Received Import Request.
  Time since last request: 0.000056 seconds.
  path: Assets/Effekseer/Example/Effects/岩.asset
  artifactKey: Guid(021ed45835ffa41428178fcfef3d6694) Importer(815301076,1909f56bfc062723c751e8b465ee728b)
Start importing Assets/Effekseer/Example/Effects/岩.asset using Guid(021ed45835ffa41428178fcfef3d6694) Importer(815301076,1909f56bfc062723c751e8b465ee728b)  -> (artifact id: '2774603430878c33ca3456c329c2b09f') in 0.048935 seconds 
Number of updated asset objects reloaded before import = 0
Number of asset objects unloaded after import = 10
========================================================================
Received Import Request.
  Time since last request: 0.000041 seconds.
  path: Assets/Effekseer/Example/Effects/hyuo9.asset
  artifactKey: Guid(e65b071d8487b89458090452ca73557e) Importer(815301076,1909f56bfc062723c751e8b465ee728b)
Start importing Assets/Effekseer/Example/Effects/hyuo9.asset using Guid(e65b071d8487b89458090452ca73557e) Importer(815301076,1909f56bfc062723c751e8b465ee728b)  -> (artifact id: '84e2f0f5c5f357cb9c41a06723e46337') in 0.009794 seconds 
Number of updated asset objects reloaded before import = 0
Number of asset objects unloaded after import = 5
========================================================================
Received Import Request.
  Time since last request: 0.000180 seconds.
  path: Assets/Effekseer/Example/Effects/後方回避.asset
  artifactKey: Guid(74f9041add7e0434e8de89a525ac3628) Importer(815301076,1909f56bfc062723c751e8b465ee728b)
Start importing Assets/Effekseer/Example/Effects/後方回避.asset using Guid(74f9041add7e0434e8de89a525ac3628) Importer(815301076,1909f56bfc062723c751e8b465ee728b)  -> (artifact id: '624c8b94be5b7a9b0bdc51822f7ed492') in 0.011792 seconds 
Number of updated asset objects reloaded before import = 0
Number of asset objects unloaded after import = 4
========================================================================
Received Import Request.
  Time since last request: 0.000028 seconds.
  path: Assets/Effekseer/Example/Effects/Simple_Ribbon_Sword.asset
  artifactKey: Guid(e8fb872883c471948a1e513bd66d1b60) Importer(815301076,1909f56bfc062723c751e8b465ee728b)
Start importing Assets/Effekseer/Example/Effects/Simple_Ribbon_Sword.asset using Guid(e8fb872883c471948a1e513bd66d1b60) Importer(815301076,1909f56bfc062723c751e8b465ee728b)  -> (artifact id: '1b7eaebb92c3bbf9e0fbf33c6471ef0d') in 0.042025 seconds 
Number of updated asset objects reloaded before import = 0
Number of asset objects unloaded after import = 2
========================================================================
Received Import Request.
  Time since last request: 0.000053 seconds.
  path: Assets/Effekseer/Example/Effects/ヒットエフェクト候補２.asset
  artifactKey: Guid(cf96c9f9a76e7d04ba98db9f09685a18) Importer(815301076,1909f56bfc062723c751e8b465ee728b)
Start importing Assets/Effekseer/Example/Effects/ヒットエフェクト候補２.asset using Guid(cf96c9f9a76e7d04ba98db9f09685a18) Importer(815301076,1909f56bfc062723c751e8b465ee728b)  -> (artifact id: '5910704245bd630b4ba05998f1224f7e') in 0.030772 seconds 
Number of updated asset objects reloaded before import = 0
Number of asset objects unloaded after import = 7
========================================================================
Received Import Request.
  Time since last request: 0.000048 seconds.
  path: Assets/Scenes/NewLayer 4.terrainlayer
  artifactKey: Guid(03f038e3943fd97448b46856ef561b23) Importer(815301076,1909f56bfc062723c751e8b465ee728b)
Start importing Assets/Scenes/NewLayer 4.terrainlayer using Guid(03f038e3943fd97448b46856ef561b23) Importer(815301076,1909f56bfc062723c751e8b465ee728b)  -> (artifact id: '85930c481654c3eab725e01e85a199e9') in 0.144763 seconds 
Number of updated asset objects reloaded before import = 0
Number of asset objects unloaded after import = 4
========================================================================
Received Import Request.
  Time since last request: 0.000157 seconds.
  path: Assets/Effekseer/Example/Effects/Simple_Ring_Shape1.asset
  artifactKey: Guid(69ea9bffdfe9e0549b8cc3ca9bc3501c) Importer(815301076,1909f56bfc062723c751e8b465ee728b)
Start importing Assets/Effekseer/Example/Effects/Simple_Ring_Shape1.asset using Guid(69ea9bffdfe9e0549b8cc3ca9bc3501c) Importer(815301076,1909f56bfc062723c751e8b465ee728b)  -> (artifact id: '161bb3e0a5ffcc11f1fd54f5650411a3') in 0.004829 seconds 
Number of updated asset objects reloaded before import = 0
Number of asset objects unloaded after import = 1
========================================================================
Received Import Request.
  Time since last request: 0.000163 seconds.
  path: Assets/Effekseer/Example/Effects/z.asset
  artifactKey: Guid(ebc01b12e386b534fb893d289c436cff) Importer(815301076,1909f56bfc062723c751e8b465ee728b)
Start importing Assets/Effekseer/Example/Effects/z.asset using Guid(ebc01b12e386b534fb893d289c436cff) Importer(815301076,1909f56bfc062723c751e8b465ee728b)  -> (artifact id: '2dc538c79f2721ff5c72d131d040fe58') in 0.003497 seconds 
Number of updated asset objects reloaded before import = 0
Number of asset objects unloaded after import = 1
========================================================================
Received Import Request.
  Time since last request: 0.000415 seconds.
  path: Assets/Effekseer/Example/Effects/足元エフェクトに使えるかも？.asset
  artifactKey: Guid(eb200732450c5214080edea8300ff782) Importer(815301076,1909f56bfc062723c751e8b465ee728b)
Start importing Assets/Effekseer/Example/Effects/足元エフェクトに使えるかも？.asset using Guid(eb200732450c5214080edea8300ff782) Importer(815301076,1909f56bfc062723c751e8b465ee728b)  -> (artifact id: '6720eec6b79edaa228252c9a64ee4b7f') in 0.021771 seconds 
Number of updated asset objects reloaded before import = 0
Number of asset objects unloaded after import = 4
========================================================================
Received Import Request.
  Time since last request: 0.000235 seconds.
  path: Assets/Scenes/NewBrush 1.brush
  artifactKey: Guid(92c925ef1a908e3419b7c1cb6faad1ff) Importer(815301076,1909f56bfc062723c751e8b465ee728b)
Start importing Assets/Scenes/NewBrush 1.brush using Guid(92c925ef1a908e3419b7c1cb6faad1ff) Importer(815301076,1909f56bfc062723c751e8b465ee728b)  -> (artifact id: 'f30718dd28abdfb615a754a70c008a94') in 0.127155 seconds 
Number of updated asset objects reloaded before import = 0
Number of asset objects unloaded after import = 2
========================================================================
Received Import Request.
  Time since last request: 0.000036 seconds.
  path: Assets/Effekseer/Example/Effects/Laser02.asset
  artifactKey: Guid(6e7f80fdda76143419ec815dbc4682ad) Importer(815301076,1909f56bfc062723c751e8b465ee728b)
Start importing Assets/Effekseer/Example/Effects/Laser02.asset using Guid(6e7f80fdda76143419ec815dbc4682ad) Importer(815301076,1909f56bfc062723c751e8b465ee728b)  -> (artifact id: '40e7ef82d70eb9ca59ed634d23ac67c5') in 0.035547 seconds 
Number of updated asset objects reloaded before import = 0
Number of asset objects unloaded after import = 6
========================================================================
Received Import Request.
  Time since last request: 0.000039 seconds.
  path: Assets/Effekseer/Example/Effects/Simple_Model_UV.asset
  artifactKey: Guid(5948521002a51ad449ae633b1a44ec81) Importer(815301076,1909f56bfc062723c751e8b465ee728b)
Start importing Assets/Effekseer/Example/Effects/Simple_Model_UV.asset using Guid(5948521002a51ad449ae633b1a44ec81) Importer(815301076,1909f56bfc062723c751e8b465ee728b)  -> (artifact id: 'ee93325be0ecf120ebac5b3dfe56b267') in 0.024646 seconds 
Number of updated asset objects reloaded before import = 0
Number of asset objects unloaded after import = 3
========================================================================
Received Import Request.
  Time since last request: 0.000025 seconds.
  path: Assets/Effekseer/Example/Effects/鎌　特殊攻撃.asset
  artifactKey: Guid(566050728765f2f4a969da3f6e8ddee5) Importer(815301076,1909f56bfc062723c751e8b465ee728b)
Start importing Assets/Effekseer/Example/Effects/鎌　特殊攻撃.asset using Guid(566050728765f2f4a969da3f6e8ddee5) Importer(815301076,1909f56bfc062723c751e8b465ee728b)  -> (artifact id: 'b21275db385e77eb21582a1696a79bc9') in 0.021569 seconds 
Number of updated asset objects reloaded before import = 0
Number of asset objects unloaded after import = 7
========================================================================
Received Import Request.
  Time since last request: 0.000035 seconds.
  path: Assets/NewLayer 6.terrainlayer
  artifactKey: Guid(6f1c05a393af1b04da9348ae48a75c2a) Importer(815301076,1909f56bfc062723c751e8b465ee728b)
Start importing Assets/NewLayer 6.terrainlayer using Guid(6f1c05a393af1b04da9348ae48a75c2a) Importer(815301076,1909f56bfc062723c751e8b465ee728b)  -> (artifact id: '6b4bb0f91b556e47ba4c173c0c76fbd1') in 0.037509 seconds 
Number of updated asset objects reloaded before import = 0
Number of asset objects unloaded after import = 2
========================================================================
Received Import Request.
  Time since last request: 0.000223 seconds.
  path: Assets/Effekseer/Example/Effects/Laser03.asset
  artifactKey: Guid(a63f6f0bf1c2a264a849e20921907189) Importer(815301076,1909f56bfc062723c751e8b465ee728b)
Start importing Assets/Effekseer/Example/Effects/Laser03.asset using Guid(a63f6f0bf1c2a264a849e20921907189) Importer(815301076,1909f56bfc062723c751e8b465ee728b)  -> (artifact id: 'e2840a9c159647dc4eeb87bab2f7c37a') in 0.004524 seconds 
Number of updated asset objects reloaded before import = 0
Number of asset objects unloaded after import = 2
========================================================================
Received Import Request.
  Time since last request: 0.000063 seconds.
  path: Assets/Effekseer/Example/Effects/爆発.asset
  artifactKey: Guid(d9bf6eabba93eaf42b181fbe3b5b98fc) Importer(815301076,1909f56bfc062723c751e8b465ee728b)
Start importing Assets/Effekseer/Example/Effects/爆発.asset using Guid(d9bf6eabba93eaf42b181fbe3b5b98fc) Importer(815301076,1909f56bfc062723c751e8b465ee728b)  -> (artifact id: 'd9cda7baa3dc248fd4a5e1320c6cc2b4') in 0.008277 seconds 
Number of updated asset objects reloaded before import = 0
Number of asset objects unloaded after import = 4
========================================================================
Received Import Request.
  Time since last request: 0.000029 seconds.
  path: Assets/Dragon_ground_color.jpg
  artifactKey: Guid(f546bd65089ae7344a569b931eae994b) Importer(815301076,1909f56bfc062723c751e8b465ee728b)
Start importing Assets/Dragon_ground_color.jpg using Guid(f546bd65089ae7344a569b931eae994b) Importer(815301076,1909f56bfc062723c751e8b465ee728b)  -> (artifact id: '7c637d1378a5ee9c53f57a2265548578') in 0.091881 seconds 
Number of updated asset objects reloaded before import = 0
Number of asset objects unloaded after import = 2
========================================================================
Received Import Request.
  Time since last request: 0.000049 seconds.
  path: Assets/Effekseer/Example/Effects/592d2b0b560d5829.asset
  artifactKey: Guid(f90e0c8e6e063624ea7f8bdd4678855a) Importer(815301076,1909f56bfc062723c751e8b465ee728b)
Start importing Assets/Effekseer/Example/Effects/592d2b0b560d5829.asset using Guid(f90e0c8e6e063624ea7f8bdd4678855a) Importer(815301076,1909f56bfc062723c751e8b465ee728b)  -> (artifact id: '8a2a61b6938f2bc75791bb3c2a5d866a') in 0.003208 seconds 
Number of updated asset objects reloaded before import = 0
Number of asset objects unloaded after import = 1
========================================================================
Received Import Request.
  Time since last request: 0.000074 seconds.
  path: Assets/NewLayer 1.terrainlayer
  artifactKey: Guid(1397c41add270334c9cfc2cb7c459559) Importer(815301076,1909f56bfc062723c751e8b465ee728b)
Start importing Assets/NewLayer 1.terrainlayer using Guid(1397c41add270334c9cfc2cb7c459559) Importer(815301076,1909f56bfc062723c751e8b465ee728b)  -> (artifact id: '4d782973624ac88db50d8b1aee7e3c19') in 0.206025 seconds 
Number of updated asset objects reloaded before import = 0
Number of asset objects unloaded after import = 2
========================================================================
Received Import Request.
  Time since last request: 0.000042 seconds.
  path: Assets/NewLayer 5.terrainlayer
  artifactKey: Guid(e86fa93fc01589145a1e4b4ff15e878e) Importer(815301076,1909f56bfc062723c751e8b465ee728b)
Start importing Assets/NewLayer 5.terrainlayer using Guid(e86fa93fc01589145a1e4b4ff15e878e) Importer(815301076,1909f56bfc062723c751e8b465ee728b)  -> (artifact id: 'cc32901ba1c666381b44923732291270') in 0.088567 seconds 
Number of updated asset objects reloaded before import = 0
Number of asset objects unloaded after import = 4
========================================================================
Received Import Request.
  Time since last request: 0.000044 seconds.
  path: Assets/Dragon_Bump_Col2.jpg
  artifactKey: Guid(c953cacc90bd64f4f99d5a53a527002c) Importer(815301076,1909f56bfc062723c751e8b465ee728b)
Start importing Assets/Dragon_Bump_Col2.jpg using Guid(c953cacc90bd64f4f99d5a53a527002c) Importer(815301076,1909f56bfc062723c751e8b465ee728b)  -> (artifact id: '7e8f1f28752d53d2625923bc84ef448f') in 0.072645 seconds 
Number of updated asset objects reloaded before import = 0
Number of asset objects unloaded after import = 2
========================================================================
Received Import Request.
  Time since last request: 0.000233 seconds.
  path: Assets/Effekseer/Example/Effects/Simple_Sprite_BillBoard.asset
  artifactKey: Guid(876b1925990cc734184b590eb30bde16) Importer(815301076,1909f56bfc062723c751e8b465ee728b)
Start importing Assets/Effekseer/Example/Effects/Simple_Sprite_BillBoard.asset using Guid(876b1925990cc734184b590eb30bde16) Importer(815301076,1909f56bfc062723c751e8b465ee728b)  -> (artifact id: '8d1e6f24120178a0faac21036c2541b8') in 0.005732 seconds 
Number of updated asset objects reloaded before import = 0
Number of asset objects unloaded after import = 2
========================================================================
Received Import Request.
  Time since last request: 0.000040 seconds.
  path: Assets/Effekseer/Example/Effects/4.asset
  artifactKey: Guid(97a9ad82b3f08b84ca3306cbea40f8ca) Importer(815301076,1909f56bfc062723c751e8b465ee728b)
Start importing Assets/Effekseer/Example/Effects/4.asset using Guid(97a9ad82b3f08b84ca3306cbea40f8ca) Importer(815301076,1909f56bfc062723c751e8b465ee728b)  -> (artifact id: '26ecde5bfb457555e2e8e298264e157f') in 0.006810 seconds 
Number of updated asset objects reloaded before import = 0
Number of asset objects unloaded after import = 1
========================================================================
Received Import Request.
  Time since last request: 0.000269 seconds.
  path: Assets/Dragon_Nor_mirror2.jpg
  artifactKey: Guid(313a5da3122c9de4399adc8119d44d39) Importer(815301076,1909f56bfc062723c751e8b465ee728b)
Start importing Assets/Dragon_Nor_mirror2.jpg using Guid(313a5da3122c9de4399adc8119d44d39) Importer(815301076,1909f56bfc062723c751e8b465ee728b)  -> (artifact id: '8ded3cdeb932676778e87d9ec5ef434a') in 0.078112 seconds 
Number of updated asset objects reloaded before import = 0
Number of asset objects unloaded after import = 2
========================================================================
Received Import Request.
  Time since last request: 0.000448 seconds.
  path: Assets/Effekseer/Example/Effects/粒子.asset
  artifactKey: Guid(ac408fc9aa1780845ae20764e460f0ed) Importer(815301076,1909f56bfc062723c751e8b465ee728b)
Start importing Assets/Effekseer/Example/Effects/粒子.asset using Guid(ac408fc9aa1780845ae20764e460f0ed) Importer(815301076,1909f56bfc062723c751e8b465ee728b)  -> (artifact id: 'eb601a448c80476e0ade9e3c4324cd69') in 0.002714 seconds 
Number of updated asset objects reloaded before import = 0
Number of asset objects unloaded after import = 1
========================================================================
Received Import Request.
  Time since last request: 0.000556 seconds.
  path: Assets/NewBrush.brush
  artifactKey: Guid(ed8ce9af8680fb34fafa01aecaf014da) Importer(815301076,1909f56bfc062723c751e8b465ee728b)
Start importing Assets/NewBrush.brush using Guid(ed8ce9af8680fb34fafa01aecaf014da) Importer(815301076,1909f56bfc062723c751e8b465ee728b)  -> (artifact id: '655388ac3d2b7b71fd42f19a42f03c3d') in 0.015468 seconds 
Number of updated asset objects reloaded before import = 0
Number of asset objects unloaded after import = 1
========================================================================
Received Import Request.
  Time since last request: 0.000609 seconds.
  path: Assets/Effekseer/Example/Effects/改良２.asset
  artifactKey: Guid(d4a4d4889ad3bb24bbc2e34d42886a1c) Importer(815301076,1909f56bfc062723c751e8b465ee728b)
Start importing Assets/Effekseer/Example/Effects/改良２.asset using Guid(d4a4d4889ad3bb24bbc2e34d42886a1c) Importer(815301076,1909f56bfc062723c751e8b465ee728b)  -> (artifact id: '517b418b79e5ce0a19ed8c44ab4a0719') in 0.009525 seconds 
Number of updated asset objects reloaded before import = 0
Number of asset objects unloaded after import = 4
========================================================================
Received Import Request.
  Time since last request: 0.000105 seconds.
  path: Assets/Effekseer/Example/Effects/Simple_Sprite_Fixed.asset
  artifactKey: Guid(b632b33aad87c1f439b37bdc7cced97d) Importer(815301076,1909f56bfc062723c751e8b465ee728b)
Start importing Assets/Effekseer/Example/Effects/Simple_Sprite_Fixed.asset using Guid(b632b33aad87c1f439b37bdc7cced97d) Importer(815301076,1909f56bfc062723c751e8b465ee728b)  -> (artifact id: 'c77321e878188051b08b9c777b822330') in 0.012834 seconds 
Number of updated asset objects reloaded before import = 0
Number of asset objects unloaded after import = 2
========================================================================
Received Import Request.
  Time since last request: 0.000039 seconds.
  path: Assets/NewLayer 3.terrainlayer
  artifactKey: Guid(0bae5b3af0457c24a811d0b6505483c0) Importer(815301076,1909f56bfc062723c751e8b465ee728b)
Start importing Assets/NewLayer 3.terrainlayer using Guid(0bae5b3af0457c24a811d0b6505483c0) Importer(815301076,1909f56bfc062723c751e8b465ee728b)  -> (artifact id: '5639ce8574b2850d36bef968a2d6bcb6') in 0.037382 seconds 
Number of updated asset objects reloaded before import = 0
Number of asset objects unloaded after import = 2
========================================================================
Received Import Request.
  Time since last request: 0.000585 seconds.
  path: Assets/Scenes/NewLayer 1.terrainlayer
  artifactKey: Guid(f1d60e4da11d62c4db6bcdc3e72cbb71) Importer(815301076,1909f56bfc062723c751e8b465ee728b)
Start importing Assets/Scenes/NewLayer 1.terrainlayer using Guid(f1d60e4da11d62c4db6bcdc3e72cbb71) Importer(815301076,1909f56bfc062723c751e8b465ee728b)  -> (artifact id: '2f82f4baca58a5d8c90a3aa22c311aae') in 0.003935 seconds 
Number of updated asset objects reloaded before import = 0
Number of asset objects unloaded after import = 1
========================================================================
Received Import Request.
  Time since last request: 0.000200 seconds.
  path: Assets/BGE_Dragon_2.7_Animation_Only.fbx
  artifactKey: Guid(c158f326581f96f4491ef1fbbe5d56ae) Importer(815301076,1909f56bfc062723c751e8b465ee728b)
Start importing Assets/BGE_Dragon_2.7_Animation_Only.fbx using Guid(c158f326581f96f4491ef1fbbe5d56ae) Importer(815301076,1909f56bfc062723c751e8b465ee728b)  -> (artifact id: 'c65cbbb8dbe8ca7f0f2239556ea04c87') in 2.369520 seconds 
Number of updated asset objects reloaded before import = 0
Number of asset objects unloaded after import = 385
========================================================================
Received Prepare
Begin MonoManager ReloadAssembly
Symbol file LoadedFromMemory doesn't match image C:\3Dgame\NIR-A-game-\NIR-A-game-\Library\PackageCache\com.unity.visualscripting@1.8.0\Editor\VisualScripting.Core\Dependencies\YamlDotNet\Unity.VisualScripting.YamlDotNet.dll
Symbol file LoadedFromMemory doesn't match image C:\3Dgame\NIR-A-game-\NIR-A-game-\Library\PackageCache\com.unity.visualscripting@1.8.0\Editor\VisualScripting.Core\Dependencies\DotNetZip\Unity.VisualScripting.IonicZip.dll
- Loaded All Assemblies, in  5.563 seconds
Refreshing native plugins compatible for Editor in 10.37 ms, found 7 plugins.
Native extension for WindowsStandalone target not found
Native extension for Android target not found
Native extension for WebGL target not found
Error saving file Library/StateCache/LayerSettings/9e/9ecc5c3c162a7aba29bafa64c8b94b7c.json. Error: System.IO.IOException: Sharing violation on path C:\3Dgame\NIR-A-game-\NIR-A-game-\Library\StateCache\LayerSettings\9e\9ecc5c3c162a7aba29bafa64c8b94b7c.json
  at System.IO.FileStream..ctor (System.String path, System.IO.FileMode mode, System.IO.FileAccess access, System.IO.FileShare share, System.Int32 bufferSize, System.Boolean anonymous, System.IO.FileOptions options) [0x0019e] in <27586baf39bf4babbfd8a2caabe8e228>:0 
  at System.IO.FileStream..ctor (System.String path, System.IO.FileMode mode, System.IO.FileAccess access, System.IO.FileShare share, System.Int32 bufferSize, System.IO.FileOptions options) [0x00000] in <27586baf39bf4babbfd8a2caabe8e228>:0 
  at (wrapper remoting-invoke-with-check) System.IO.FileStream..ctor(string,System.IO.FileMode,System.IO.FileAccess,System.IO.FileShare,int,System.IO.FileOptions)
  at System.IO.StreamWriter..ctor (System.String path, System.Boolean append, System.Text.Encoding encoding, System.Int32 bufferSize) [0x00055] in <27586baf39bf4babbfd8a2caabe8e228>:0 
  at System.IO.StreamWriter..ctor (System.String path, System.Boolean append, System.Text.Encoding encoding) [0x00000] in <27586baf39bf4babbfd8a2caabe8e228>:0 
  at (wrapper remoting-invoke-with-check) System.IO.StreamWriter..ctor(string,bool,System.Text.Encoding)
  at System.IO.File.WriteAllText (System.String path, System.String contents, System.Text.Encoding encoding) [0x00034] in <27586baf39bf4babbfd8a2caabe8e228>:0 
  at UnityEditor.StateCache`1[T].SetState (UnityEngine.Hash128 key, T obj) [0x0004b] in <ae93fefe62eb49e6b9ef3807ffd33dc7>:0 
UnityEngine.StackTraceUtility:ExtractStackTrace ()
UnityEngine.DebugLogHandler:LogFormat (UnityEngine.LogType,UnityEngine.Object,string,object[])
UnityEngine.Logger:Log (UnityEngine.LogType,object)
UnityEngine.Debug:LogError (object)
UnityEditor.StateCache`1<UnityEditor.Tools/LayerSettings>:SetState (UnityEngine.Hash128,UnityEditor.Tools/LayerSettings)
UnityEditor.Tools:set_lockedLayers (int)
UnityEditor.Tools:OnEnable ()
UnityEngine.ScriptableObject:CreateInstance (System.Type)
UnityEngine.ScriptableObject:CreateInstance<UnityEditor.Tools> ()
UnityEditor.Tools:get_get ()
UnityEditor.Tools:get_visibleLayers ()
UnityEditor.Animations.Rigging.BoneRendererUtils:.cctor () (at ./Library/PackageCache/com.unity.animation.rigging@1.2.1/Editor/Utils/BoneRendererUtils.cs:121)
System.Runtime.CompilerServices.RuntimeHelpers:RunClassConstructor (System.RuntimeTypeHandle)
UnityEditor.EditorAssemblies:ProcessInitializeOnLoadAttributes (System.Type[])

(Filename: ./Library/PackageCache/com.unity.animation.rigging@1.2.1/Editor/Utils/BoneRendererUtils.cs Line: 121)

[MODES] ModeService[none].Initialize
[MODES] ModeService[none].LoadModes
[MODES] Loading mode Default (0) for mode-current-id-New main project
Mono: successfully reloaded assembly
- Finished resetting the current domain, in  3.349 seconds
Domain Reload Profiling:
	ReloadAssembly (1795ms)
		BeginReloadAssembly (1641ms)
			ExecutionOrderSort (0ms)
			DisableScriptedObjects (192ms)
			BackupInstance (0ms)
			ReleaseScriptingObjects (1ms)
			CreateAndSetChildDomain (1004ms)
		LoadAllAssembliesAndSetupDomain (3765ms)
			LoadAssemblies (3582ms)
			RebuildTransferFunctionScriptingTraits (0ms)
			SetupTypeCache (438ms)
				TypeCache.Initialize (386ms)
					TypeCache.ScanAssembly (355ms)
				ResolveRequiredComponents (26ms)
		FinalizeReload (0ms)
			ReleaseScriptCaches (0ms)
			RebuildScriptCaches (0ms)
			SetupLoadedEditorAssemblies (999ms)
				LogAssemblyErrors (0ms)
				InitializePlatformSupportModulesInManaged (24ms)
				SetLoadedEditorAssemblies (6ms)
				RefreshPlugins (0ms)
				BeforeProcessingInitializeOnLoad (91ms)
				ProcessInitializeOnLoadAttributes (802ms)
				ProcessInitializeOnLoadMethodAttributes (70ms)
				AfterProcessingInitializeOnLoad (5ms)
				EditorAssembliesLoaded (1ms)
			ExecutionOrderSort2 (0ms)
			AwakeInstancesAfterBackupRestoration (26ms)
Shader 'IL3DN/Leaf': fallback shader 'False' not found
Shader 'IL3DN/Branch': fallback shader 'False' not found
Refreshing native plugins compatible for Editor in 8.10 ms, found 7 plugins.
Preloading 0 native plugins for Editor in 0.00 ms.
Unloading 6785 Unused Serialized files (Serialized files now loaded: 0)
Unloading 76 unused Assets / (2.3 MB). Loaded Objects now: 7613.
Memory consumption went from 250.6 MB to 248.2 MB.
Total: 11.632800 ms (FindLiveObjects: 0.993400 ms CreateObjectMapping: 0.470500 ms MarkObjects: 8.061300 ms  DeleteObjects: 2.105800 ms)

Prepare: number of updated asset objects reloaded= 0
AssetImportParameters requested are different than current active one (requested -> active):
  custom:container-demuxer-ogg: 62fdf1f143b41e24485cea50d1cbac27 -> 
  custom:framework-win-MediaFoundation: 216162199b28c13a410421893ffa2e32 -> 
  custom:container-muxer-webm: aa71ff27fc2769a1b78a27578f13a17b -> 
  custom:video-decoder-webm-vp8: 9c59270c3fd7afecdb556c50c9e8de78 -> 
  custom:AudioImporter_EditorPlatform: d09bf68614088b80899f8185d706f6e7 -> 
  custom:audio-decoder-ogg-vorbis: bf7c407c2cedff20999df2af8eb42d56 -> 
  custom:audio-encoder-webm-vorbis: bf7c407c2cedff20999df2af8eb42d56 -> 
  custom:video-codec-MediaFoundation-h265: 746d11721c4dcdbdad8f713fa42b33f4 -> 
  custom:video-decoder-ogg-theora: a1e56fd34408186e4bbccfd4996cb3dc -> 
  custom:container-demuxer-webm: 4f35f7cbe854078d1ac9338744f61a02 -> 
  custom:video-encoder-webm-vp8: eb34c28f22e8b96e1ab97ce403110664 -> 
========================================================================
Received Import Request.
  Time since last request: 620.451005 seconds.
  path: Assets/Scenes/ゲーム制作物理部.unity
  artifactKey: Guid(c71d64d363823b745b4a4b7eb793bb8c) Importer(815301076,1909f56bfc062723c751e8b465ee728b)
Start importing Assets/Scenes/ゲーム制作物理部.unity using Guid(c71d64d363823b745b4a4b7eb793bb8c) Importer(815301076,1909f56bfc062723c751e8b465ee728b)  -> (artifact id: '94380812725e8a665e813fb2b1678efd') in 0.004560 seconds 
Number of updated asset objects reloaded before import = 0
Number of asset objects unloaded after import = 0
========================================================================
Received Prepare
Shader 'IL3DN/Leaf': fallback shader 'False' not found
Shader 'IL3DN/Branch': fallback shader 'False' not found
Refreshing native plugins compatible for Editor in 27.40 ms, found 7 plugins.
Preloading 0 native plugins for Editor in 0.00 ms.
Unloading 18 Unused Serialized files (Serialized files now loaded: 0)
Unloading 18 unused Assets / (2.3 MB). Loaded Objects now: 7613.
Memory consumption went from 142.4 MB to 140.1 MB.
Total: 292.378200 ms (FindLiveObjects: 7.867900 ms CreateObjectMapping: 0.472900 ms MarkObjects: 280.481000 ms  DeleteObjects: 3.262600 ms)

Prepare: number of updated asset objects reloaded= 0
AssetImportParameters requested are different than current active one (requested -> active):
  custom:container-demuxer-ogg: 62fdf1f143b41e24485cea50d1cbac27 -> 
  custom:framework-win-MediaFoundation: 216162199b28c13a410421893ffa2e32 -> 
  custom:container-muxer-webm: aa71ff27fc2769a1b78a27578f13a17b -> 
  custom:video-decoder-webm-vp8: 9c59270c3fd7afecdb556c50c9e8de78 -> 
  custom:AudioImporter_EditorPlatform: d09bf68614088b80899f8185d706f6e7 -> 
  custom:audio-decoder-ogg-vorbis: bf7c407c2cedff20999df2af8eb42d56 -> 
  custom:audio-encoder-webm-vorbis: bf7c407c2cedff20999df2af8eb42d56 -> 
  custom:video-codec-MediaFoundation-h265: 746d11721c4dcdbdad8f713fa42b33f4 -> 
  custom:video-decoder-ogg-theora: a1e56fd34408186e4bbccfd4996cb3dc -> 
  custom:container-demuxer-webm: 4f35f7cbe854078d1ac9338744f61a02 -> 
  custom:video-encoder-webm-vp8: eb34c28f22e8b96e1ab97ce403110664 -> 
